[0.087s] Invoking command in '/home/kvvnbs/BuckeyeVerticalSoftwareV2/build/px4_ros_com': CMAKE_PREFIX_PATH=/home/kvvnbs/BuckeyeVerticalSoftwareV2/install/px4_msgs:/home/kvvnbs/BuckeyeVerticalSoftwareV2/install/px4_ros_com:/opt/ros/humble LD_LIBRARY_PATH=/home/kvvnbs/BuckeyeVerticalSoftwareV2/install/px4_msgs/lib:/home/kvvnbs/BuckeyeVerticalSoftwareV2/install/px4_ros_com/lib:/opt/ros/humble/opt/rviz_ogre_vendor/lib:/opt/ros/humble/lib/x86_64-linux-gnu:/opt/ros/humble/lib /usr/bin/cmake --build /home/kvvnbs/BuckeyeVerticalSoftwareV2/build/px4_ros_com -- -j16 -l16
[0.124s] [35m[1mConsolidate compiler generated dependencies of target traj_test_copy[0m
[0.127s] [  0%] Built target ament_cmake_python_copy_px4_ros_com
[0.128s] [ 11%] Built target frame_transforms
[0.133s] [ 41%] Built target test_trajectory
[0.133s] [ 70%] Built target traj_test
[0.147s] [ 76%] [32mBuilding CXX object CMakeFiles/traj_test_copy.dir/src/traj_test_copy.cpp.o[0m
[0.147s] [ 82%] [32mBuilding CXX object CMakeFiles/traj_test_copy.dir/src/motionProfiling.cpp.o[0m
[0.348s] running egg_info
[0.349s] writing px4_ros_com.egg-info/PKG-INFO
[0.350s] writing dependency_links to px4_ros_com.egg-info/dependency_links.txt
[0.350s] writing top-level names to px4_ros_com.egg-info/top_level.txt
[0.352s] reading manifest file 'px4_ros_com.egg-info/SOURCES.txt'
[0.353s] writing manifest file 'px4_ros_com.egg-info/SOURCES.txt'
[0.372s] [ 82%] Built target ament_cmake_python_build_px4_ros_com_egg
[2.876s] In file included from [01m[K/home/kvvnbs/BuckeyeVerticalSoftwareV2/src/px4_ros_com/src/motionProfiling.cpp:1[m[K:
[2.876s] [01m[K/home/kvvnbs/BuckeyeVerticalSoftwareV2/src/px4_ros_com/include/motionProfiling.h:23:11:[m[K [01;31m[Kerror: [m[Kexpected â€˜[01m[K;[m[Kâ€™ at end of member declaration
[2.876s]    23 |     float [01;31m[KvScale[m[K
[2.876s]       |           [01;31m[K^~~~~~[m[K
[2.876s]       |                 [32m[K;[m[K
[2.879s] [01m[K/home/kvvnbs/BuckeyeVerticalSoftwareV2/src/px4_ros_com/src/motionProfiling.cpp:[m[K In member function â€˜[01m[Kfloat MotionProfiling::getTimeScaledParameter(float) const[m[Kâ€™:
[2.879s] [01m[K/home/kvvnbs/BuckeyeVerticalSoftwareV2/src/px4_ros_com/src/motionProfiling.cpp:26:16:[m[K [01;31m[Kerror: [m[Kassignment of member â€˜[01m[KMotionProfiling::vScale[m[Kâ€™ in read-only object
[2.879s]    26 |         [01;31m[KvScale = a * t[m[K;
[2.879s]       |         [01;31m[K~~~~~~~^~~~~~~[m[K
[2.879s] [01m[K/home/kvvnbs/BuckeyeVerticalSoftwareV2/src/px4_ros_com/src/motionProfiling.cpp:33:16:[m[K [01;31m[Kerror: [m[Kassignment of member â€˜[01m[KMotionProfiling::vScale[m[Kâ€™ in read-only object
[2.879s]    33 |         [01;31m[KvScale = vmax[m[K;
[2.879s]       |         [01;31m[K~~~~~~~^~~~~~[m[K
[2.880s] [01m[K/home/kvvnbs/BuckeyeVerticalSoftwareV2/src/px4_ros_com/src/motionProfiling.cpp:39:16:[m[K [01;31m[Kerror: [m[Kassignment of member â€˜[01m[KMotionProfiling::vScale[m[Kâ€™ in read-only object
[2.880s]    39 |         [01;31m[KvScale = a * t[m[K;
[2.880s]       |         [01;31m[K~~~~~~~^~~~~~~[m[K
[2.880s] [01m[K/home/kvvnbs/BuckeyeVerticalSoftwareV2/src/px4_ros_com/src/motionProfiling.cpp:46:12:[m[K [01;31m[Kerror: [m[Kassignment of member â€˜[01m[KMotionProfiling::vScale[m[Kâ€™ in read-only object
[2.880s]    46 |     [01;31m[KvScale = vScale / vmax[m[K
[2.880s]       |     [01;31m[K~~~~~~~^~~~~~~~~~~~~~~[m[K
[2.880s] [01m[K/home/kvvnbs/BuckeyeVerticalSoftwareV2/src/px4_ros_com/src/motionProfiling.cpp:[m[K In member function â€˜[01m[Kfloat MotionProfiling::getvScale()[m[Kâ€™:
[2.880s] [01m[K/home/kvvnbs/BuckeyeVerticalSoftwareV2/src/px4_ros_com/src/motionProfiling.cpp:54:18:[m[K [01;31m[Kerror: [m[Kexpected â€˜[01m[K;[m[Kâ€™ before â€˜[01m[K}[m[Kâ€™ token
[2.880s]    54 |     return vScale
[2.880s]       |                  [01;31m[K^[m[K
[2.880s]       |                  [32m[K;[m[K
[2.880s]    55 | [32m[K}[m[K
[2.880s]       | [32m[K~[m[K                 
[2.880s] [01m[K/home/kvvnbs/BuckeyeVerticalSoftwareV2/src/px4_ros_com/src/motionProfiling.cpp:[m[K At global scope:
[2.880s] [01m[K/home/kvvnbs/BuckeyeVerticalSoftwareV2/src/px4_ros_com/src/motionProfiling.cpp:57:17:[m[K [01;31m[Kerror: [m[Kâ€˜[01m[KMotiionProfiling[m[Kâ€™ has not been declared
[2.880s]    57 | Eigen::Vector3f [01;31m[KMotiionProfiling[m[K::getVelocity(){
[2.880s]       |                 [01;31m[K^~~~~~~~~~~~~~~~[m[K
[2.898s] [01m[K/home/kvvnbs/BuckeyeVerticalSoftwareV2/src/px4_ros_com/src/motionProfiling.cpp:[m[K In function â€˜[01m[KEigen::Vector3f getVelocity()[m[Kâ€™:
[2.898s] [01m[K/home/kvvnbs/BuckeyeVerticalSoftwareV2/src/px4_ros_com/src/motionProfiling.cpp:59:14:[m[K [01;31m[Kerror: [m[Kâ€˜[01m[Kwaypoints[m[Kâ€™ was not declared in this scope
[2.898s]    59 |     return (([01;31m[Kwaypoints[m[K->at(1) - waypoints->at(0))/calculateLineLength()) * vScale
[2.898s]       |              [01;31m[K^~~~~~~~~[m[K
[2.905s] [01m[K/home/kvvnbs/BuckeyeVerticalSoftwareV2/src/px4_ros_com/src/motionProfiling.cpp:59:51:[m[K [01;31m[Kerror: [m[Kâ€˜[01m[KcalculateLineLength[m[Kâ€™ was not declared in this scope
[2.905s]    59 |     return ((waypoints->at(1) - waypoints->at(0))/[01;31m[KcalculateLineLength[m[K()) * vScale
[2.905s]       |                                                   [01;31m[K^~~~~~~~~~~~~~~~~~~[m[K
[2.908s] [01m[K/home/kvvnbs/BuckeyeVerticalSoftwareV2/src/px4_ros_com/src/motionProfiling.cpp:59:76:[m[K [01;31m[Kerror: [m[Kâ€˜[01m[KvScale[m[Kâ€™ was not declared in this scope
[2.908s]    59 |     return ((waypoints->at(1) - waypoints->at(0))/calculateLineLength()) * [01;31m[KvScale[m[K
[2.908s]       |                                                                            [01;31m[K^~~~~~[m[K
[2.908s] [01m[K/home/kvvnbs/BuckeyeVerticalSoftwareV2/src/px4_ros_com/src/motionProfiling.cpp:59:82:[m[K [01;31m[Kerror: [m[Kexpected â€˜[01m[K;[m[Kâ€™ before â€˜[01m[K}[m[Kâ€™ token
[2.908s]    59 |     return ((waypoints->at(1) - waypoints->at(0))/calculateLineLength()) * vScale
[2.908s]       |                                                                                  [01;31m[K^[m[K
[2.908s]       |                                                                                  [32m[K;[m[K
[2.908s]    60 | 
[2.908s]    61 | [32m[K}[m[K
[2.909s]       | [32m[K~[m[K                                                                                 
[2.985s] In file included from [01m[K/home/kvvnbs/BuckeyeVerticalSoftwareV2/src/px4_ros_com/src/traj_test_copy.cpp:10[m[K:
[2.985s] [01m[K/home/kvvnbs/BuckeyeVerticalSoftwareV2/src/px4_ros_com/include/motionProfiling.h:23:11:[m[K [01;31m[Kerror: [m[Kexpected â€˜[01m[K;[m[Kâ€™ at end of member declaration
[2.985s]    23 |     float [01;31m[KvScale[m[K
[2.985s]       |           [01;31m[K^~~~~~[m[K
[2.985s]       |                 [32m[K;[m[K
[3.436s] [01m[K/home/kvvnbs/BuckeyeVerticalSoftwareV2/src/px4_ros_com/src/traj_test_copy.cpp:[m[K In member function â€˜[01m[Kvoid OffboardControl::publish_trajectory_setpoint(float)[m[Kâ€™:
[3.437s] [01m[K/home/kvvnbs/BuckeyeVerticalSoftwareV2/src/px4_ros_com/src/traj_test_copy.cpp:289:48:[m[K [01;31m[Kerror: [m[Kno matching function for call to â€˜[01m[KMotionProfiling::getVelocity()[m[Kâ€™
[3.437s]   289 |     Eigen::Vector3f vel = [01;31m[KcurrTraj->getVelocity()[m[K;
[3.437s]       |                           [01;31m[K~~~~~~~~~~~~~~~~~~~~~^~[m[K
[3.437s] In file included from [01m[K/home/kvvnbs/BuckeyeVerticalSoftwareV2/src/px4_ros_com/src/traj_test_copy.cpp:10[m[K:
[3.437s] [01m[K/home/kvvnbs/BuckeyeVerticalSoftwareV2/src/px4_ros_com/include/motionProfiling.h:40:21:[m[K [01;36m[Knote: [m[Kcandidate: â€˜[01m[KEigen::Vector3f MotionProfiling::getVelocity(float)[m[Kâ€™
[3.437s]    40 |     Eigen::Vector3f [01;36m[KgetVelocity[m[K(float vScale);
[3.437s]       |                     [01;36m[K^~~~~~~~~~~[m[K
[3.438s] [01m[K/home/kvvnbs/BuckeyeVerticalSoftwareV2/src/px4_ros_com/include/motionProfiling.h:40:21:[m[K [01;36m[Knote: [m[K  candidate expects 1 argument, 0 provided
[3.804s] [01m[K/home/kvvnbs/BuckeyeVerticalSoftwareV2/src/px4_ros_com/src/motionProfiling.cpp:[m[K In member function â€˜[01m[Kfloat MotionProfiling::getTimeScaledParameter(float) const[m[Kâ€™:
[3.805s] [01m[K/home/kvvnbs/BuckeyeVerticalSoftwareV2/src/px4_ros_com/src/motionProfiling.cpp:49:1:[m[K [01;35m[Kwarning: [m[Kcontrol reaches end of non-void function [[01;35m[K]8;;https://gcc.gnu.org/onlinedocs/gcc/Warning-Options.html#index-Wreturn-type-Wreturn-type]8;;[m[K]
[3.805s]    49 | [01;35m[K}[m[K
[3.805s]       | [01;35m[K^[m[K
[3.846s] gmake[2]: *** [CMakeFiles/traj_test_copy.dir/build.make:90: CMakeFiles/traj_test_copy.dir/src/motionProfiling.cpp.o] Error 1
[3.846s] gmake[2]: *** Waiting for unfinished jobs....
[6.405s] gmake[2]: *** [CMakeFiles/traj_test_copy.dir/build.make:76: CMakeFiles/traj_test_copy.dir/src/traj_test_copy.cpp.o] Error 1
[6.406s] gmake[1]: *** [CMakeFiles/Makefile2:198: CMakeFiles/traj_test_copy.dir/all] Error 2
[6.406s] gmake: *** [Makefile:146: all] Error 2
[6.410s] Invoked command in '/home/kvvnbs/BuckeyeVerticalSoftwareV2/build/px4_ros_com' returned '2': CMAKE_PREFIX_PATH=/home/kvvnbs/BuckeyeVerticalSoftwareV2/install/px4_msgs:/home/kvvnbs/BuckeyeVerticalSoftwareV2/install/px4_ros_com:/opt/ros/humble LD_LIBRARY_PATH=/home/kvvnbs/BuckeyeVerticalSoftwareV2/install/px4_msgs/lib:/home/kvvnbs/BuckeyeVerticalSoftwareV2/install/px4_ros_com/lib:/opt/ros/humble/opt/rviz_ogre_vendor/lib:/opt/ros/humble/lib/x86_64-linux-gnu:/opt/ros/humble/lib /usr/bin/cmake --build /home/kvvnbs/BuckeyeVerticalSoftwareV2/build/px4_ros_com -- -j16 -l16
