[0.084s] Invoking command in '/home/kvvnbs/BuckeyeVerticalSoftwareV2/build/px4_ros_com': CMAKE_PREFIX_PATH=/home/kvvnbs/BuckeyeVerticalSoftwareV2/install/px4_msgs:/home/kvvnbs/BuckeyeVerticalSoftwareV2/install/px4_ros_com:/opt/ros/humble LD_LIBRARY_PATH=/home/kvvnbs/BuckeyeVerticalSoftwareV2/install/px4_msgs/lib:/home/kvvnbs/BuckeyeVerticalSoftwareV2/install/px4_ros_com/lib:/opt/ros/humble/opt/rviz_ogre_vendor/lib:/opt/ros/humble/lib/x86_64-linux-gnu:/opt/ros/humble/lib /usr/bin/cmake --build /home/kvvnbs/BuckeyeVerticalSoftwareV2/build/px4_ros_com -- -j16 -l16
[0.113s] [35m[1mConsolidate compiler generated dependencies of target traj_test_copy[0m
[0.119s] [ 11%] Built target frame_transforms
[0.122s] [ 11%] Built target ament_cmake_python_copy_px4_ros_com
[0.122s] [ 41%] Built target traj_test
[0.125s] [ 70%] Built target test_trajectory
[0.131s] [ 76%] [32mBuilding CXX object CMakeFiles/traj_test_copy.dir/src/traj_test_copy.cpp.o[0m
[0.131s] [ 82%] [32mBuilding CXX object CMakeFiles/traj_test_copy.dir/src/motionProfiling.cpp.o[0m
[0.344s] running egg_info
[0.344s] writing px4_ros_com.egg-info/PKG-INFO
[0.344s] writing dependency_links to px4_ros_com.egg-info/dependency_links.txt
[0.344s] writing top-level names to px4_ros_com.egg-info/top_level.txt
[0.346s] reading manifest file 'px4_ros_com.egg-info/SOURCES.txt'
[0.347s] writing manifest file 'px4_ros_com.egg-info/SOURCES.txt'
[0.365s] [ 82%] Built target ament_cmake_python_build_px4_ros_com_egg
[2.347s] [01m[K/home/kvvnbs/BuckeyeVerticalSoftwareV2/src/px4_ros_com/src/motionProfiling.cpp:[m[K In member function â€˜[01m[Kfloat MotionProfiling::getTimeScaledParameter(float) const[m[Kâ€™:
[2.348s] [01m[K/home/kvvnbs/BuckeyeVerticalSoftwareV2/src/px4_ros_com/src/motionProfiling.cpp:26:16:[m[K [01;31m[Kerror: [m[Kassignment of member â€˜[01m[KMotionProfiling::vScale[m[Kâ€™ in read-only object
[2.348s]    26 |         [01;31m[KvScale = a * t[m[K;
[2.348s]       |         [01;31m[K~~~~~~~^~~~~~~[m[K
[2.348s] [01m[K/home/kvvnbs/BuckeyeVerticalSoftwareV2/src/px4_ros_com/src/motionProfiling.cpp:33:16:[m[K [01;31m[Kerror: [m[Kassignment of member â€˜[01m[KMotionProfiling::vScale[m[Kâ€™ in read-only object
[2.348s]    33 |         [01;31m[KvScale = vmax[m[K;
[2.348s]       |         [01;31m[K~~~~~~~^~~~~~[m[K
[2.348s] [01m[K/home/kvvnbs/BuckeyeVerticalSoftwareV2/src/px4_ros_com/src/motionProfiling.cpp:39:16:[m[K [01;31m[Kerror: [m[Kassignment of member â€˜[01m[KMotionProfiling::vScale[m[Kâ€™ in read-only object
[2.349s]    39 |         [01;31m[KvScale = a * t[m[K;
[2.349s]       |         [01;31m[K~~~~~~~^~~~~~~[m[K
[2.349s] [01m[K/home/kvvnbs/BuckeyeVerticalSoftwareV2/src/px4_ros_com/src/motionProfiling.cpp:46:12:[m[K [01;31m[Kerror: [m[Kassignment of member â€˜[01m[KMotionProfiling::vScale[m[Kâ€™ in read-only object
[2.349s]    46 |     [01;31m[KvScale = vScale / vmax[m[K
[2.349s]       |     [01;31m[K~~~~~~~^~~~~~~~~~~~~~~[m[K
[2.349s] [01m[K/home/kvvnbs/BuckeyeVerticalSoftwareV2/src/px4_ros_com/src/motionProfiling.cpp:[m[K In member function â€˜[01m[Kfloat MotionProfiling::getvScale()[m[Kâ€™:
[2.349s] [01m[K/home/kvvnbs/BuckeyeVerticalSoftwareV2/src/px4_ros_com/src/motionProfiling.cpp:54:18:[m[K [01;31m[Kerror: [m[Kexpected â€˜[01m[K;[m[Kâ€™ before â€˜[01m[K}[m[Kâ€™ token
[2.349s]    54 |     return vScale
[2.349s]       |                  [01;31m[K^[m[K
[2.349s]       |                  [32m[K;[m[K
[2.349s]    55 | [32m[K}[m[K
[2.349s]       | [32m[K~[m[K                 
[2.349s] [01m[K/home/kvvnbs/BuckeyeVerticalSoftwareV2/src/px4_ros_com/src/motionProfiling.cpp:[m[K At global scope:
[2.349s] [01m[K/home/kvvnbs/BuckeyeVerticalSoftwareV2/src/px4_ros_com/src/motionProfiling.cpp:57:17:[m[K [01;31m[Kerror: [m[Kâ€˜[01m[KMotiionProfiling[m[Kâ€™ has not been declared
[2.349s]    57 | Eigen::Vector3f [01;31m[KMotiionProfiling[m[K::getVelocity(){
[2.349s]       |                 [01;31m[K^~~~~~~~~~~~~~~~[m[K
[2.363s] [01m[K/home/kvvnbs/BuckeyeVerticalSoftwareV2/src/px4_ros_com/src/motionProfiling.cpp:[m[K In function â€˜[01m[KEigen::Vector3f getVelocity()[m[Kâ€™:
[2.363s] [01m[K/home/kvvnbs/BuckeyeVerticalSoftwareV2/src/px4_ros_com/src/motionProfiling.cpp:59:14:[m[K [01;31m[Kerror: [m[Kâ€˜[01m[Kwaypoints[m[Kâ€™ was not declared in this scope
[2.363s]    59 |     return (([01;31m[Kwaypoints[m[K->at(1) - waypoints->at(0))/calculateLineLength()) * vScale
[2.363s]       |              [01;31m[K^~~~~~~~~[m[K
[2.369s] [01m[K/home/kvvnbs/BuckeyeVerticalSoftwareV2/src/px4_ros_com/src/motionProfiling.cpp:59:51:[m[K [01;31m[Kerror: [m[Kâ€˜[01m[KcalculateLineLength[m[Kâ€™ was not declared in this scope
[2.369s]    59 |     return ((waypoints->at(1) - waypoints->at(0))/[01;31m[KcalculateLineLength[m[K()) * vScale
[2.369s]       |                                                   [01;31m[K^~~~~~~~~~~~~~~~~~~[m[K
[2.372s] [01m[K/home/kvvnbs/BuckeyeVerticalSoftwareV2/src/px4_ros_com/src/motionProfiling.cpp:59:76:[m[K [01;31m[Kerror: [m[Kâ€˜[01m[KvScale[m[Kâ€™ was not declared in this scope
[2.372s]    59 |     return ((waypoints->at(1) - waypoints->at(0))/calculateLineLength()) * [01;31m[KvScale[m[K
[2.372s]       |                                                                            [01;31m[K^~~~~~[m[K
[2.372s] [01m[K/home/kvvnbs/BuckeyeVerticalSoftwareV2/src/px4_ros_com/src/motionProfiling.cpp:59:82:[m[K [01;31m[Kerror: [m[Kexpected â€˜[01m[K;[m[Kâ€™ before â€˜[01m[K}[m[Kâ€™ token
[2.372s]    59 |     return ((waypoints->at(1) - waypoints->at(0))/calculateLineLength()) * vScale
[2.372s]       |                                                                                  [01;31m[K^[m[K
[2.372s]       |                                                                                  [32m[K;[m[K
[2.372s]    60 | 
[2.372s]    61 | [32m[K}[m[K
[2.372s]       | [32m[K~[m[K                                                                                 
[3.302s] [01m[K/home/kvvnbs/BuckeyeVerticalSoftwareV2/src/px4_ros_com/src/motionProfiling.cpp:[m[K In member function â€˜[01m[Kfloat MotionProfiling::getTimeScaledParameter(float) const[m[Kâ€™:
[3.302s] [01m[K/home/kvvnbs/BuckeyeVerticalSoftwareV2/src/px4_ros_com/src/motionProfiling.cpp:49:1:[m[K [01;35m[Kwarning: [m[Kcontrol reaches end of non-void function [[01;35m[K]8;;https://gcc.gnu.org/onlinedocs/gcc/Warning-Options.html#index-Wreturn-type-Wreturn-type]8;;[m[K]
[3.302s]    49 | [01;35m[K}[m[K
[3.302s]       | [01;35m[K^[m[K
[3.341s] gmake[2]: *** [CMakeFiles/traj_test_copy.dir/build.make:90: CMakeFiles/traj_test_copy.dir/src/motionProfiling.cpp.o] Error 1
[3.341s] gmake[2]: *** Waiting for unfinished jobs....
[10.091s] gmake[1]: *** [CMakeFiles/Makefile2:198: CMakeFiles/traj_test_copy.dir/all] Error 2
[10.091s] gmake: *** [Makefile:146: all] Error 2
[10.094s] Invoked command in '/home/kvvnbs/BuckeyeVerticalSoftwareV2/build/px4_ros_com' returned '2': CMAKE_PREFIX_PATH=/home/kvvnbs/BuckeyeVerticalSoftwareV2/install/px4_msgs:/home/kvvnbs/BuckeyeVerticalSoftwareV2/install/px4_ros_com:/opt/ros/humble LD_LIBRARY_PATH=/home/kvvnbs/BuckeyeVerticalSoftwareV2/install/px4_msgs/lib:/home/kvvnbs/BuckeyeVerticalSoftwareV2/install/px4_ros_com/lib:/opt/ros/humble/opt/rviz_ogre_vendor/lib:/opt/ros/humble/lib/x86_64-linux-gnu:/opt/ros/humble/lib /usr/bin/cmake --build /home/kvvnbs/BuckeyeVerticalSoftwareV2/build/px4_ros_com -- -j16 -l16
