In file included from [01m[K/home/kvvnbs/BuckeyeVerticalSoftwareV2/src/px4_ros_com/src/motionProfiling.cpp:1[m[K:
[01m[K/home/kvvnbs/BuckeyeVerticalSoftwareV2/src/px4_ros_com/include/motionProfiling.h:23:11:[m[K [01;31m[Kerror: [m[Kexpected â€˜[01m[K;[m[Kâ€™ at end of member declaration
   23 |     float [01;31m[KvScale[m[K
      |           [01;31m[K^~~~~~[m[K
      |                 [32m[K;[m[K
[01m[K/home/kvvnbs/BuckeyeVerticalSoftwareV2/src/px4_ros_com/src/motionProfiling.cpp:[m[K In member function â€˜[01m[Kfloat MotionProfiling::getTimeScaledParameter(float) const[m[Kâ€™:
[01m[K/home/kvvnbs/BuckeyeVerticalSoftwareV2/src/px4_ros_com/src/motionProfiling.cpp:26:16:[m[K [01;31m[Kerror: [m[Kassignment of member â€˜[01m[KMotionProfiling::vScale[m[Kâ€™ in read-only object
   26 |         [01;31m[KvScale = a * t[m[K;
      |         [01;31m[K~~~~~~~^~~~~~~[m[K
[01m[K/home/kvvnbs/BuckeyeVerticalSoftwareV2/src/px4_ros_com/src/motionProfiling.cpp:33:16:[m[K [01;31m[Kerror: [m[Kassignment of member â€˜[01m[KMotionProfiling::vScale[m[Kâ€™ in read-only object
   33 |         [01;31m[KvScale = vmax[m[K;
      |         [01;31m[K~~~~~~~^~~~~~[m[K
[01m[K/home/kvvnbs/BuckeyeVerticalSoftwareV2/src/px4_ros_com/src/motionProfiling.cpp:39:16:[m[K [01;31m[Kerror: [m[Kassignment of member â€˜[01m[KMotionProfiling::vScale[m[Kâ€™ in read-only object
   39 |         [01;31m[KvScale = a * t[m[K;
      |         [01;31m[K~~~~~~~^~~~~~~[m[K
[01m[K/home/kvvnbs/BuckeyeVerticalSoftwareV2/src/px4_ros_com/src/motionProfiling.cpp:46:12:[m[K [01;31m[Kerror: [m[Kassignment of member â€˜[01m[KMotionProfiling::vScale[m[Kâ€™ in read-only object
   46 |     [01;31m[KvScale = vScale / vmax[m[K
      |     [01;31m[K~~~~~~~^~~~~~~~~~~~~~~[m[K
[01m[K/home/kvvnbs/BuckeyeVerticalSoftwareV2/src/px4_ros_com/src/motionProfiling.cpp:[m[K In member function â€˜[01m[Kfloat MotionProfiling::getvScale()[m[Kâ€™:
[01m[K/home/kvvnbs/BuckeyeVerticalSoftwareV2/src/px4_ros_com/src/motionProfiling.cpp:54:18:[m[K [01;31m[Kerror: [m[Kexpected â€˜[01m[K;[m[Kâ€™ before â€˜[01m[K}[m[Kâ€™ token
   54 |     return vScale
      |                  [01;31m[K^[m[K
      |                  [32m[K;[m[K
   55 | [32m[K}[m[K
      | [32m[K~[m[K                 
[01m[K/home/kvvnbs/BuckeyeVerticalSoftwareV2/src/px4_ros_com/src/motionProfiling.cpp:[m[K At global scope:
[01m[K/home/kvvnbs/BuckeyeVerticalSoftwareV2/src/px4_ros_com/src/motionProfiling.cpp:57:17:[m[K [01;31m[Kerror: [m[Kâ€˜[01m[KMotiionProfiling[m[Kâ€™ has not been declared
   57 | Eigen::Vector3f [01;31m[KMotiionProfiling[m[K::getVelocity(){
      |                 [01;31m[K^~~~~~~~~~~~~~~~[m[K
[01m[K/home/kvvnbs/BuckeyeVerticalSoftwareV2/src/px4_ros_com/src/motionProfiling.cpp:[m[K In function â€˜[01m[KEigen::Vector3f getVelocity()[m[Kâ€™:
[01m[K/home/kvvnbs/BuckeyeVerticalSoftwareV2/src/px4_ros_com/src/motionProfiling.cpp:59:14:[m[K [01;31m[Kerror: [m[Kâ€˜[01m[Kwaypoints[m[Kâ€™ was not declared in this scope
   59 |     return (([01;31m[Kwaypoints[m[K->at(1) - waypoints->at(0))/calculateLineLength()) * vScale
      |              [01;31m[K^~~~~~~~~[m[K
[01m[K/home/kvvnbs/BuckeyeVerticalSoftwareV2/src/px4_ros_com/src/motionProfiling.cpp:59:51:[m[K [01;31m[Kerror: [m[Kâ€˜[01m[KcalculateLineLength[m[Kâ€™ was not declared in this scope
   59 |     return ((waypoints->at(1) - waypoints->at(0))/[01;31m[KcalculateLineLength[m[K()) * vScale
      |                                                   [01;31m[K^~~~~~~~~~~~~~~~~~~[m[K
[01m[K/home/kvvnbs/BuckeyeVerticalSoftwareV2/src/px4_ros_com/src/motionProfiling.cpp:59:76:[m[K [01;31m[Kerror: [m[Kâ€˜[01m[KvScale[m[Kâ€™ was not declared in this scope
   59 |     return ((waypoints->at(1) - waypoints->at(0))/calculateLineLength()) * [01;31m[KvScale[m[K
      |                                                                            [01;31m[K^~~~~~[m[K
[01m[K/home/kvvnbs/BuckeyeVerticalSoftwareV2/src/px4_ros_com/src/motionProfiling.cpp:59:82:[m[K [01;31m[Kerror: [m[Kexpected â€˜[01m[K;[m[Kâ€™ before â€˜[01m[K}[m[Kâ€™ token
   59 |     return ((waypoints->at(1) - waypoints->at(0))/calculateLineLength()) * vScale
      |                                                                                  [01;31m[K^[m[K
      |                                                                                  [32m[K;[m[K
   60 | 
   61 | [32m[K}[m[K
      | [32m[K~[m[K                                                                                 
In file included from [01m[K/home/kvvnbs/BuckeyeVerticalSoftwareV2/src/px4_ros_com/src/traj_test_copy.cpp:10[m[K:
[01m[K/home/kvvnbs/BuckeyeVerticalSoftwareV2/src/px4_ros_com/include/motionProfiling.h:23:11:[m[K [01;31m[Kerror: [m[Kexpected â€˜[01m[K;[m[Kâ€™ at end of member declaration
   23 |     float [01;31m[KvScale[m[K
      |           [01;31m[K^~~~~~[m[K
      |                 [32m[K;[m[K
[01m[K/home/kvvnbs/BuckeyeVerticalSoftwareV2/src/px4_ros_com/src/motionProfiling.cpp:[m[K In member function â€˜[01m[Kfloat MotionProfiling::getTimeScaledParameter(float) const[m[Kâ€™:
[01m[K/home/kvvnbs/BuckeyeVerticalSoftwareV2/src/px4_ros_com/src/motionProfiling.cpp:49:1:[m[K [01;35m[Kwarning: [m[Kcontrol reaches end of non-void function [[01;35m[K]8;;https://gcc.gnu.org/onlinedocs/gcc/Warning-Options.html#index-Wreturn-type-Wreturn-type]8;;[m[K]
   49 | [01;35m[K}[m[K
      | [01;35m[K^[m[K
gmake[2]: *** [CMakeFiles/traj_test_copy.dir/build.make:90: CMakeFiles/traj_test_copy.dir/src/motionProfiling.cpp.o] Error 1
gmake[2]: *** Waiting for unfinished jobs....
gmake[2]: *** [CMakeFiles/traj_test_copy.dir/build.make:76: CMakeFiles/traj_test_copy.dir/src/traj_test_copy.cpp.o] Error 1
gmake[1]: *** [CMakeFiles/Makefile2:198: CMakeFiles/traj_test_copy.dir/all] Error 2
gmake: *** [Makefile:146: all] Error 2
