[35m[1mConsolidate compiler generated dependencies of target traj_test[0m
[35m[1mConsolidate compiler generated dependencies of target test_trajectory[0m
[ 16%] Built target frame_transforms
[ 16%] Built target ament_cmake_python_copy_px4_ros_com
[ 33%] [32mBuilding CXX object CMakeFiles/test_trajectory.dir/src/trajectory.cpp.o[0m
[ 33%] [32mBuilding CXX object CMakeFiles/traj_test.dir/src/traj_test.cpp.o[0m
[ 41%] [32mBuilding CXX object CMakeFiles/traj_test.dir/src/trajectory.cpp.o[0m
running egg_info
writing px4_ros_com.egg-info/PKG-INFO
writing dependency_links to px4_ros_com.egg-info/dependency_links.txt
writing top-level names to px4_ros_com.egg-info/top_level.txt
reading manifest file 'px4_ros_com.egg-info/SOURCES.txt'
writing manifest file 'px4_ros_com.egg-info/SOURCES.txt'
[ 41%] Built target ament_cmake_python_build_px4_ros_com_egg
[01m[K/home/kvvnbs/BuckeyeVerticalSoftwareV2/src/px4_ros_com/src/trajectory.cpp:[m[K In member function â€˜[01m[KEigen::Vector3f Trajectory::getPosition(rclcpp::Publisher<visualization_msgs::msg::Marker_<std::allocator<void> > >::SharedPtr, float, float&)[m[Kâ€™:
[01m[K/home/kvvnbs/BuckeyeVerticalSoftwareV2/src/px4_ros_com/src/trajectory.cpp:144:24:[m[K [01;31m[Kerror: [m[Kâ€˜[01m[Kusing SharedPtr = class std::shared_ptr<rclcpp::Publisher<visualization_msgs::msg::Marker_<std::allocator<void> > > >[m[Kâ€™ {aka â€˜[01m[Kclass std::shared_ptr<rclcpp::Publisher<visualization_msgs::msg::Marker_<std::allocator<void> > > >[m[Kâ€™} has no member named â€˜[01m[Kpublish[m[Kâ€™
  144 |     marker_heading_pub.[01;31m[Kpublish[m[K(dMarker);
      |                        [01;31m[K^~~~~~~[m[K
[01m[K/home/kvvnbs/BuckeyeVerticalSoftwareV2/src/px4_ros_com/src/trajectory.cpp:[m[K In member function â€˜[01m[KEigen::Vector3f Trajectory::getPosition(rclcpp::Publisher<visualization_msgs::msg::Marker_<std::allocator<void> > >::SharedPtr, float, float&)[m[Kâ€™:
[01m[K/home/kvvnbs/BuckeyeVerticalSoftwareV2/src/px4_ros_com/src/trajectory.cpp:144:24:[m[K [01;31m[Kerror: [m[Kâ€˜[01m[Kusing SharedPtr = class std::shared_ptr<rclcpp::Publisher<visualization_msgs::msg::Marker_<std::allocator<void> > > >[m[Kâ€™ {aka â€˜[01m[Kclass std::shared_ptr<rclcpp::Publisher<visualization_msgs::msg::Marker_<std::allocator<void> > > >[m[Kâ€™} has no member named â€˜[01m[Kpublish[m[Kâ€™
  144 |     marker_heading_pub.[01;31m[Kpublish[m[K(dMarker);
      |                        [01;31m[K^~~~~~~[m[K
gmake[2]: *** [CMakeFiles/test_trajectory.dir/build.make:90: CMakeFiles/test_trajectory.dir/src/trajectory.cpp.o] Error 1
gmake[1]: *** [CMakeFiles/Makefile2:196: CMakeFiles/test_trajectory.dir/all] Error 2
gmake[1]: *** Waiting for unfinished jobs....
gmake[2]: *** [CMakeFiles/traj_test.dir/build.make:90: CMakeFiles/traj_test.dir/src/trajectory.cpp.o] Error 1
gmake[2]: *** Waiting for unfinished jobs....
gmake[1]: *** [CMakeFiles/Makefile2:170: CMakeFiles/traj_test.dir/all] Error 2
gmake: *** [Makefile:146: all] Error 2
