[01m[K/home/eashan/BuckeyeVerticalSoftware_v2/src/px4_ros_com/src/rviz_utils.cpp:[m[K In function â€˜[01m[Kvisualization_msgs::msg::Marker rviz_utils::createArrowMarker(const Vector3f&, float, const string&)[m[Kâ€™:
[01m[K/home/eashan/BuckeyeVerticalSoftware_v2/src/px4_ros_com/src/rviz_utils.cpp:48:94:[m[K [01;31m[Kerror: [m[Kcannot bind non-const lvalue reference of type â€˜[01m[Kdouble&[m[Kâ€™ to a value of type â€˜[01m[Kfloat[m[Kâ€™
   48 |     px4_ros_com::frame_transforms::utils::quaternion::quaternion_to_euler(quat, pitch, roll, [01;31m[Kheading[m[K);
      |                                                                                              [01;31m[K^~~~~~~[m[K
In file included from [01m[K/home/eashan/BuckeyeVerticalSoftware_v2/src/px4_ros_com/src/rviz_utils.cpp:2[m[K:
[01m[K/home/eashan/BuckeyeVerticalSoftware_v2/src/px4_ros_com/include/px4_ros_com/frame_transforms.h:123:92:[m[K [01;36m[Knote: [m[K  initializing argument 4 of â€˜[01m[Kvoid px4_ros_com::frame_transforms::utils::quaternion::quaternion_to_euler(const Quaterniond&, double&, double&, double&)[m[Kâ€™
  123 | void quaternion_to_euler(const Eigen::Quaterniond &q, double &roll, double &pitch, [01;36m[Kdouble &yaw[m[K);
      |                                                                                    [01;36m[K~~~~~~~~^~~[m[K
[01m[K/home/eashan/BuckeyeVerticalSoftware_v2/src/px4_ros_com/src/rviz_utils.cpp:30:130:[m[K [01;35m[Kwarning: [m[Kunused parameter â€˜[01m[Kframe_id[m[Kâ€™ [[01;35m[K]8;;https://gcc.gnu.org/onlinedocs/gcc/Warning-Options.html#index-Wunused-parameter-Wunused-parameter]8;;[m[K]
   30 | visualization_msgs::msg::Marker rviz_utils::createArrowMarker(const Eigen::Vector3f &position, float heading, [01;35m[Kconst std::string& frame_id[m[K) {
      |                                                                                                               [01;35m[K~~~~~~~~~~~~~~~~~~~^~~~~~~~[m[K
[01m[K/home/eashan/BuckeyeVerticalSoftware_v2/src/px4_ros_com/src/rviz_utils.cpp:[m[K In function â€˜[01m[Kvisualization_msgs::msg::Marker rviz_utils::createArrowMarker(const Vector3f&, float, const string&)[m[Kâ€™:
[01m[K/home/eashan/BuckeyeVerticalSoftware_v2/src/px4_ros_com/src/rviz_utils.cpp:48:94:[m[K [01;31m[Kerror: [m[Kcannot bind non-const lvalue reference of type â€˜[01m[Kdouble&[m[Kâ€™ to a value of type â€˜[01m[Kfloat[m[Kâ€™
   48 |     px4_ros_com::frame_transforms::utils::quaternion::quaternion_to_euler(quat, pitch, roll, [01;31m[Kheading[m[K);
      |                                                                                              [01;31m[K^~~~~~~[m[K
In file included from [01m[K/home/eashan/BuckeyeVerticalSoftware_v2/src/px4_ros_com/src/rviz_utils.cpp:2[m[K:
[01m[K/home/eashan/BuckeyeVerticalSoftware_v2/src/px4_ros_com/include/px4_ros_com/frame_transforms.h:123:92:[m[K [01;36m[Knote: [m[K  initializing argument 4 of â€˜[01m[Kvoid px4_ros_com::frame_transforms::utils::quaternion::quaternion_to_euler(const Quaterniond&, double&, double&, double&)[m[Kâ€™
  123 | void quaternion_to_euler(const Eigen::Quaterniond &q, double &roll, double &pitch, [01;36m[Kdouble &yaw[m[K);
      |                                                                                    [01;36m[K~~~~~~~~^~~[m[K
[01m[K/home/eashan/BuckeyeVerticalSoftware_v2/src/px4_ros_com/src/rviz_utils.cpp:30:130:[m[K [01;35m[Kwarning: [m[Kunused parameter â€˜[01m[Kframe_id[m[Kâ€™ [[01;35m[K]8;;https://gcc.gnu.org/onlinedocs/gcc/Warning-Options.html#index-Wunused-parameter-Wunused-parameter]8;;[m[K]
   30 | visualization_msgs::msg::Marker rviz_utils::createArrowMarker(const Eigen::Vector3f &position, float heading, [01;35m[Kconst std::string& frame_id[m[K) {
      |                                                                                                               [01;35m[K~~~~~~~~~~~~~~~~~~~^~~~~~~~[m[K
gmake[2]: *** [CMakeFiles/traj_test.dir/build.make:104: CMakeFiles/traj_test.dir/src/rviz_utils.cpp.o] Error 1
gmake[1]: *** [CMakeFiles/Makefile2:170: CMakeFiles/traj_test.dir/all] Error 2
gmake[1]: *** Waiting for unfinished jobs....
gmake[2]: *** [CMakeFiles/test_trajectory.dir/build.make:104: CMakeFiles/test_trajectory.dir/src/rviz_utils.cpp.o] Error 1
gmake[1]: *** [CMakeFiles/Makefile2:196: CMakeFiles/test_trajectory.dir/all] Error 2
gmake: *** [Makefile:146: all] Error 2
