[0.256s] Invoking command in '/home/eashan/BuckeyeVerticalSoftware_v2/build/px4_ros_com': AMENT_PREFIX_PATH=/home/eashan/BuckeyeVerticalSoftware_v2/install/px4_msgs:${AMENT_PREFIX_PATH} CMAKE_PREFIX_PATH=/home/eashan/BuckeyeVerticalSoftware_v2/install/px4_msgs:/opt/ros/humble CONDA_PROMPT_MODIFIER=(base) LD_LIBRARY_PATH=/home/eashan/BuckeyeVerticalSoftware_v2/install/px4_msgs/lib:/opt/ros/humble/opt/rviz_ogre_vendor/lib:/opt/ros/humble/lib/x86_64-linux-gnu:/opt/ros/humble/lib:/usr/local/cuda-12.6/lib64:/usr/local/cuda-12.6/lib64 PYTHONPATH=/home/eashan/BuckeyeVerticalSoftware_v2/install/px4_msgs/local/lib/python3.10/dist-packages:${PYTHONPATH} /usr/bin/cmake --build /home/eashan/BuckeyeVerticalSoftware_v2/build/px4_ros_com -- -j4 -l4
[0.298s] [35m[1mConsolidate compiler generated dependencies of target traj_test[0m
[0.310s] [35m[1mConsolidate compiler generated dependencies of target test_trajectory[0m
[0.312s] [ 16%] Built target frame_transforms
[0.331s] [ 16%] Built target ament_cmake_python_copy_px4_ros_com
[0.331s] [ 25%] [32mBuilding CXX object CMakeFiles/traj_test.dir/src/rviz_utils.cpp.o[0m
[0.339s] [ 33%] [32mBuilding CXX object CMakeFiles/test_trajectory.dir/src/rviz_utils.cpp.o[0m
[0.530s] running egg_info
[0.541s] writing px4_ros_com.egg-info/PKG-INFO
[0.542s] writing dependency_links to px4_ros_com.egg-info/dependency_links.txt
[0.542s] writing top-level names to px4_ros_com.egg-info/top_level.txt
[0.574s] reading manifest file 'px4_ros_com.egg-info/SOURCES.txt'
[0.575s] writing manifest file 'px4_ros_com.egg-info/SOURCES.txt'
[0.610s] [ 33%] Built target ament_cmake_python_build_px4_ros_com_egg
[3.209s] [01m[K/home/eashan/BuckeyeVerticalSoftware_v2/src/px4_ros_com/src/rviz_utils.cpp:[m[K In function â€˜[01m[Kvisualization_msgs::msg::Marker rviz_utils::createArrowMarker(const Vector3f&, float, const string&)[m[Kâ€™:
[3.209s] [01m[K/home/eashan/BuckeyeVerticalSoftware_v2/src/px4_ros_com/src/rviz_utils.cpp:48:94:[m[K [01;31m[Kerror: [m[Kcannot bind non-const lvalue reference of type â€˜[01m[Kdouble&[m[Kâ€™ to a value of type â€˜[01m[Kfloat[m[Kâ€™
[3.209s]    48 |     px4_ros_com::frame_transforms::utils::quaternion::quaternion_to_euler(quat, pitch, roll, [01;31m[Kheading[m[K);
[3.209s]       |                                                                                              [01;31m[K^~~~~~~[m[K
[3.209s] In file included from [01m[K/home/eashan/BuckeyeVerticalSoftware_v2/src/px4_ros_com/src/rviz_utils.cpp:2[m[K:
[3.210s] [01m[K/home/eashan/BuckeyeVerticalSoftware_v2/src/px4_ros_com/include/px4_ros_com/frame_transforms.h:123:92:[m[K [01;36m[Knote: [m[K  initializing argument 4 of â€˜[01m[Kvoid px4_ros_com::frame_transforms::utils::quaternion::quaternion_to_euler(const Quaterniond&, double&, double&, double&)[m[Kâ€™
[3.210s]   123 | void quaternion_to_euler(const Eigen::Quaterniond &q, double &roll, double &pitch, [01;36m[Kdouble &yaw[m[K);
[3.210s]       |                                                                                    [01;36m[K~~~~~~~~^~~[m[K
[3.211s] [01m[K/home/eashan/BuckeyeVerticalSoftware_v2/src/px4_ros_com/src/rviz_utils.cpp:30:130:[m[K [01;35m[Kwarning: [m[Kunused parameter â€˜[01m[Kframe_id[m[Kâ€™ [[01;35m[K]8;;https://gcc.gnu.org/onlinedocs/gcc/Warning-Options.html#index-Wunused-parameter-Wunused-parameter]8;;[m[K]
[3.211s]    30 | visualization_msgs::msg::Marker rviz_utils::createArrowMarker(const Eigen::Vector3f &position, float heading, [01;35m[Kconst std::string& frame_id[m[K) {
[3.211s]       |                                                                                                               [01;35m[K~~~~~~~~~~~~~~~~~~~^~~~~~~~[m[K
[3.377s] [01m[K/home/eashan/BuckeyeVerticalSoftware_v2/src/px4_ros_com/src/rviz_utils.cpp:[m[K In function â€˜[01m[Kvisualization_msgs::msg::Marker rviz_utils::createArrowMarker(const Vector3f&, float, const string&)[m[Kâ€™:
[3.377s] [01m[K/home/eashan/BuckeyeVerticalSoftware_v2/src/px4_ros_com/src/rviz_utils.cpp:48:94:[m[K [01;31m[Kerror: [m[Kcannot bind non-const lvalue reference of type â€˜[01m[Kdouble&[m[Kâ€™ to a value of type â€˜[01m[Kfloat[m[Kâ€™
[3.377s]    48 |     px4_ros_com::frame_transforms::utils::quaternion::quaternion_to_euler(quat, pitch, roll, [01;31m[Kheading[m[K);
[3.377s]       |                                                                                              [01;31m[K^~~~~~~[m[K
[3.377s] In file included from [01m[K/home/eashan/BuckeyeVerticalSoftware_v2/src/px4_ros_com/src/rviz_utils.cpp:2[m[K:
[3.377s] [01m[K/home/eashan/BuckeyeVerticalSoftware_v2/src/px4_ros_com/include/px4_ros_com/frame_transforms.h:123:92:[m[K [01;36m[Knote: [m[K  initializing argument 4 of â€˜[01m[Kvoid px4_ros_com::frame_transforms::utils::quaternion::quaternion_to_euler(const Quaterniond&, double&, double&, double&)[m[Kâ€™
[3.377s]   123 | void quaternion_to_euler(const Eigen::Quaterniond &q, double &roll, double &pitch, [01;36m[Kdouble &yaw[m[K);
[3.377s]       |                                                                                    [01;36m[K~~~~~~~~^~~[m[K
[3.377s] [01m[K/home/eashan/BuckeyeVerticalSoftware_v2/src/px4_ros_com/src/rviz_utils.cpp:30:130:[m[K [01;35m[Kwarning: [m[Kunused parameter â€˜[01m[Kframe_id[m[Kâ€™ [[01;35m[K]8;;https://gcc.gnu.org/onlinedocs/gcc/Warning-Options.html#index-Wunused-parameter-Wunused-parameter]8;;[m[K]
[3.377s]    30 | visualization_msgs::msg::Marker rviz_utils::createArrowMarker(const Eigen::Vector3f &position, float heading, [01;35m[Kconst std::string& frame_id[m[K) {
[3.377s]       |                                                                                                               [01;35m[K~~~~~~~~~~~~~~~~~~~^~~~~~~~[m[K
[3.809s] gmake[2]: *** [CMakeFiles/traj_test.dir/build.make:104: CMakeFiles/traj_test.dir/src/rviz_utils.cpp.o] Error 1
[3.809s] gmake[1]: *** [CMakeFiles/Makefile2:170: CMakeFiles/traj_test.dir/all] Error 2
[3.809s] gmake[1]: *** Waiting for unfinished jobs....
[3.976s] gmake[2]: *** [CMakeFiles/test_trajectory.dir/build.make:104: CMakeFiles/test_trajectory.dir/src/rviz_utils.cpp.o] Error 1
[3.976s] gmake[1]: *** [CMakeFiles/Makefile2:196: CMakeFiles/test_trajectory.dir/all] Error 2
[3.976s] gmake: *** [Makefile:146: all] Error 2
[3.978s] Invoked command in '/home/eashan/BuckeyeVerticalSoftware_v2/build/px4_ros_com' returned '2': AMENT_PREFIX_PATH=/home/eashan/BuckeyeVerticalSoftware_v2/install/px4_msgs:${AMENT_PREFIX_PATH} CMAKE_PREFIX_PATH=/home/eashan/BuckeyeVerticalSoftware_v2/install/px4_msgs:/opt/ros/humble CONDA_PROMPT_MODIFIER=(base) LD_LIBRARY_PATH=/home/eashan/BuckeyeVerticalSoftware_v2/install/px4_msgs/lib:/opt/ros/humble/opt/rviz_ogre_vendor/lib:/opt/ros/humble/lib/x86_64-linux-gnu:/opt/ros/humble/lib:/usr/local/cuda-12.6/lib64:/usr/local/cuda-12.6/lib64 PYTHONPATH=/home/eashan/BuckeyeVerticalSoftware_v2/install/px4_msgs/local/lib/python3.10/dist-packages:${PYTHONPATH} /usr/bin/cmake --build /home/eashan/BuckeyeVerticalSoftware_v2/build/px4_ros_com -- -j4 -l4
