[0.245s] Invoking command in '/home/eashan/BuckeyeVerticalSoftware_v2/build/px4_ros_com': AMENT_PREFIX_PATH=/home/eashan/BuckeyeVerticalSoftware_v2/install/px4_msgs:${AMENT_PREFIX_PATH} CMAKE_PREFIX_PATH=/home/eashan/BuckeyeVerticalSoftware_v2/install/px4_msgs:/opt/ros/humble CONDA_PROMPT_MODIFIER=(base) LD_LIBRARY_PATH=/home/eashan/BuckeyeVerticalSoftware_v2/install/px4_msgs/lib:/opt/ros/humble/opt/rviz_ogre_vendor/lib:/opt/ros/humble/lib/x86_64-linux-gnu:/opt/ros/humble/lib:/usr/local/cuda-12.6/lib64:/usr/local/cuda-12.6/lib64 PYTHONPATH=/home/eashan/BuckeyeVerticalSoftware_v2/install/px4_msgs/local/lib/python3.10/dist-packages:${PYTHONPATH} /usr/bin/cmake --build /home/eashan/BuckeyeVerticalSoftware_v2/build/px4_ros_com -- -j4 -l4
[0.286s] [35m[1mConsolidate compiler generated dependencies of target test_trajectory[0m
[0.286s] [35m[1mConsolidate compiler generated dependencies of target traj_test[0m
[0.307s] [ 16%] Built target frame_transforms
[0.311s] [ 16%] Built target ament_cmake_python_copy_px4_ros_com
[0.324s] [ 25%] [32mBuilding CXX object CMakeFiles/traj_test.dir/src/rviz_utils.cpp.o[0m
[0.335s] [ 33%] [32mBuilding CXX object CMakeFiles/test_trajectory.dir/src/rviz_utils.cpp.o[0m
[0.576s] running egg_info
[0.591s] writing px4_ros_com.egg-info/PKG-INFO
[0.592s] writing dependency_links to px4_ros_com.egg-info/dependency_links.txt
[0.592s] writing top-level names to px4_ros_com.egg-info/top_level.txt
[0.636s] reading manifest file 'px4_ros_com.egg-info/SOURCES.txt'
[0.637s] writing manifest file 'px4_ros_com.egg-info/SOURCES.txt'
[0.674s] [ 33%] Built target ament_cmake_python_build_px4_ros_com_egg
[3.678s] [01m[K/home/eashan/BuckeyeVerticalSoftware_v2/src/px4_ros_com/src/rviz_utils.cpp:[m[K In function â€˜[01m[Kvisualization_msgs::msg::Marker rviz_utils::createArrowMarker(const Vector3f&, float, const string&)[m[Kâ€™:
[3.678s] [01m[K/home/eashan/BuckeyeVerticalSoftware_v2/src/px4_ros_com/src/rviz_utils.cpp:46:81:[m[K [01;31m[Kerror: [m[Kcannot bind non-const lvalue reference of type â€˜[01m[Kdouble&[m[Kâ€™ to a value of type â€˜[01m[Kint[m[Kâ€™
[3.678s]    46 |     px4_ros_com::frame_transforms::utils::quaternion::quaternion_to_euler(quat, [01;31m[K0[m[K, 0, heading);
[3.678s]       |                                                                                 [01;31m[K^[m[K
[3.678s] In file included from [01m[K/home/eashan/BuckeyeVerticalSoftware_v2/src/px4_ros_com/src/rviz_utils.cpp:2[m[K:
[3.678s] [01m[K/home/eashan/BuckeyeVerticalSoftware_v2/src/px4_ros_com/include/px4_ros_com/frame_transforms.h:123:63:[m[K [01;36m[Knote: [m[K  initializing argument 2 of â€˜[01m[Kvoid px4_ros_com::frame_transforms::utils::quaternion::quaternion_to_euler(const Quaterniond&, double&, double&, double&)[m[Kâ€™
[3.678s]   123 | void quaternion_to_euler(const Eigen::Quaterniond &q, [01;36m[Kdouble &roll[m[K, double &pitch, double &yaw);
[3.678s]       |                                                       [01;36m[K~~~~~~~~^~~~[m[K
[3.679s] [01m[K/home/eashan/BuckeyeVerticalSoftware_v2/src/px4_ros_com/src/rviz_utils.cpp:30:130:[m[K [01;35m[Kwarning: [m[Kunused parameter â€˜[01m[Kframe_id[m[Kâ€™ [[01;35m[K]8;;https://gcc.gnu.org/onlinedocs/gcc/Warning-Options.html#index-Wunused-parameter-Wunused-parameter]8;;[m[K]
[3.679s]    30 | visualization_msgs::msg::Marker rviz_utils::createArrowMarker(const Eigen::Vector3f &position, float heading, [01;35m[Kconst std::string& frame_id[m[K) {
[3.679s]       |                                                                                                               [01;35m[K~~~~~~~~~~~~~~~~~~~^~~~~~~~[m[K
[3.713s] [01m[K/home/eashan/BuckeyeVerticalSoftware_v2/src/px4_ros_com/src/rviz_utils.cpp:[m[K In function â€˜[01m[Kvisualization_msgs::msg::Marker rviz_utils::createArrowMarker(const Vector3f&, float, const string&)[m[Kâ€™:
[3.713s] [01m[K/home/eashan/BuckeyeVerticalSoftware_v2/src/px4_ros_com/src/rviz_utils.cpp:46:81:[m[K [01;31m[Kerror: [m[Kcannot bind non-const lvalue reference of type â€˜[01m[Kdouble&[m[Kâ€™ to a value of type â€˜[01m[Kint[m[Kâ€™
[3.714s]    46 |     px4_ros_com::frame_transforms::utils::quaternion::quaternion_to_euler(quat, [01;31m[K0[m[K, 0, heading);
[3.714s]       |                                                                                 [01;31m[K^[m[K
[3.714s] In file included from [01m[K/home/eashan/BuckeyeVerticalSoftware_v2/src/px4_ros_com/src/rviz_utils.cpp:2[m[K:
[3.714s] [01m[K/home/eashan/BuckeyeVerticalSoftware_v2/src/px4_ros_com/include/px4_ros_com/frame_transforms.h:123:63:[m[K [01;36m[Knote: [m[K  initializing argument 2 of â€˜[01m[Kvoid px4_ros_com::frame_transforms::utils::quaternion::quaternion_to_euler(const Quaterniond&, double&, double&, double&)[m[Kâ€™
[3.714s]   123 | void quaternion_to_euler(const Eigen::Quaterniond &q, [01;36m[Kdouble &roll[m[K, double &pitch, double &yaw);
[3.714s]       |                                                       [01;36m[K~~~~~~~~^~~~[m[K
[3.714s] [01m[K/home/eashan/BuckeyeVerticalSoftware_v2/src/px4_ros_com/src/rviz_utils.cpp:30:130:[m[K [01;35m[Kwarning: [m[Kunused parameter â€˜[01m[Kframe_id[m[Kâ€™ [[01;35m[K]8;;https://gcc.gnu.org/onlinedocs/gcc/Warning-Options.html#index-Wunused-parameter-Wunused-parameter]8;;[m[K]
[3.714s]    30 | visualization_msgs::msg::Marker rviz_utils::createArrowMarker(const Eigen::Vector3f &position, float heading, [01;35m[Kconst std::string& frame_id[m[K) {
[3.714s]       |                                                                                                               [01;35m[K~~~~~~~~~~~~~~~~~~~^~~~~~~~[m[K
[4.352s] gmake[2]: *** [CMakeFiles/test_trajectory.dir/build.make:104: CMakeFiles/test_trajectory.dir/src/rviz_utils.cpp.o] Error 1
[4.352s] gmake[1]: *** [CMakeFiles/Makefile2:196: CMakeFiles/test_trajectory.dir/all] Error 2
[4.352s] gmake[1]: *** Waiting for unfinished jobs....
[4.358s] gmake[2]: *** [CMakeFiles/traj_test.dir/build.make:104: CMakeFiles/traj_test.dir/src/rviz_utils.cpp.o] Error 1
[4.360s] gmake[1]: *** [CMakeFiles/Makefile2:170: CMakeFiles/traj_test.dir/all] Error 2
[4.360s] gmake: *** [Makefile:146: all] Error 2
[4.363s] Invoked command in '/home/eashan/BuckeyeVerticalSoftware_v2/build/px4_ros_com' returned '2': AMENT_PREFIX_PATH=/home/eashan/BuckeyeVerticalSoftware_v2/install/px4_msgs:${AMENT_PREFIX_PATH} CMAKE_PREFIX_PATH=/home/eashan/BuckeyeVerticalSoftware_v2/install/px4_msgs:/opt/ros/humble CONDA_PROMPT_MODIFIER=(base) LD_LIBRARY_PATH=/home/eashan/BuckeyeVerticalSoftware_v2/install/px4_msgs/lib:/opt/ros/humble/opt/rviz_ogre_vendor/lib:/opt/ros/humble/lib/x86_64-linux-gnu:/opt/ros/humble/lib:/usr/local/cuda-12.6/lib64:/usr/local/cuda-12.6/lib64 PYTHONPATH=/home/eashan/BuckeyeVerticalSoftware_v2/install/px4_msgs/local/lib/python3.10/dist-packages:${PYTHONPATH} /usr/bin/cmake --build /home/eashan/BuckeyeVerticalSoftware_v2/build/px4_ros_com -- -j4 -l4
