[35m[1mConsolidate compiler generated dependencies of target traj_test[0m
[35m[1mConsolidate compiler generated dependencies of target test_trajectory[0m
[ 16%] Built target frame_transforms
[ 16%] Built target ament_cmake_python_copy_px4_ros_com
[ 25%] [32mBuilding CXX object CMakeFiles/test_trajectory.dir/src/rviz_utils.cpp.o[0m
[ 33%] [32mBuilding CXX object CMakeFiles/traj_test.dir/src/rviz_utils.cpp.o[0m
running egg_info
writing px4_ros_com.egg-info/PKG-INFO
writing dependency_links to px4_ros_com.egg-info/dependency_links.txt
writing top-level names to px4_ros_com.egg-info/top_level.txt
reading manifest file 'px4_ros_com.egg-info/SOURCES.txt'
writing manifest file 'px4_ros_com.egg-info/SOURCES.txt'
[ 33%] Built target ament_cmake_python_build_px4_ros_com_egg
[01m[K/home/eashan/BuckeyeVerticalSoftware_v2/src/px4_ros_com/src/rviz_utils.cpp:[m[K In function â€˜[01m[Kvisualization_msgs::msg::Marker rviz_utils::createArrowMarker(const Vector3f&, float, const string&)[m[Kâ€™:
[01m[K/home/eashan/BuckeyeVerticalSoftware_v2/src/px4_ros_com/src/rviz_utils.cpp:42:21:[m[K [01;31m[Kerror: [m[Kâ€˜[01m[Kstart_x[m[Kâ€™ was not declared in this scope
   42 |     start_point.x = [01;31m[Kstart_x[m[K;
      |                     [01;31m[K^~~~~~~[m[K
[01m[K/home/eashan/BuckeyeVerticalSoftware_v2/src/px4_ros_com/src/rviz_utils.cpp:43:21:[m[K [01;31m[Kerror: [m[Kâ€˜[01m[Kstart_y[m[Kâ€™ was not declared in this scope
   43 |     start_point.y = [01;31m[Kstart_y[m[K;
      |                     [01;31m[K^~~~~~~[m[K
[01m[K/home/eashan/BuckeyeVerticalSoftware_v2/src/px4_ros_com/src/rviz_utils.cpp:47:30:[m[K [01;31m[Kerror: [m[Kâ€˜[01m[Karrow_length[m[Kâ€™ was not declared in this scope
   47 |     double end_x = start_x + [01;31m[Karrow_length[m[K * cos(heading);
      |                              [01;31m[K^~~~~~~~~~~~[m[K
[01m[K/home/eashan/BuckeyeVerticalSoftware_v2/src/px4_ros_com/src/rviz_utils.cpp:31:86:[m[K [01;35m[Kwarning: [m[Kunused parameter â€˜[01m[Kposition[m[Kâ€™ [[01;35m[K]8;;https://gcc.gnu.org/onlinedocs/gcc/Warning-Options.html#index-Wunused-parameter-Wunused-parameter]8;;[m[K]
   31 | visualization_msgs::msg::Marker rviz_utils::createArrowMarker([01;35m[Kconst Eigen::Vector3f &position[m[K, float heading, const std::string& frame_id) {
      |                                                               [01;35m[K~~~~~~~~~~~~~~~~~~~~~~~^~~~~~~~[m[K
[01m[K/home/eashan/BuckeyeVerticalSoftware_v2/src/px4_ros_com/src/rviz_utils.cpp:[m[K In function â€˜[01m[Kvisualization_msgs::msg::Marker rviz_utils::createArrowMarker(const Vector3f&, float, const string&)[m[Kâ€™:
[01m[K/home/eashan/BuckeyeVerticalSoftware_v2/src/px4_ros_com/src/rviz_utils.cpp:42:21:[m[K [01;31m[Kerror: [m[Kâ€˜[01m[Kstart_x[m[Kâ€™ was not declared in this scope
   42 |     start_point.x = [01;31m[Kstart_x[m[K;
      |                     [01;31m[K^~~~~~~[m[K
[01m[K/home/eashan/BuckeyeVerticalSoftware_v2/src/px4_ros_com/src/rviz_utils.cpp:43:21:[m[K [01;31m[Kerror: [m[Kâ€˜[01m[Kstart_y[m[Kâ€™ was not declared in this scope
   43 |     start_point.y = [01;31m[Kstart_y[m[K;
      |                     [01;31m[K^~~~~~~[m[K
[01m[K/home/eashan/BuckeyeVerticalSoftware_v2/src/px4_ros_com/src/rviz_utils.cpp:47:30:[m[K [01;31m[Kerror: [m[Kâ€˜[01m[Karrow_length[m[Kâ€™ was not declared in this scope
   47 |     double end_x = start_x + [01;31m[Karrow_length[m[K * cos(heading);
      |                              [01;31m[K^~~~~~~~~~~~[m[K
[01m[K/home/eashan/BuckeyeVerticalSoftware_v2/src/px4_ros_com/src/rviz_utils.cpp:31:86:[m[K [01;35m[Kwarning: [m[Kunused parameter â€˜[01m[Kposition[m[Kâ€™ [[01;35m[K]8;;https://gcc.gnu.org/onlinedocs/gcc/Warning-Options.html#index-Wunused-parameter-Wunused-parameter]8;;[m[K]
   31 | visualization_msgs::msg::Marker rviz_utils::createArrowMarker([01;35m[Kconst Eigen::Vector3f &position[m[K, float heading, const std::string& frame_id) {
      |                                                               [01;35m[K~~~~~~~~~~~~~~~~~~~~~~~^~~~~~~~[m[K
gmake[2]: *** [CMakeFiles/test_trajectory.dir/build.make:104: CMakeFiles/test_trajectory.dir/src/rviz_utils.cpp.o] Error 1
gmake[1]: *** [CMakeFiles/Makefile2:196: CMakeFiles/test_trajectory.dir/all] Error 2
gmake[1]: *** Waiting for unfinished jobs....
gmake[2]: *** [CMakeFiles/traj_test.dir/build.make:104: CMakeFiles/traj_test.dir/src/rviz_utils.cpp.o] Error 1
gmake[1]: *** [CMakeFiles/Makefile2:170: CMakeFiles/traj_test.dir/all] Error 2
gmake: *** [Makefile:146: all] Error 2
