[0.310s] Invoking command in '/home/eashan/BuckeyeVerticalSoftware_v2/build/px4_ros_com': CMAKE_PREFIX_PATH=/home/eashan/BuckeyeVerticalSoftware_v2/install/px4_msgs:/home/eashan/BuckeyeVerticalSoftware_v2/install/px4_ros_com:/opt/ros/humble CONDA_PROMPT_MODIFIER=(base) LD_LIBRARY_PATH=/home/eashan/BuckeyeVerticalSoftware_v2/install/px4_msgs/lib:/home/eashan/BuckeyeVerticalSoftware_v2/install/px4_ros_com/lib:/opt/ros/humble/opt/rviz_ogre_vendor/lib:/opt/ros/humble/lib/x86_64-linux-gnu:/opt/ros/humble/lib:/usr/local/cuda-12.6/lib64:/usr/local/cuda-12.6/lib64 /usr/bin/cmake --build /home/eashan/BuckeyeVerticalSoftware_v2/build/px4_ros_com -- -j4 -l4
[0.352s] [35m[1mConsolidate compiler generated dependencies of target traj_test[0m
[0.354s] [35m[1mConsolidate compiler generated dependencies of target test_trajectory[0m
[0.365s] [ 16%] Built target frame_transforms
[0.372s] [ 16%] Built target ament_cmake_python_copy_px4_ros_com
[0.384s] [ 25%] [32mBuilding CXX object CMakeFiles/test_trajectory.dir/src/rviz_utils.cpp.o[0m
[0.385s] [ 33%] [32mBuilding CXX object CMakeFiles/traj_test.dir/src/rviz_utils.cpp.o[0m
[0.569s] running egg_info
[0.590s] writing px4_ros_com.egg-info/PKG-INFO
[0.591s] writing dependency_links to px4_ros_com.egg-info/dependency_links.txt
[0.591s] writing top-level names to px4_ros_com.egg-info/top_level.txt
[0.648s] reading manifest file 'px4_ros_com.egg-info/SOURCES.txt'
[0.649s] writing manifest file 'px4_ros_com.egg-info/SOURCES.txt'
[0.727s] [ 33%] Built target ament_cmake_python_build_px4_ros_com_egg
[4.073s] [01m[K/home/eashan/BuckeyeVerticalSoftware_v2/src/px4_ros_com/src/rviz_utils.cpp:[m[K In function â€˜[01m[Kvisualization_msgs::msg::Marker rviz_utils::createArrowMarker(const Vector3f&, float, const string&)[m[Kâ€™:
[4.073s] [01m[K/home/eashan/BuckeyeVerticalSoftware_v2/src/px4_ros_com/src/rviz_utils.cpp:42:21:[m[K [01;31m[Kerror: [m[Kâ€˜[01m[Kstart_x[m[Kâ€™ was not declared in this scope
[4.073s]    42 |     start_point.x = [01;31m[Kstart_x[m[K;
[4.073s]       |                     [01;31m[K^~~~~~~[m[K
[4.079s] [01m[K/home/eashan/BuckeyeVerticalSoftware_v2/src/px4_ros_com/src/rviz_utils.cpp:43:21:[m[K [01;31m[Kerror: [m[Kâ€˜[01m[Kstart_y[m[Kâ€™ was not declared in this scope
[4.079s]    43 |     start_point.y = [01;31m[Kstart_y[m[K;
[4.079s]       |                     [01;31m[K^~~~~~~[m[K
[4.087s] [01m[K/home/eashan/BuckeyeVerticalSoftware_v2/src/px4_ros_com/src/rviz_utils.cpp:47:30:[m[K [01;31m[Kerror: [m[Kâ€˜[01m[Karrow_length[m[Kâ€™ was not declared in this scope
[4.087s]    47 |     double end_x = start_x + [01;31m[Karrow_length[m[K * cos(heading);
[4.087s]       |                              [01;31m[K^~~~~~~~~~~~[m[K
[4.088s] [01m[K/home/eashan/BuckeyeVerticalSoftware_v2/src/px4_ros_com/src/rviz_utils.cpp:31:86:[m[K [01;35m[Kwarning: [m[Kunused parameter â€˜[01m[Kposition[m[Kâ€™ [[01;35m[K]8;;https://gcc.gnu.org/onlinedocs/gcc/Warning-Options.html#index-Wunused-parameter-Wunused-parameter]8;;[m[K]
[4.088s]    31 | visualization_msgs::msg::Marker rviz_utils::createArrowMarker([01;35m[Kconst Eigen::Vector3f &position[m[K, float heading, const std::string& frame_id) {
[4.088s]       |                                                               [01;35m[K~~~~~~~~~~~~~~~~~~~~~~~^~~~~~~~[m[K
[4.138s] [01m[K/home/eashan/BuckeyeVerticalSoftware_v2/src/px4_ros_com/src/rviz_utils.cpp:[m[K In function â€˜[01m[Kvisualization_msgs::msg::Marker rviz_utils::createArrowMarker(const Vector3f&, float, const string&)[m[Kâ€™:
[4.138s] [01m[K/home/eashan/BuckeyeVerticalSoftware_v2/src/px4_ros_com/src/rviz_utils.cpp:42:21:[m[K [01;31m[Kerror: [m[Kâ€˜[01m[Kstart_x[m[Kâ€™ was not declared in this scope
[4.138s]    42 |     start_point.x = [01;31m[Kstart_x[m[K;
[4.138s]       |                     [01;31m[K^~~~~~~[m[K
[4.144s] [01m[K/home/eashan/BuckeyeVerticalSoftware_v2/src/px4_ros_com/src/rviz_utils.cpp:43:21:[m[K [01;31m[Kerror: [m[Kâ€˜[01m[Kstart_y[m[Kâ€™ was not declared in this scope
[4.144s]    43 |     start_point.y = [01;31m[Kstart_y[m[K;
[4.144s]       |                     [01;31m[K^~~~~~~[m[K
[4.150s] [01m[K/home/eashan/BuckeyeVerticalSoftware_v2/src/px4_ros_com/src/rviz_utils.cpp:47:30:[m[K [01;31m[Kerror: [m[Kâ€˜[01m[Karrow_length[m[Kâ€™ was not declared in this scope
[4.150s]    47 |     double end_x = start_x + [01;31m[Karrow_length[m[K * cos(heading);
[4.150s]       |                              [01;31m[K^~~~~~~~~~~~[m[K
[4.151s] [01m[K/home/eashan/BuckeyeVerticalSoftware_v2/src/px4_ros_com/src/rviz_utils.cpp:31:86:[m[K [01;35m[Kwarning: [m[Kunused parameter â€˜[01m[Kposition[m[Kâ€™ [[01;35m[K]8;;https://gcc.gnu.org/onlinedocs/gcc/Warning-Options.html#index-Wunused-parameter-Wunused-parameter]8;;[m[K]
[4.151s]    31 | visualization_msgs::msg::Marker rviz_utils::createArrowMarker([01;35m[Kconst Eigen::Vector3f &position[m[K, float heading, const std::string& frame_id) {
[4.151s]       |                                                               [01;35m[K~~~~~~~~~~~~~~~~~~~~~~~^~~~~~~~[m[K
[4.984s] gmake[2]: *** [CMakeFiles/test_trajectory.dir/build.make:104: CMakeFiles/test_trajectory.dir/src/rviz_utils.cpp.o] Error 1
[4.984s] gmake[1]: *** [CMakeFiles/Makefile2:196: CMakeFiles/test_trajectory.dir/all] Error 2
[4.984s] gmake[1]: *** Waiting for unfinished jobs....
[5.129s] gmake[2]: *** [CMakeFiles/traj_test.dir/build.make:104: CMakeFiles/traj_test.dir/src/rviz_utils.cpp.o] Error 1
[5.129s] gmake[1]: *** [CMakeFiles/Makefile2:170: CMakeFiles/traj_test.dir/all] Error 2
[5.129s] gmake: *** [Makefile:146: all] Error 2
[5.131s] Invoked command in '/home/eashan/BuckeyeVerticalSoftware_v2/build/px4_ros_com' returned '2': CMAKE_PREFIX_PATH=/home/eashan/BuckeyeVerticalSoftware_v2/install/px4_msgs:/home/eashan/BuckeyeVerticalSoftware_v2/install/px4_ros_com:/opt/ros/humble CONDA_PROMPT_MODIFIER=(base) LD_LIBRARY_PATH=/home/eashan/BuckeyeVerticalSoftware_v2/install/px4_msgs/lib:/home/eashan/BuckeyeVerticalSoftware_v2/install/px4_ros_com/lib:/opt/ros/humble/opt/rviz_ogre_vendor/lib:/opt/ros/humble/lib/x86_64-linux-gnu:/opt/ros/humble/lib:/usr/local/cuda-12.6/lib64:/usr/local/cuda-12.6/lib64 /usr/bin/cmake --build /home/eashan/BuckeyeVerticalSoftware_v2/build/px4_ros_com -- -j4 -l4
