[0.114s] Invoking command in '/home/kvvnbs/BuckeyeVerticalSoftwareV2/build/px4_ros_com': AMENT_PREFIX_PATH=/home/kvvnbs/BuckeyeVerticalSoftwareV2/install/px4_msgs:${AMENT_PREFIX_PATH} CMAKE_PREFIX_PATH=/home/kvvnbs/BuckeyeVerticalSoftwareV2/install/px4_msgs:/opt/ros/humble LD_LIBRARY_PATH=/home/kvvnbs/BuckeyeVerticalSoftwareV2/install/px4_msgs/lib:${LD_LIBRARY_PATH} PYTHONPATH=/home/kvvnbs/BuckeyeVerticalSoftwareV2/install/px4_msgs/local/lib/python3.10/dist-packages:${PYTHONPATH} /usr/bin/cmake --build /home/kvvnbs/BuckeyeVerticalSoftwareV2/build/px4_ros_com -- -j16 -l16
[0.146s] [35m[1mConsolidate compiler generated dependencies of target traj_test[0m
[0.147s] [35m[1mConsolidate compiler generated dependencies of target test_trajectory[0m
[0.151s] [ 16%] Built target frame_transforms
[0.157s] [ 16%] Built target ament_cmake_python_copy_px4_ros_com
[0.169s] [ 33%] [32mBuilding CXX object CMakeFiles/traj_test.dir/src/traj_test.cpp.o[0m
[0.169s] [ 33%] [32mBuilding CXX object CMakeFiles/test_trajectory.dir/test/test_trajectory.cpp.o[0m
[0.169s] [ 41%] [32mBuilding CXX object CMakeFiles/traj_test.dir/src/trajectory.cpp.o[0m
[0.169s] [ 50%] [32mBuilding CXX object CMakeFiles/test_trajectory.dir/src/trajectory.cpp.o[0m
[0.367s] running egg_info
[0.369s] writing px4_ros_com.egg-info/PKG-INFO
[0.369s] writing dependency_links to px4_ros_com.egg-info/dependency_links.txt
[0.369s] writing top-level names to px4_ros_com.egg-info/top_level.txt
[0.372s] reading manifest file 'px4_ros_com.egg-info/SOURCES.txt'
[0.373s] writing manifest file 'px4_ros_com.egg-info/SOURCES.txt'
[0.396s] [ 50%] Built target ament_cmake_python_build_px4_ros_com_egg
[2.817s] [01m[K/home/kvvnbs/BuckeyeVerticalSoftwareV2/src/px4_ros_com/src/trajectory.cpp:[m[K In member function â€˜[01m[KEigen::Vector3f Trajectory::getPosition(rclcpp::Publisher<visualization_msgs::msg::Marker_<std::allocator<void> > >::SharedPtr, float, float&)[m[Kâ€™:
[2.817s] [01m[K/home/kvvnbs/BuckeyeVerticalSoftwareV2/src/px4_ros_com/src/trajectory.cpp:129:103:[m[K [01;35m[Kwarning: [m[Kunused parameter â€˜[01m[Kmarker_heading_pub[m[Kâ€™ [[01;35m[K]8;;https://gcc.gnu.org/onlinedocs/gcc/Warning-Options.html#index-Wunused-parameter-Wunused-parameter]8;;[m[K]
[2.817s]   129 | Eigen::Vector3f Trajectory::getPosition([01;35m[Krclcpp::Publisher<visualization_msgs::msg::Marker>::SharedPtr marker_heading_pub[m[K, float t, float &heading) {
[2.817s]       |                                         [01;35m[K~~~~~~~~~~~~~~~~~~~~~~~~~~~~~~~~~~~~~~~~~~~~~~~~~~~~~~~~~~~~~~^~~~~~~~~~~~~~~~~~[m[K
[2.977s] [01m[K/home/kvvnbs/BuckeyeVerticalSoftwareV2/src/px4_ros_com/src/trajectory.cpp:[m[K In member function â€˜[01m[KEigen::Vector3f Trajectory::getPosition(rclcpp::Publisher<visualization_msgs::msg::Marker_<std::allocator<void> > >::SharedPtr, float, float&)[m[Kâ€™:
[2.977s] [01m[K/home/kvvnbs/BuckeyeVerticalSoftwareV2/src/px4_ros_com/src/trajectory.cpp:129:103:[m[K [01;35m[Kwarning: [m[Kunused parameter â€˜[01m[Kmarker_heading_pub[m[Kâ€™ [[01;35m[K]8;;https://gcc.gnu.org/onlinedocs/gcc/Warning-Options.html#index-Wunused-parameter-Wunused-parameter]8;;[m[K]
[2.977s]   129 | Eigen::Vector3f Trajectory::getPosition([01;35m[Krclcpp::Publisher<visualization_msgs::msg::Marker>::SharedPtr marker_heading_pub[m[K, float t, float &heading) {
[2.977s]       |                                         [01;35m[K~~~~~~~~~~~~~~~~~~~~~~~~~~~~~~~~~~~~~~~~~~~~~~~~~~~~~~~~~~~~~~^~~~~~~~~~~~~~~~~~[m[K
[3.374s] [01m[K/home/kvvnbs/BuckeyeVerticalSoftwareV2/src/px4_ros_com/src/traj_test.cpp:[m[K In member function â€˜[01m[Kvoid OffboardControl::publish_trajectory_setpoint(float)[m[Kâ€™:
[3.374s] [01m[K/home/kvvnbs/BuckeyeVerticalSoftwareV2/src/px4_ros_com/src/traj_test.cpp:290:52:[m[K [01;31m[Kerror: [m[Kno matching function for call to â€˜[01m[KTrajectory::getPosition(float&, px4_msgs::msg::TrajectorySetpoint_<std::allocator<void> >::_yaw_type&)[m[Kâ€™
[3.374s]   290 |                         pos = [01;31m[KcurrTraj->getPosition(t, msg.yaw)[m[K;
[3.374s]       |                               [01;31m[K~~~~~~~~~~~~~~~~~~~~~^~~~~~~~~~~~[m[K
[3.374s] In file included from [01m[K/home/kvvnbs/BuckeyeVerticalSoftwareV2/src/px4_ros_com/src/traj_test.cpp:10[m[K:
[3.374s] [01m[K/home/kvvnbs/BuckeyeVerticalSoftwareV2/src/px4_ros_com/include/trajectory.h:40:21:[m[K [01;36m[Knote: [m[Kcandidate: â€˜[01m[KEigen::Vector3f Trajectory::getPosition(rclcpp::Publisher<visualization_msgs::msg::Marker_<std::allocator<void> > >::SharedPtr, float, float&)[m[Kâ€™
[3.374s]    40 |     Eigen::Vector3f [01;36m[KgetPosition[m[K(rclcpp::Publisher<visualization_msgs::msg::Marker>::SharedPtr marker_heading_pub, float t, float &heading);
[3.374s]       |                     [01;36m[K^~~~~~~~~~~[m[K
[3.374s] [01m[K/home/kvvnbs/BuckeyeVerticalSoftwareV2/src/px4_ros_com/include/trajectory.h:40:21:[m[K [01;36m[Knote: [m[K  candidate expects 3 arguments, 2 provided
[3.374s] In file included from [01m[K/home/kvvnbs/BuckeyeVerticalSoftwareV2/src/px4_ros_com/src/traj_test.cpp:10[m[K:
[3.374s] [01m[K/home/kvvnbs/BuckeyeVerticalSoftwareV2/src/px4_ros_com/include/trajectory.h:41:21:[m[K [01;36m[Knote: [m[Kcandidate: â€˜[01m[KEigen::Vector3f Trajectory::getPosition(float)[m[Kâ€™
[3.375s]    41 |     Eigen::Vector3f [01;36m[KgetPosition[m[K(float t);
[3.375s]       |                     [01;36m[K^~~~~~~~~~~[m[K
[3.375s] [01m[K/home/kvvnbs/BuckeyeVerticalSoftwareV2/src/px4_ros_com/include/trajectory.h:41:21:[m[K [01;36m[Knote: [m[K  candidate expects 1 argument, 2 provided
[8.017s] gmake[2]: *** [CMakeFiles/traj_test.dir/build.make:76: CMakeFiles/traj_test.dir/src/traj_test.cpp.o] Error 1
[8.017s] gmake[2]: *** Waiting for unfinished jobs....
[9.810s] [ 58%] [32m[1mLinking CXX executable test_trajectory[0m
[9.875s] gmake[1]: *** [CMakeFiles/Makefile2:170: CMakeFiles/traj_test.dir/all] Error 2
[9.875s] gmake[1]: *** Waiting for unfinished jobs....
[10.434s] [ 75%] Built target test_trajectory
[10.435s] gmake: *** [Makefile:146: all] Error 2
[10.438s] Invoked command in '/home/kvvnbs/BuckeyeVerticalSoftwareV2/build/px4_ros_com' returned '2': AMENT_PREFIX_PATH=/home/kvvnbs/BuckeyeVerticalSoftwareV2/install/px4_msgs:${AMENT_PREFIX_PATH} CMAKE_PREFIX_PATH=/home/kvvnbs/BuckeyeVerticalSoftwareV2/install/px4_msgs:/opt/ros/humble LD_LIBRARY_PATH=/home/kvvnbs/BuckeyeVerticalSoftwareV2/install/px4_msgs/lib:${LD_LIBRARY_PATH} PYTHONPATH=/home/kvvnbs/BuckeyeVerticalSoftwareV2/install/px4_msgs/local/lib/python3.10/dist-packages:${PYTHONPATH} /usr/bin/cmake --build /home/kvvnbs/BuckeyeVerticalSoftwareV2/build/px4_ros_com -- -j16 -l16
