[35m[1mConsolidate compiler generated dependencies of target traj_test[0m
[35m[1mConsolidate compiler generated dependencies of target test_trajectory[0m
[ 16%] Built target frame_transforms
[ 16%] Built target ament_cmake_python_copy_px4_ros_com
[ 25%] [32mBuilding CXX object CMakeFiles/test_trajectory.dir/test/test_trajectory.cpp.o[0m
[ 33%] [32mBuilding CXX object CMakeFiles/traj_test.dir/src/traj_test.cpp.o[0m
[ 41%] [32mBuilding CXX object CMakeFiles/test_trajectory.dir/src/trajectory.cpp.o[0m
[ 50%] [32mBuilding CXX object CMakeFiles/traj_test.dir/src/trajectory.cpp.o[0m
running egg_info
writing px4_ros_com.egg-info/PKG-INFO
writing dependency_links to px4_ros_com.egg-info/dependency_links.txt
writing top-level names to px4_ros_com.egg-info/top_level.txt
reading manifest file 'px4_ros_com.egg-info/SOURCES.txt'
writing manifest file 'px4_ros_com.egg-info/SOURCES.txt'
[ 50%] Built target ament_cmake_python_build_px4_ros_com_egg
In file included from [01m[K/home/kvvnbs/BuckeyeVerticalSoftwareV2/src/px4_ros_com/src/trajectory.cpp:1[m[K:
[01m[K/home/kvvnbs/BuckeyeVerticalSoftwareV2/src/px4_ros_com/include/trajectory.h:26:97:[m[K [01;31m[Kerror: [m[Kâ€˜[01m[Kclass Trajectory[m[Kâ€™ has no member named â€˜[01m[Kcreate_publisher[m[Kâ€™
   26 |     rclcpp::Publisher<visualization_msgs::msg::Marker>::SharedPtr marker_derivative_pub = this->[01;31m[Kcreate_publisher[m[K<visualization_msgs::msg::Marker>("derivative_marker", 10);
      |                                                                                                 [01;31m[K^~~~~~~~~~~~~~~~[m[K
In file included from [01m[K/home/kvvnbs/BuckeyeVerticalSoftwareV2/src/px4_ros_com/src/trajectory.cpp:1[m[K:
[01m[K/home/kvvnbs/BuckeyeVerticalSoftwareV2/src/px4_ros_com/include/trajectory.h:26:145:[m[K [01;31m[Kerror: [m[Kexpected primary-expression before â€˜[01m[K>[m[Kâ€™ token
   26 |     rclcpp::Publisher<visualization_msgs::msg::Marker>::SharedPtr marker_derivative_pub = this->create_publisher<visualization_msgs::msg::Marker[01;31m[K>[m[K("derivative_marker", 10);
      |                                                                                                                                                 [01;31m[K^[m[K
[01m[K/home/kvvnbs/BuckeyeVerticalSoftwareV2/src/px4_ros_com/include/trajectory.h:26:147:[m[K [01;35m[Kwarning: [m[Kleft operand of comma operator has no effect [[01;35m[K]8;;https://gcc.gnu.org/onlinedocs/gcc/Warning-Options.html#index-Wunused-value-Wunused-value]8;;[m[K]
   26 |     rclcpp::Publisher<visualization_msgs::msg::Marker>::SharedPtr marker_derivative_pub = this->create_publisher<visualization_msgs::msg::Marker>([01;35m[K"derivative_marker"[m[K, 10);
      |                                                                                                                                                   [01;35m[K^~~~~~~~~~~~~~~~~~~[m[K
In file included from [01m[K/home/kvvnbs/BuckeyeVerticalSoftwareV2/src/px4_ros_com/src/trajectory.cpp:1[m[K:
[01m[K/home/kvvnbs/BuckeyeVerticalSoftwareV2/src/px4_ros_com/include/trajectory.h:26:97:[m[K [01;31m[Kerror: [m[Kâ€˜[01m[Kclass Trajectory[m[Kâ€™ has no member named â€˜[01m[Kcreate_publisher[m[Kâ€™
   26 |     rclcpp::Publisher<visualization_msgs::msg::Marker>::SharedPtr marker_derivative_pub = this->[01;31m[Kcreate_publisher[m[K<visualization_msgs::msg::Marker>("derivative_marker", 10);
      |                                                                                                 [01;31m[K^~~~~~~~~~~~~~~~[m[K
In file included from [01m[K/home/kvvnbs/BuckeyeVerticalSoftwareV2/src/px4_ros_com/src/trajectory.cpp:1[m[K:
[01m[K/home/kvvnbs/BuckeyeVerticalSoftwareV2/src/px4_ros_com/include/trajectory.h:26:145:[m[K [01;31m[Kerror: [m[Kexpected primary-expression before â€˜[01m[K>[m[Kâ€™ token
   26 |     rclcpp::Publisher<visualization_msgs::msg::Marker>::SharedPtr marker_derivative_pub = this->create_publisher<visualization_msgs::msg::Marker[01;31m[K>[m[K("derivative_marker", 10);
      |                                                                                                                                                 [01;31m[K^[m[K
[01m[K/home/kvvnbs/BuckeyeVerticalSoftwareV2/src/px4_ros_com/include/trajectory.h:26:147:[m[K [01;35m[Kwarning: [m[Kleft operand of comma operator has no effect [[01;35m[K]8;;https://gcc.gnu.org/onlinedocs/gcc/Warning-Options.html#index-Wunused-value-Wunused-value]8;;[m[K]
   26 |     rclcpp::Publisher<visualization_msgs::msg::Marker>::SharedPtr marker_derivative_pub = this->create_publisher<visualization_msgs::msg::Marker>([01;35m[K"derivative_marker"[m[K, 10);
      |                                                                                                                                                   [01;35m[K^~~~~~~~~~~~~~~~~~~[m[K
In file included from [01m[K/home/kvvnbs/BuckeyeVerticalSoftwareV2/src/px4_ros_com/src/traj_test.cpp:10[m[K:
[01m[K/home/kvvnbs/BuckeyeVerticalSoftwareV2/src/px4_ros_com/include/trajectory.h:26:97:[m[K [01;31m[Kerror: [m[Kâ€˜[01m[Kclass Trajectory[m[Kâ€™ has no member named â€˜[01m[Kcreate_publisher[m[Kâ€™
   26 |     rclcpp::Publisher<visualization_msgs::msg::Marker>::SharedPtr marker_derivative_pub = this->[01;31m[Kcreate_publisher[m[K<visualization_msgs::msg::Marker>("derivative_marker", 10);
      |                                                                                                 [01;31m[K^~~~~~~~~~~~~~~~[m[K
In file included from [01m[K/home/kvvnbs/BuckeyeVerticalSoftwareV2/src/px4_ros_com/src/traj_test.cpp:10[m[K:
[01m[K/home/kvvnbs/BuckeyeVerticalSoftwareV2/src/px4_ros_com/include/trajectory.h:26:145:[m[K [01;31m[Kerror: [m[Kexpected primary-expression before â€˜[01m[K>[m[Kâ€™ token
   26 |     rclcpp::Publisher<visualization_msgs::msg::Marker>::SharedPtr marker_derivative_pub = this->create_publisher<visualization_msgs::msg::Marker[01;31m[K>[m[K("derivative_marker", 10);
      |                                                                                                                                                 [01;31m[K^[m[K
[01m[K/home/kvvnbs/BuckeyeVerticalSoftwareV2/src/px4_ros_com/include/trajectory.h:26:147:[m[K [01;35m[Kwarning: [m[Kleft operand of comma operator has no effect [[01;35m[K]8;;https://gcc.gnu.org/onlinedocs/gcc/Warning-Options.html#index-Wunused-value-Wunused-value]8;;[m[K]
   26 |     rclcpp::Publisher<visualization_msgs::msg::Marker>::SharedPtr marker_derivative_pub = this->create_publisher<visualization_msgs::msg::Marker>([01;35m[K"derivative_marker"[m[K, 10);
      |                                                                                                                                                   [01;35m[K^~~~~~~~~~~~~~~~~~~[m[K
In file included from [01m[K/home/kvvnbs/BuckeyeVerticalSoftwareV2/src/px4_ros_com/test/test_trajectory.cpp:1[m[K:
[01m[K/home/kvvnbs/BuckeyeVerticalSoftwareV2/src/px4_ros_com/include/trajectory.h:26:97:[m[K [01;31m[Kerror: [m[Kâ€˜[01m[Kclass Trajectory[m[Kâ€™ has no member named â€˜[01m[Kcreate_publisher[m[Kâ€™
   26 |     rclcpp::Publisher<visualization_msgs::msg::Marker>::SharedPtr marker_derivative_pub = this->[01;31m[Kcreate_publisher[m[K<visualization_msgs::msg::Marker>("derivative_marker", 10);
      |                                                                                                 [01;31m[K^~~~~~~~~~~~~~~~[m[K
In file included from [01m[K/home/kvvnbs/BuckeyeVerticalSoftwareV2/src/px4_ros_com/test/test_trajectory.cpp:1[m[K:
[01m[K/home/kvvnbs/BuckeyeVerticalSoftwareV2/src/px4_ros_com/include/trajectory.h:26:145:[m[K [01;31m[Kerror: [m[Kexpected primary-expression before â€˜[01m[K>[m[Kâ€™ token
   26 |     rclcpp::Publisher<visualization_msgs::msg::Marker>::SharedPtr marker_derivative_pub = this->create_publisher<visualization_msgs::msg::Marker[01;31m[K>[m[K("derivative_marker", 10);
      |                                                                                                                                                 [01;31m[K^[m[K
[01m[K/home/kvvnbs/BuckeyeVerticalSoftwareV2/src/px4_ros_com/include/trajectory.h:26:147:[m[K [01;35m[Kwarning: [m[Kleft operand of comma operator has no effect [[01;35m[K]8;;https://gcc.gnu.org/onlinedocs/gcc/Warning-Options.html#index-Wunused-value-Wunused-value]8;;[m[K]
   26 |     rclcpp::Publisher<visualization_msgs::msg::Marker>::SharedPtr marker_derivative_pub = this->create_publisher<visualization_msgs::msg::Marker>([01;35m[K"derivative_marker"[m[K, 10);
      |                                                                                                                                                   [01;35m[K^~~~~~~~~~~~~~~~~~~[m[K
gmake[2]: *** [CMakeFiles/test_trajectory.dir/build.make:76: CMakeFiles/test_trajectory.dir/test/test_trajectory.cpp.o] Error 1
gmake[2]: *** Waiting for unfinished jobs....
gmake[2]: *** [CMakeFiles/test_trajectory.dir/build.make:90: CMakeFiles/test_trajectory.dir/src/trajectory.cpp.o] Error 1
gmake[1]: *** [CMakeFiles/Makefile2:196: CMakeFiles/test_trajectory.dir/all] Error 2
gmake[1]: *** Waiting for unfinished jobs....
gmake[2]: *** [CMakeFiles/traj_test.dir/build.make:90: CMakeFiles/traj_test.dir/src/trajectory.cpp.o] Error 1
gmake[2]: *** Waiting for unfinished jobs....
gmake[2]: *** [CMakeFiles/traj_test.dir/build.make:76: CMakeFiles/traj_test.dir/src/traj_test.cpp.o] Error 1
gmake[1]: *** [CMakeFiles/Makefile2:170: CMakeFiles/traj_test.dir/all] Error 2
gmake: *** [Makefile:146: all] Error 2
