[ 16%] Built target frame_transforms
[ 16%] Built target ament_cmake_python_copy_px4_ros_com
[35m[1mConsolidate compiler generated dependencies of target test_trajectory[0m
[ 25%] [32mBuilding CXX object CMakeFiles/test_trajectory.dir/src/rviz_utils.cpp.o[0m
[01m[K/home/eashan/BuckeyeVerticalSoftware_v2/src/px4_ros_com/src/rviz_utils.cpp:[m[K In function â€˜[01m[Kvisualization_msgs::msg::Marker rviz_utils::createArrowMarker(const Vector3f&, float, const string&)[m[Kâ€™:
[01m[K/home/eashan/BuckeyeVerticalSoftware_v2/src/px4_ros_com/src/rviz_utils.cpp:54:29:[m[K [01;31m[Kerror: [m[Kbase operand of â€˜[01m[K->[m[Kâ€™ has non-pointer type â€˜[01m[Kconst Vector3f[m[Kâ€™ {aka â€˜[01m[Kconst Eigen::Matrix<float, 3, 1>[m[Kâ€™}
   54 |     start_point.x = position[01;31m[K->[m[Kx();
      |                             [01;31m[K^~[m[K
[01m[K/home/eashan/BuckeyeVerticalSoftware_v2/src/px4_ros_com/src/rviz_utils.cpp:55:29:[m[K [01;31m[Kerror: [m[Kbase operand of â€˜[01m[K->[m[Kâ€™ has non-pointer type â€˜[01m[Kconst Vector3f[m[Kâ€™ {aka â€˜[01m[Kconst Eigen::Matrix<float, 3, 1>[m[Kâ€™}
   55 |     start_point.y = position[01;31m[K->[m[Ky();
      |                             [01;31m[K^~[m[K
[01m[K/home/eashan/BuckeyeVerticalSoftware_v2/src/px4_ros_com/src/rviz_utils.cpp:56:29:[m[K [01;31m[Kerror: [m[Kbase operand of â€˜[01m[K->[m[Kâ€™ has non-pointer type â€˜[01m[Kconst Vector3f[m[Kâ€™ {aka â€˜[01m[Kconst Eigen::Matrix<float, 3, 1>[m[Kâ€™}
   56 |     start_point.z = position[01;31m[K->[m[Kz();
      |                             [01;31m[K^~[m[K
[01m[K/home/eashan/BuckeyeVerticalSoftware_v2/src/px4_ros_com/src/rviz_utils.cpp:59:20:[m[K [01;31m[Kerror: [m[Kâ€˜[01m[Kstart_x[m[Kâ€™ was not declared in this scope
   59 |     double end_x = [01;31m[Kstart_x[m[K + arrow_length * cos(heading);
      |                    [01;31m[K^~~~~~~[m[K
[01m[K/home/eashan/BuckeyeVerticalSoftware_v2/src/px4_ros_com/src/rviz_utils.cpp:60:20:[m[K [01;31m[Kerror: [m[Kâ€˜[01m[Kstart_y[m[Kâ€™ was not declared in this scope
   60 |     double end_y = [01;31m[Kstart_y[m[K + arrow_length * sin(heading);
      |                    [01;31m[K^~~~~~~[m[K
gmake[2]: *** [CMakeFiles/test_trajectory.dir/build.make:104: CMakeFiles/test_trajectory.dir/src/rviz_utils.cpp.o] Error 1
gmake[1]: *** [CMakeFiles/Makefile2:196: CMakeFiles/test_trajectory.dir/all] Error 2
gmake: *** [Makefile:146: all] Error 2
