[01m[K/home/eashan/BuckeyeVerticalSoftware_v2/src/px4_ros_com/src/rviz_utils.cpp:[m[K In function â€˜[01m[Kvisualization_msgs::msg::Marker rviz_utils::createArrowMarker(const Vector3f&, float, const string&)[m[Kâ€™:
[01m[K/home/eashan/BuckeyeVerticalSoftware_v2/src/px4_ros_com/src/rviz_utils.cpp:54:30:[m[K [01;31m[Kerror: [m[Kcannot resolve overloaded function â€˜[01m[Kx[m[Kâ€™ based on conversion to type â€˜[01m[Kgeometry_msgs::msg::Point_<std::allocator<void> >::_x_type[m[Kâ€™ {aka â€˜[01m[Kdouble[m[Kâ€™}
   54 |     start_point.x = position.[01;31m[Kx[m[K;
      |                              [01;31m[K^[m[K
[01m[K/home/eashan/BuckeyeVerticalSoftware_v2/src/px4_ros_com/src/rviz_utils.cpp:55:30:[m[K [01;31m[Kerror: [m[Kcannot resolve overloaded function â€˜[01m[Ky[m[Kâ€™ based on conversion to type â€˜[01m[Kgeometry_msgs::msg::Point_<std::allocator<void> >::_y_type[m[Kâ€™ {aka â€˜[01m[Kdouble[m[Kâ€™}
   55 |     start_point.y = position.[01;31m[Ky[m[K;
      |                              [01;31m[K^[m[K
[01m[K/home/eashan/BuckeyeVerticalSoftware_v2/src/px4_ros_com/src/rviz_utils.cpp:56:30:[m[K [01;31m[Kerror: [m[Kcannot resolve overloaded function â€˜[01m[Kz[m[Kâ€™ based on conversion to type â€˜[01m[Kgeometry_msgs::msg::Point_<std::allocator<void> >::_z_type[m[Kâ€™ {aka â€˜[01m[Kdouble[m[Kâ€™}
   56 |     start_point.z = position.[01;31m[Kz[m[K;
      |                              [01;31m[K^[m[K
[01m[K/home/eashan/BuckeyeVerticalSoftware_v2/src/px4_ros_com/src/rviz_utils.cpp:59:20:[m[K [01;31m[Kerror: [m[Kâ€˜[01m[Kstart_x[m[Kâ€™ was not declared in this scope
   59 |     double end_x = [01;31m[Kstart_x[m[K + arrow_length * cos(heading);
      |                    [01;31m[K^~~~~~~[m[K
[01m[K/home/eashan/BuckeyeVerticalSoftware_v2/src/px4_ros_com/src/rviz_utils.cpp:60:20:[m[K [01;31m[Kerror: [m[Kâ€˜[01m[Kstart_y[m[Kâ€™ was not declared in this scope
   60 |     double end_y = [01;31m[Kstart_y[m[K + arrow_length * sin(heading);
      |                    [01;31m[K^~~~~~~[m[K
[01m[K/home/eashan/BuckeyeVerticalSoftware_v2/src/px4_ros_com/src/rviz_utils.cpp:[m[K In function â€˜[01m[Kvisualization_msgs::msg::Marker rviz_utils::createArrowMarker(const Vector3f&, float, const string&)[m[Kâ€™:
[01m[K/home/eashan/BuckeyeVerticalSoftware_v2/src/px4_ros_com/src/rviz_utils.cpp:54:30:[m[K [01;31m[Kerror: [m[Kcannot resolve overloaded function â€˜[01m[Kx[m[Kâ€™ based on conversion to type â€˜[01m[Kgeometry_msgs::msg::Point_<std::allocator<void> >::_x_type[m[Kâ€™ {aka â€˜[01m[Kdouble[m[Kâ€™}
   54 |     start_point.x = position.[01;31m[Kx[m[K;
      |                              [01;31m[K^[m[K
[01m[K/home/eashan/BuckeyeVerticalSoftware_v2/src/px4_ros_com/src/rviz_utils.cpp:55:30:[m[K [01;31m[Kerror: [m[Kcannot resolve overloaded function â€˜[01m[Ky[m[Kâ€™ based on conversion to type â€˜[01m[Kgeometry_msgs::msg::Point_<std::allocator<void> >::_y_type[m[Kâ€™ {aka â€˜[01m[Kdouble[m[Kâ€™}
   55 |     start_point.y = position.[01;31m[Ky[m[K;
      |                              [01;31m[K^[m[K
[01m[K/home/eashan/BuckeyeVerticalSoftware_v2/src/px4_ros_com/src/rviz_utils.cpp:56:30:[m[K [01;31m[Kerror: [m[Kcannot resolve overloaded function â€˜[01m[Kz[m[Kâ€™ based on conversion to type â€˜[01m[Kgeometry_msgs::msg::Point_<std::allocator<void> >::_z_type[m[Kâ€™ {aka â€˜[01m[Kdouble[m[Kâ€™}
   56 |     start_point.z = position.[01;31m[Kz[m[K;
      |                              [01;31m[K^[m[K
[01m[K/home/eashan/BuckeyeVerticalSoftware_v2/src/px4_ros_com/src/rviz_utils.cpp:59:20:[m[K [01;31m[Kerror: [m[Kâ€˜[01m[Kstart_x[m[Kâ€™ was not declared in this scope
   59 |     double end_x = [01;31m[Kstart_x[m[K + arrow_length * cos(heading);
      |                    [01;31m[K^~~~~~~[m[K
[01m[K/home/eashan/BuckeyeVerticalSoftware_v2/src/px4_ros_com/src/rviz_utils.cpp:60:20:[m[K [01;31m[Kerror: [m[Kâ€˜[01m[Kstart_y[m[Kâ€™ was not declared in this scope
   60 |     double end_y = [01;31m[Kstart_y[m[K + arrow_length * sin(heading);
      |                    [01;31m[K^~~~~~~[m[K
gmake[2]: *** [CMakeFiles/traj_test.dir/build.make:104: CMakeFiles/traj_test.dir/src/rviz_utils.cpp.o] Error 1
gmake[1]: *** [CMakeFiles/Makefile2:170: CMakeFiles/traj_test.dir/all] Error 2
gmake[1]: *** Waiting for unfinished jobs....
gmake[2]: *** [CMakeFiles/test_trajectory.dir/build.make:104: CMakeFiles/test_trajectory.dir/src/rviz_utils.cpp.o] Error 1
gmake[1]: *** [CMakeFiles/Makefile2:196: CMakeFiles/test_trajectory.dir/all] Error 2
gmake: *** [Makefile:146: all] Error 2
