[0.341s] Invoking command in '/home/eashan/BuckeyeVerticalSoftware_v2/build/px4_ros_com': CMAKE_PREFIX_PATH=/home/eashan/BuckeyeVerticalSoftware_v2/install/px4_msgs:/home/eashan/BuckeyeVerticalSoftware_v2/install/px4_ros_com:/opt/ros/humble CONDA_PROMPT_MODIFIER=(base) LD_LIBRARY_PATH=/home/eashan/BuckeyeVerticalSoftware_v2/install/px4_msgs/lib:/home/eashan/BuckeyeVerticalSoftware_v2/install/px4_ros_com/lib:/opt/ros/humble/opt/rviz_ogre_vendor/lib:/opt/ros/humble/lib/x86_64-linux-gnu:/opt/ros/humble/lib:/usr/local/cuda-12.6/lib64:/usr/local/cuda-12.6/lib64 /usr/bin/cmake --build /home/eashan/BuckeyeVerticalSoftware_v2/build/px4_ros_com -- -j4 -l4
[0.386s] [35m[1mConsolidate compiler generated dependencies of target test_trajectory[0m
[0.398s] [35m[1mConsolidate compiler generated dependencies of target traj_test[0m
[0.402s] [ 16%] Built target frame_transforms
[0.424s] [ 16%] Built target ament_cmake_python_copy_px4_ros_com
[0.426s] [ 25%] [32mBuilding CXX object CMakeFiles/test_trajectory.dir/src/rviz_utils.cpp.o[0m
[0.436s] [ 33%] [32mBuilding CXX object CMakeFiles/traj_test.dir/src/rviz_utils.cpp.o[0m
[0.694s] running egg_info
[0.713s] writing px4_ros_com.egg-info/PKG-INFO
[0.714s] writing dependency_links to px4_ros_com.egg-info/dependency_links.txt
[0.715s] writing top-level names to px4_ros_com.egg-info/top_level.txt
[0.791s] reading manifest file 'px4_ros_com.egg-info/SOURCES.txt'
[0.792s] writing manifest file 'px4_ros_com.egg-info/SOURCES.txt'
[0.845s] [ 33%] Built target ament_cmake_python_build_px4_ros_com_egg
[4.068s] [01m[K/home/eashan/BuckeyeVerticalSoftware_v2/src/px4_ros_com/src/rviz_utils.cpp:[m[K In function â€˜[01m[Kvisualization_msgs::msg::Marker rviz_utils::createArrowMarker(const Vector3f&, float, const string&)[m[Kâ€™:
[4.068s] [01m[K/home/eashan/BuckeyeVerticalSoftware_v2/src/px4_ros_com/src/rviz_utils.cpp:54:30:[m[K [01;31m[Kerror: [m[Kcannot resolve overloaded function â€˜[01m[Kx[m[Kâ€™ based on conversion to type â€˜[01m[Kgeometry_msgs::msg::Point_<std::allocator<void> >::_x_type[m[Kâ€™ {aka â€˜[01m[Kdouble[m[Kâ€™}
[4.068s]    54 |     start_point.x = position.[01;31m[Kx[m[K;
[4.068s]       |                              [01;31m[K^[m[K
[4.069s] [01m[K/home/eashan/BuckeyeVerticalSoftware_v2/src/px4_ros_com/src/rviz_utils.cpp:55:30:[m[K [01;31m[Kerror: [m[Kcannot resolve overloaded function â€˜[01m[Ky[m[Kâ€™ based on conversion to type â€˜[01m[Kgeometry_msgs::msg::Point_<std::allocator<void> >::_y_type[m[Kâ€™ {aka â€˜[01m[Kdouble[m[Kâ€™}
[4.069s]    55 |     start_point.y = position.[01;31m[Ky[m[K;
[4.069s]       |                              [01;31m[K^[m[K
[4.070s] [01m[K/home/eashan/BuckeyeVerticalSoftware_v2/src/px4_ros_com/src/rviz_utils.cpp:56:30:[m[K [01;31m[Kerror: [m[Kcannot resolve overloaded function â€˜[01m[Kz[m[Kâ€™ based on conversion to type â€˜[01m[Kgeometry_msgs::msg::Point_<std::allocator<void> >::_z_type[m[Kâ€™ {aka â€˜[01m[Kdouble[m[Kâ€™}
[4.070s]    56 |     start_point.z = position.[01;31m[Kz[m[K;
[4.070s]       |                              [01;31m[K^[m[K
[4.077s] [01m[K/home/eashan/BuckeyeVerticalSoftware_v2/src/px4_ros_com/src/rviz_utils.cpp:59:20:[m[K [01;31m[Kerror: [m[Kâ€˜[01m[Kstart_x[m[Kâ€™ was not declared in this scope
[4.077s]    59 |     double end_x = [01;31m[Kstart_x[m[K + arrow_length * cos(heading);
[4.077s]       |                    [01;31m[K^~~~~~~[m[K
[4.084s] [01m[K/home/eashan/BuckeyeVerticalSoftware_v2/src/px4_ros_com/src/rviz_utils.cpp:60:20:[m[K [01;31m[Kerror: [m[Kâ€˜[01m[Kstart_y[m[Kâ€™ was not declared in this scope
[4.084s]    60 |     double end_y = [01;31m[Kstart_y[m[K + arrow_length * sin(heading);
[4.084s]       |                    [01;31m[K^~~~~~~[m[K
[4.303s] [01m[K/home/eashan/BuckeyeVerticalSoftware_v2/src/px4_ros_com/src/rviz_utils.cpp:[m[K In function â€˜[01m[Kvisualization_msgs::msg::Marker rviz_utils::createArrowMarker(const Vector3f&, float, const string&)[m[Kâ€™:
[4.303s] [01m[K/home/eashan/BuckeyeVerticalSoftware_v2/src/px4_ros_com/src/rviz_utils.cpp:54:30:[m[K [01;31m[Kerror: [m[Kcannot resolve overloaded function â€˜[01m[Kx[m[Kâ€™ based on conversion to type â€˜[01m[Kgeometry_msgs::msg::Point_<std::allocator<void> >::_x_type[m[Kâ€™ {aka â€˜[01m[Kdouble[m[Kâ€™}
[4.303s]    54 |     start_point.x = position.[01;31m[Kx[m[K;
[4.303s]       |                              [01;31m[K^[m[K
[4.303s] [01m[K/home/eashan/BuckeyeVerticalSoftware_v2/src/px4_ros_com/src/rviz_utils.cpp:55:30:[m[K [01;31m[Kerror: [m[Kcannot resolve overloaded function â€˜[01m[Ky[m[Kâ€™ based on conversion to type â€˜[01m[Kgeometry_msgs::msg::Point_<std::allocator<void> >::_y_type[m[Kâ€™ {aka â€˜[01m[Kdouble[m[Kâ€™}
[4.304s]    55 |     start_point.y = position.[01;31m[Ky[m[K;
[4.304s]       |                              [01;31m[K^[m[K
[4.304s] [01m[K/home/eashan/BuckeyeVerticalSoftware_v2/src/px4_ros_com/src/rviz_utils.cpp:56:30:[m[K [01;31m[Kerror: [m[Kcannot resolve overloaded function â€˜[01m[Kz[m[Kâ€™ based on conversion to type â€˜[01m[Kgeometry_msgs::msg::Point_<std::allocator<void> >::_z_type[m[Kâ€™ {aka â€˜[01m[Kdouble[m[Kâ€™}
[4.304s]    56 |     start_point.z = position.[01;31m[Kz[m[K;
[4.304s]       |                              [01;31m[K^[m[K
[4.309s] [01m[K/home/eashan/BuckeyeVerticalSoftware_v2/src/px4_ros_com/src/rviz_utils.cpp:59:20:[m[K [01;31m[Kerror: [m[Kâ€˜[01m[Kstart_x[m[Kâ€™ was not declared in this scope
[4.310s]    59 |     double end_x = [01;31m[Kstart_x[m[K + arrow_length * cos(heading);
[4.310s]       |                    [01;31m[K^~~~~~~[m[K
[4.315s] [01m[K/home/eashan/BuckeyeVerticalSoftware_v2/src/px4_ros_com/src/rviz_utils.cpp:60:20:[m[K [01;31m[Kerror: [m[Kâ€˜[01m[Kstart_y[m[Kâ€™ was not declared in this scope
[4.315s]    60 |     double end_y = [01;31m[Kstart_y[m[K + arrow_length * sin(heading);
[4.315s]       |                    [01;31m[K^~~~~~~[m[K
[4.861s] gmake[2]: *** [CMakeFiles/traj_test.dir/build.make:104: CMakeFiles/traj_test.dir/src/rviz_utils.cpp.o] Error 1
[4.862s] gmake[1]: *** [CMakeFiles/Makefile2:170: CMakeFiles/traj_test.dir/all] Error 2
[4.862s] gmake[1]: *** Waiting for unfinished jobs....
[4.991s] gmake[2]: *** [CMakeFiles/test_trajectory.dir/build.make:104: CMakeFiles/test_trajectory.dir/src/rviz_utils.cpp.o] Error 1
[4.991s] gmake[1]: *** [CMakeFiles/Makefile2:196: CMakeFiles/test_trajectory.dir/all] Error 2
[4.991s] gmake: *** [Makefile:146: all] Error 2
[4.994s] Invoked command in '/home/eashan/BuckeyeVerticalSoftware_v2/build/px4_ros_com' returned '2': CMAKE_PREFIX_PATH=/home/eashan/BuckeyeVerticalSoftware_v2/install/px4_msgs:/home/eashan/BuckeyeVerticalSoftware_v2/install/px4_ros_com:/opt/ros/humble CONDA_PROMPT_MODIFIER=(base) LD_LIBRARY_PATH=/home/eashan/BuckeyeVerticalSoftware_v2/install/px4_msgs/lib:/home/eashan/BuckeyeVerticalSoftware_v2/install/px4_ros_com/lib:/opt/ros/humble/opt/rviz_ogre_vendor/lib:/opt/ros/humble/lib/x86_64-linux-gnu:/opt/ros/humble/lib:/usr/local/cuda-12.6/lib64:/usr/local/cuda-12.6/lib64 /usr/bin/cmake --build /home/eashan/BuckeyeVerticalSoftware_v2/build/px4_ros_com -- -j4 -l4
