[0.275s] Invoking command in '/home/eashan/BuckeyeVerticalSoftware_v2/build/px4_ros_com': CMAKE_PREFIX_PATH=/home/eashan/BuckeyeVerticalSoftware_v2/install/px4_msgs:/home/eashan/BuckeyeVerticalSoftware_v2/install/px4_ros_com:/opt/ros/humble CONDA_PROMPT_MODIFIER=(base) LD_LIBRARY_PATH=/home/eashan/BuckeyeVerticalSoftware_v2/install/px4_msgs/lib:/home/eashan/BuckeyeVerticalSoftware_v2/install/px4_ros_com/lib:/opt/ros/humble/opt/rviz_ogre_vendor/lib:/opt/ros/humble/lib/x86_64-linux-gnu:/opt/ros/humble/lib:/usr/local/cuda-12.6/lib64:/usr/local/cuda-12.6/lib64 /usr/bin/cmake --build /home/eashan/BuckeyeVerticalSoftware_v2/build/px4_ros_com -- -j4 -l4
[0.322s] [ 16%] Built target frame_transforms
[0.324s] [35m[1mConsolidate compiler generated dependencies of target traj_test[0m
[0.347s] [ 25%] [32mBuilding CXX object CMakeFiles/traj_test.dir/src/traj_test.cpp.o[0m
[0.352s] [ 33%] [32mBuilding CXX object CMakeFiles/traj_test.dir/src/rviz_utils.cpp.o[0m
[0.364s] [ 33%] Built target ament_cmake_python_copy_px4_ros_com
[0.398s] [ 41%] [32mBuilding CXX object CMakeFiles/test_trajectory.dir/src/rviz_utils.cpp.o[0m
[4.434s] [01m[K/home/eashan/BuckeyeVerticalSoftware_v2/src/px4_ros_com/src/rviz_utils.cpp:[m[K In function â€˜[01m[Kvisualization_msgs::msg::Marker rviz_utils::createArrowMarker(const Vector3f&, float, const string&)[m[Kâ€™:
[4.434s] [01m[K/home/eashan/BuckeyeVerticalSoftware_v2/src/px4_ros_com/src/rviz_utils.cpp:40:20:[m[K [01;31m[Kerror: [m[Kâ€˜[01m[KPoint[m[Kâ€™ is not a member of â€˜[01m[Kgeometry_msgs[m[Kâ€™; did you mean â€˜[01m[Kgeometry_msgs::msg::Point[m[Kâ€™?
[4.434s]    40 |     geometry_msgs::[01;31m[KPoint[m[K start_point;
[4.434s]       |                    [01;31m[K^~~~~[m[K
[4.435s] In file included from [01m[K/opt/ros/humble/include/geometry_msgs/geometry_msgs/msg/detail/pose__struct.hpp:20[m[K,
[4.435s]                  from [01m[K/opt/ros/humble/include/visualization_msgs/visualization_msgs/msg/detail/marker__struct.hpp:22[m[K,
[4.435s]                  from [01m[K/opt/ros/humble/include/visualization_msgs/visualization_msgs/msg/marker.hpp:7[m[K,
[4.435s]                  from [01m[K/home/eashan/BuckeyeVerticalSoftware_v2/src/px4_ros_com/include/rviz_utils.h:1[m[K,
[4.435s]                  from [01m[K/home/eashan/BuckeyeVerticalSoftware_v2/src/px4_ros_com/src/rviz_utils.cpp:1[m[K:
[4.435s] [01m[K/opt/ros/humble/include/geometry_msgs/geometry_msgs/msg/detail/point__struct.hpp:150:7:[m[K [01;36m[Knote: [m[Kâ€˜[01m[Kgeometry_msgs::msg::Point[m[Kâ€™ declared here
[4.435s]   150 | using [01;36m[KPoint[m[K =
[4.436s]       |       [01;36m[K^~~~~[m[K
[4.443s] [01m[K/home/eashan/BuckeyeVerticalSoftware_v2/src/px4_ros_com/src/rviz_utils.cpp:41:5:[m[K [01;31m[Kerror: [m[Kâ€˜[01m[Kstart_point[m[Kâ€™ was not declared in this scope
[4.443s]    41 |     [01;31m[Kstart_point[m[K.x = start_x;
[4.443s]       |     [01;31m[K^~~~~~~~~~~[m[K
[4.448s] [01m[K/home/eashan/BuckeyeVerticalSoftware_v2/src/px4_ros_com/src/rviz_utils.cpp:41:21:[m[K [01;31m[Kerror: [m[Kâ€˜[01m[Kstart_x[m[Kâ€™ was not declared in this scope
[4.448s]    41 |     start_point.x = [01;31m[Kstart_x[m[K;
[4.448s]       |                     [01;31m[K^~~~~~~[m[K
[4.453s] [01m[K/home/eashan/BuckeyeVerticalSoftware_v2/src/px4_ros_com/src/rviz_utils.cpp:42:21:[m[K [01;31m[Kerror: [m[Kâ€˜[01m[Kstart_y[m[Kâ€™ was not declared in this scope
[4.454s]    42 |     start_point.y = [01;31m[Kstart_y[m[K;
[4.454s]       |                     [01;31m[K^~~~~~~[m[K
[4.461s] [01m[K/home/eashan/BuckeyeVerticalSoftware_v2/src/px4_ros_com/src/rviz_utils.cpp:46:30:[m[K [01;31m[Kerror: [m[Kâ€˜[01m[Karrow_length[m[Kâ€™ was not declared in this scope
[4.461s]    46 |     double end_x = start_x + [01;31m[Karrow_length[m[K * cos(heading);
[4.461s]       |                              [01;31m[K^~~~~~~~~~~~[m[K
[4.462s] [01m[K/home/eashan/BuckeyeVerticalSoftware_v2/src/px4_ros_com/src/rviz_utils.cpp:49:20:[m[K [01;31m[Kerror: [m[Kâ€˜[01m[KPoint[m[Kâ€™ is not a member of â€˜[01m[Kgeometry_msgs[m[Kâ€™; did you mean â€˜[01m[Kgeometry_msgs::msg::Point[m[Kâ€™?
[4.462s]    49 |     geometry_msgs::[01;31m[KPoint[m[K end_point;
[4.462s]       |                    [01;31m[K^~~~~[m[K
[4.463s] In file included from [01m[K/opt/ros/humble/include/geometry_msgs/geometry_msgs/msg/detail/pose__struct.hpp:20[m[K,
[4.463s]                  from [01m[K/opt/ros/humble/include/visualization_msgs/visualization_msgs/msg/detail/marker__struct.hpp:22[m[K,
[4.463s]                  from [01m[K/opt/ros/humble/include/visualization_msgs/visualization_msgs/msg/marker.hpp:7[m[K,
[4.463s]                  from [01m[K/home/eashan/BuckeyeVerticalSoftware_v2/src/px4_ros_com/include/rviz_utils.h:1[m[K,
[4.463s]                  from [01m[K/home/eashan/BuckeyeVerticalSoftware_v2/src/px4_ros_com/src/rviz_utils.cpp:1[m[K:
[4.463s] [01m[K/opt/ros/humble/include/geometry_msgs/geometry_msgs/msg/detail/point__struct.hpp:150:7:[m[K [01;36m[Knote: [m[Kâ€˜[01m[Kgeometry_msgs::msg::Point[m[Kâ€™ declared here
[4.463s]   150 | using [01;36m[KPoint[m[K =
[4.463s]       |       [01;36m[K^~~~~[m[K
[4.471s] [01m[K/home/eashan/BuckeyeVerticalSoftware_v2/src/px4_ros_com/src/rviz_utils.cpp:50:5:[m[K [01;31m[Kerror: [m[Kâ€˜[01m[Kend_point[m[Kâ€™ was not declared in this scope
[4.471s]    50 |     [01;31m[Kend_point[m[K.x = end_x;
[4.471s]       |     [01;31m[K^~~~~~~~~[m[K
[4.486s] [01m[K/home/eashan/BuckeyeVerticalSoftware_v2/src/px4_ros_com/src/rviz_utils.cpp:30:86:[m[K [01;35m[Kwarning: [m[Kunused parameter â€˜[01m[Kposition[m[Kâ€™ [[01;35m[K]8;;https://gcc.gnu.org/onlinedocs/gcc/Warning-Options.html#index-Wunused-parameter-Wunused-parameter]8;;[m[K]
[4.486s]    30 | visualization_msgs::msg::Marker rviz_utils::createArrowMarker([01;35m[Kconst Eigen::Vector3f &position[m[K, float heading, const std::string& frame_id) {
[4.486s]       |                                                               [01;35m[K~~~~~~~~~~~~~~~~~~~~~~~^~~~~~~~[m[K
[5.555s] gmake[2]: *** [CMakeFiles/test_trajectory.dir/build.make:104: CMakeFiles/test_trajectory.dir/src/rviz_utils.cpp.o] Error 1
[5.555s] gmake[1]: *** [CMakeFiles/Makefile2:196: CMakeFiles/test_trajectory.dir/all] Error 2
[5.555s] gmake[1]: *** Waiting for unfinished jobs....
[5.831s] [01m[K/home/eashan/BuckeyeVerticalSoftware_v2/src/px4_ros_com/src/rviz_utils.cpp:[m[K In function â€˜[01m[Kvisualization_msgs::msg::Marker rviz_utils::createArrowMarker(const Vector3f&, float, const string&)[m[Kâ€™:
[5.831s] [01m[K/home/eashan/BuckeyeVerticalSoftware_v2/src/px4_ros_com/src/rviz_utils.cpp:40:20:[m[K [01;31m[Kerror: [m[Kâ€˜[01m[KPoint[m[Kâ€™ is not a member of â€˜[01m[Kgeometry_msgs[m[Kâ€™; did you mean â€˜[01m[Kgeometry_msgs::msg::Point[m[Kâ€™?
[5.831s]    40 |     geometry_msgs::[01;31m[KPoint[m[K start_point;
[5.831s]       |                    [01;31m[K^~~~~[m[K
[5.832s] In file included from [01m[K/opt/ros/humble/include/geometry_msgs/geometry_msgs/msg/detail/pose__struct.hpp:20[m[K,
[5.832s]                  from [01m[K/opt/ros/humble/include/visualization_msgs/visualization_msgs/msg/detail/marker__struct.hpp:22[m[K,
[5.832s]                  from [01m[K/opt/ros/humble/include/visualization_msgs/visualization_msgs/msg/marker.hpp:7[m[K,
[5.832s]                  from [01m[K/home/eashan/BuckeyeVerticalSoftware_v2/src/px4_ros_com/include/rviz_utils.h:1[m[K,
[5.832s]                  from [01m[K/home/eashan/BuckeyeVerticalSoftware_v2/src/px4_ros_com/src/rviz_utils.cpp:1[m[K:
[5.833s] [01m[K/opt/ros/humble/include/geometry_msgs/geometry_msgs/msg/detail/point__struct.hpp:150:7:[m[K [01;36m[Knote: [m[Kâ€˜[01m[Kgeometry_msgs::msg::Point[m[Kâ€™ declared here
[5.833s]   150 | using [01;36m[KPoint[m[K =
[5.833s]       |       [01;36m[K^~~~~[m[K
[5.838s] [01m[K/home/eashan/BuckeyeVerticalSoftware_v2/src/px4_ros_com/src/rviz_utils.cpp:41:5:[m[K [01;31m[Kerror: [m[Kâ€˜[01m[Kstart_point[m[Kâ€™ was not declared in this scope
[5.838s]    41 |     [01;31m[Kstart_point[m[K.x = start_x;
[5.838s]       |     [01;31m[K^~~~~~~~~~~[m[K
[5.843s] [01m[K/home/eashan/BuckeyeVerticalSoftware_v2/src/px4_ros_com/src/rviz_utils.cpp:41:21:[m[K [01;31m[Kerror: [m[Kâ€˜[01m[Kstart_x[m[Kâ€™ was not declared in this scope
[5.843s]    41 |     start_point.x = [01;31m[Kstart_x[m[K;
[5.843s]       |                     [01;31m[K^~~~~~~[m[K
[5.847s] [01m[K/home/eashan/BuckeyeVerticalSoftware_v2/src/px4_ros_com/src/rviz_utils.cpp:42:21:[m[K [01;31m[Kerror: [m[Kâ€˜[01m[Kstart_y[m[Kâ€™ was not declared in this scope
[5.847s]    42 |     start_point.y = [01;31m[Kstart_y[m[K;
[5.847s]       |                     [01;31m[K^~~~~~~[m[K
[5.853s] [01m[K/home/eashan/BuckeyeVerticalSoftware_v2/src/px4_ros_com/src/rviz_utils.cpp:46:30:[m[K [01;31m[Kerror: [m[Kâ€˜[01m[Karrow_length[m[Kâ€™ was not declared in this scope
[5.853s]    46 |     double end_x = start_x + [01;31m[Karrow_length[m[K * cos(heading);
[5.853s]       |                              [01;31m[K^~~~~~~~~~~~[m[K
[5.855s] [01m[K/home/eashan/BuckeyeVerticalSoftware_v2/src/px4_ros_com/src/rviz_utils.cpp:49:20:[m[K [01;31m[Kerror: [m[Kâ€˜[01m[KPoint[m[Kâ€™ is not a member of â€˜[01m[Kgeometry_msgs[m[Kâ€™; did you mean â€˜[01m[Kgeometry_msgs::msg::Point[m[Kâ€™?
[5.855s]    49 |     geometry_msgs::[01;31m[KPoint[m[K end_point;
[5.855s]       |                    [01;31m[K^~~~~[m[K
[5.855s] In file included from [01m[K/opt/ros/humble/include/geometry_msgs/geometry_msgs/msg/detail/pose__struct.hpp:20[m[K,
[5.855s]                  from [01m[K/opt/ros/humble/include/visualization_msgs/visualization_msgs/msg/detail/marker__struct.hpp:22[m[K,
[5.855s]                  from [01m[K/opt/ros/humble/include/visualization_msgs/visualization_msgs/msg/marker.hpp:7[m[K,
[5.855s]                  from [01m[K/home/eashan/BuckeyeVerticalSoftware_v2/src/px4_ros_com/include/rviz_utils.h:1[m[K,
[5.855s]                  from [01m[K/home/eashan/BuckeyeVerticalSoftware_v2/src/px4_ros_com/src/rviz_utils.cpp:1[m[K:
[5.855s] [01m[K/opt/ros/humble/include/geometry_msgs/geometry_msgs/msg/detail/point__struct.hpp:150:7:[m[K [01;36m[Knote: [m[Kâ€˜[01m[Kgeometry_msgs::msg::Point[m[Kâ€™ declared here
[5.855s]   150 | using [01;36m[KPoint[m[K =
[5.855s]       |       [01;36m[K^~~~~[m[K
[5.860s] [01m[K/home/eashan/BuckeyeVerticalSoftware_v2/src/px4_ros_com/src/rviz_utils.cpp:50:5:[m[K [01;31m[Kerror: [m[Kâ€˜[01m[Kend_point[m[Kâ€™ was not declared in this scope
[5.860s]    50 |     [01;31m[Kend_point[m[K.x = end_x;
[5.860s]       |     [01;31m[K^~~~~~~~~[m[K
[5.860s] [01m[K/home/eashan/BuckeyeVerticalSoftware_v2/src/px4_ros_com/src/rviz_utils.cpp:30:86:[m[K [01;35m[Kwarning: [m[Kunused parameter â€˜[01m[Kposition[m[Kâ€™ [[01;35m[K]8;;https://gcc.gnu.org/onlinedocs/gcc/Warning-Options.html#index-Wunused-parameter-Wunused-parameter]8;;[m[K]
[5.860s]    30 | visualization_msgs::msg::Marker rviz_utils::createArrowMarker([01;35m[Kconst Eigen::Vector3f &position[m[K, float heading, const std::string& frame_id) {
[5.860s]       |                                                               [01;35m[K~~~~~~~~~~~~~~~~~~~~~~~^~~~~~~~[m[K
[6.676s] gmake[2]: *** [CMakeFiles/traj_test.dir/build.make:104: CMakeFiles/traj_test.dir/src/rviz_utils.cpp.o] Error 1
[6.676s] gmake[2]: *** Waiting for unfinished jobs....
[16.398s] gmake[1]: *** [CMakeFiles/Makefile2:170: CMakeFiles/traj_test.dir/all] Error 2
[16.400s] gmake: *** [Makefile:146: all] Error 2
[16.402s] Invoked command in '/home/eashan/BuckeyeVerticalSoftware_v2/build/px4_ros_com' returned '2': CMAKE_PREFIX_PATH=/home/eashan/BuckeyeVerticalSoftware_v2/install/px4_msgs:/home/eashan/BuckeyeVerticalSoftware_v2/install/px4_ros_com:/opt/ros/humble CONDA_PROMPT_MODIFIER=(base) LD_LIBRARY_PATH=/home/eashan/BuckeyeVerticalSoftware_v2/install/px4_msgs/lib:/home/eashan/BuckeyeVerticalSoftware_v2/install/px4_ros_com/lib:/opt/ros/humble/opt/rviz_ogre_vendor/lib:/opt/ros/humble/lib/x86_64-linux-gnu:/opt/ros/humble/lib:/usr/local/cuda-12.6/lib64:/usr/local/cuda-12.6/lib64 /usr/bin/cmake --build /home/eashan/BuckeyeVerticalSoftware_v2/build/px4_ros_com -- -j4 -l4
