In file included from [01m[K/home/kvvnbs/BuckeyeVerticalSoftwareV2/src/px4_ros_com/test/test_trajectory.cpp:1[m[K:
[01m[K/home/kvvnbs/BuckeyeVerticalSoftwareV2/src/px4_ros_com/include/trajectory.h:25:5:[m[K [01;31m[Kerror: [m[Kâ€˜[01m[Kmarker_derivative_pub[m[Kâ€™ does not name a type
   25 |     [01;31m[Kmarker_derivative_pub[m[K = this->create_publisher<visualization_msgs::msg::Marker>("derivative_marker", 10);
      |     [01;31m[K^~~~~~~~~~~~~~~~~~~~~[m[K
In file included from [01m[K/home/kvvnbs/BuckeyeVerticalSoftwareV2/src/px4_ros_com/src/trajectory.cpp:1[m[K:
[01m[K/home/kvvnbs/BuckeyeVerticalSoftwareV2/src/px4_ros_com/include/trajectory.h:25:5:[m[K [01;31m[Kerror: [m[Kâ€˜[01m[Kmarker_derivative_pub[m[Kâ€™ does not name a type
   25 |     [01;31m[Kmarker_derivative_pub[m[K = this->create_publisher<visualization_msgs::msg::Marker>("derivative_marker", 10);
      |     [01;31m[K^~~~~~~~~~~~~~~~~~~~~[m[K
In file included from [01m[K/home/kvvnbs/BuckeyeVerticalSoftwareV2/src/px4_ros_com/src/trajectory.cpp:1[m[K:
[01m[K/home/kvvnbs/BuckeyeVerticalSoftwareV2/src/px4_ros_com/include/trajectory.h:25:5:[m[K [01;31m[Kerror: [m[Kâ€˜[01m[Kmarker_derivative_pub[m[Kâ€™ does not name a type
   25 |     [01;31m[Kmarker_derivative_pub[m[K = this->create_publisher<visualization_msgs::msg::Marker>("derivative_marker", 10);
      |     [01;31m[K^~~~~~~~~~~~~~~~~~~~~[m[K
In file included from [01m[K/home/kvvnbs/BuckeyeVerticalSoftwareV2/src/px4_ros_com/src/traj_test.cpp:10[m[K:
[01m[K/home/kvvnbs/BuckeyeVerticalSoftwareV2/src/px4_ros_com/include/trajectory.h:25:5:[m[K [01;31m[Kerror: [m[Kâ€˜[01m[Kmarker_derivative_pub[m[Kâ€™ does not name a type
   25 |     [01;31m[Kmarker_derivative_pub[m[K = this->create_publisher<visualization_msgs::msg::Marker>("derivative_marker", 10);
      |     [01;31m[K^~~~~~~~~~~~~~~~~~~~~[m[K
gmake[2]: *** [CMakeFiles/test_trajectory.dir/build.make:76: CMakeFiles/test_trajectory.dir/test/test_trajectory.cpp.o] Error 1
gmake[2]: *** Waiting for unfinished jobs....
gmake[2]: *** [CMakeFiles/test_trajectory.dir/build.make:90: CMakeFiles/test_trajectory.dir/src/trajectory.cpp.o] Error 1
gmake[2]: *** [CMakeFiles/traj_test.dir/build.make:90: CMakeFiles/traj_test.dir/src/trajectory.cpp.o] Error 1
gmake[2]: *** Waiting for unfinished jobs....
gmake[1]: *** [CMakeFiles/Makefile2:196: CMakeFiles/test_trajectory.dir/all] Error 2
gmake[1]: *** Waiting for unfinished jobs....
gmake[2]: *** [CMakeFiles/traj_test.dir/build.make:76: CMakeFiles/traj_test.dir/src/traj_test.cpp.o] Error 1
gmake[1]: *** [CMakeFiles/Makefile2:170: CMakeFiles/traj_test.dir/all] Error 2
gmake: *** [Makefile:146: all] Error 2
