[0.114s] Invoking command in '/home/kvvnbs/BuckeyeVerticalSoftwareV2/build/px4_ros_com': AMENT_PREFIX_PATH=/home/kvvnbs/BuckeyeVerticalSoftwareV2/install/px4_msgs:${AMENT_PREFIX_PATH} CMAKE_PREFIX_PATH=/home/kvvnbs/BuckeyeVerticalSoftwareV2/install/px4_msgs:/opt/ros/humble LD_LIBRARY_PATH=/home/kvvnbs/BuckeyeVerticalSoftwareV2/install/px4_msgs/lib:${LD_LIBRARY_PATH} PYTHONPATH=/home/kvvnbs/BuckeyeVerticalSoftwareV2/install/px4_msgs/local/lib/python3.10/dist-packages:${PYTHONPATH} /usr/bin/cmake --build /home/kvvnbs/BuckeyeVerticalSoftwareV2/build/px4_ros_com -- -j16 -l16
[0.150s] [35m[1mConsolidate compiler generated dependencies of target traj_test[0m
[0.152s] [35m[1mConsolidate compiler generated dependencies of target test_trajectory[0m
[0.154s] [ 16%] Built target frame_transforms
[0.159s] [ 16%] Built target ament_cmake_python_copy_px4_ros_com
[0.180s] [ 25%] [32mBuilding CXX object CMakeFiles/traj_test.dir/src/traj_test.cpp.o[0m
[0.181s] [ 33%] [32mBuilding CXX object CMakeFiles/traj_test.dir/src/trajectory.cpp.o[0m
[0.181s] [ 41%] [32mBuilding CXX object CMakeFiles/test_trajectory.dir/test/test_trajectory.cpp.o[0m
[0.181s] [ 50%] [32mBuilding CXX object CMakeFiles/test_trajectory.dir/src/trajectory.cpp.o[0m
[0.434s] running egg_info
[0.435s] writing px4_ros_com.egg-info/PKG-INFO
[0.435s] writing dependency_links to px4_ros_com.egg-info/dependency_links.txt
[0.435s] writing top-level names to px4_ros_com.egg-info/top_level.txt
[0.437s] reading manifest file 'px4_ros_com.egg-info/SOURCES.txt'
[0.438s] writing manifest file 'px4_ros_com.egg-info/SOURCES.txt'
[0.462s] [ 50%] Built target ament_cmake_python_build_px4_ros_com_egg
[2.752s] In file included from [01m[K/home/kvvnbs/BuckeyeVerticalSoftwareV2/src/px4_ros_com/src/trajectory.cpp:1[m[K:
[2.752s] [01m[K/home/kvvnbs/BuckeyeVerticalSoftwareV2/src/px4_ros_com/include/trajectory.h:25:97:[m[K [01;31m[Kerror: [m[Kâ€˜[01m[Kclass Trajectory[m[Kâ€™ has no member named â€˜[01m[Kcreate_publisher[m[Kâ€™
[2.752s]    25 |     rclcpp::Publisher<visualization_msgs::msg::Marker>::SharedPtr marker_derivative_pub = this->[01;31m[Kcreate_publisher[m[K<visualization_msgs::msg::Marker>("derivative_marker", 10);
[2.752s]       |                                                                                                 [01;31m[K^~~~~~~~~~~~~~~~[m[K
[2.753s] In file included from [01m[K/home/kvvnbs/BuckeyeVerticalSoftwareV2/src/px4_ros_com/src/trajectory.cpp:1[m[K:
[2.753s] [01m[K/home/kvvnbs/BuckeyeVerticalSoftwareV2/src/px4_ros_com/include/trajectory.h:25:145:[m[K [01;31m[Kerror: [m[Kexpected primary-expression before â€˜[01m[K>[m[Kâ€™ token
[2.753s]    25 |     rclcpp::Publisher<visualization_msgs::msg::Marker>::SharedPtr marker_derivative_pub = this->create_publisher<visualization_msgs::msg::Marker[01;31m[K>[m[K("derivative_marker", 10);
[2.753s]       |                                                                                                                                                 [01;31m[K^[m[K
[2.753s] [01m[K/home/kvvnbs/BuckeyeVerticalSoftwareV2/src/px4_ros_com/include/trajectory.h:25:147:[m[K [01;35m[Kwarning: [m[Kleft operand of comma operator has no effect [[01;35m[K]8;;https://gcc.gnu.org/onlinedocs/gcc/Warning-Options.html#index-Wunused-value-Wunused-value]8;;[m[K]
[2.753s]    25 |     rclcpp::Publisher<visualization_msgs::msg::Marker>::SharedPtr marker_derivative_pub = this->create_publisher<visualization_msgs::msg::Marker>([01;35m[K"derivative_marker"[m[K, 10);
[2.753s]       |                                                                                                                                                   [01;35m[K^~~~~~~~~~~~~~~~~~~[m[K
[2.903s] In file included from [01m[K/home/kvvnbs/BuckeyeVerticalSoftwareV2/src/px4_ros_com/src/trajectory.cpp:1[m[K:
[2.904s] [01m[K/home/kvvnbs/BuckeyeVerticalSoftwareV2/src/px4_ros_com/include/trajectory.h:25:97:[m[K [01;31m[Kerror: [m[Kâ€˜[01m[Kclass Trajectory[m[Kâ€™ has no member named â€˜[01m[Kcreate_publisher[m[Kâ€™
[2.904s]    25 |     rclcpp::Publisher<visualization_msgs::msg::Marker>::SharedPtr marker_derivative_pub = this->[01;31m[Kcreate_publisher[m[K<visualization_msgs::msg::Marker>("derivative_marker", 10);
[2.904s]       |                                                                                                 [01;31m[K^~~~~~~~~~~~~~~~[m[K
[2.904s] In file included from [01m[K/home/kvvnbs/BuckeyeVerticalSoftwareV2/src/px4_ros_com/src/trajectory.cpp:1[m[K:
[2.904s] [01m[K/home/kvvnbs/BuckeyeVerticalSoftwareV2/src/px4_ros_com/include/trajectory.h:25:145:[m[K [01;31m[Kerror: [m[Kexpected primary-expression before â€˜[01m[K>[m[Kâ€™ token
[2.904s]    25 |     rclcpp::Publisher<visualization_msgs::msg::Marker>::SharedPtr marker_derivative_pub = this->create_publisher<visualization_msgs::msg::Marker[01;31m[K>[m[K("derivative_marker", 10);
[2.904s]       |                                                                                                                                                 [01;31m[K^[m[K
[2.904s] [01m[K/home/kvvnbs/BuckeyeVerticalSoftwareV2/src/px4_ros_com/include/trajectory.h:25:147:[m[K [01;35m[Kwarning: [m[Kleft operand of comma operator has no effect [[01;35m[K]8;;https://gcc.gnu.org/onlinedocs/gcc/Warning-Options.html#index-Wunused-value-Wunused-value]8;;[m[K]
[2.904s]    25 |     rclcpp::Publisher<visualization_msgs::msg::Marker>::SharedPtr marker_derivative_pub = this->create_publisher<visualization_msgs::msg::Marker>([01;35m[K"derivative_marker"[m[K, 10);
[2.904s]       |                                                                                                                                                   [01;35m[K^~~~~~~~~~~~~~~~~~~[m[K
[2.915s] In file included from [01m[K/home/kvvnbs/BuckeyeVerticalSoftwareV2/src/px4_ros_com/test/test_trajectory.cpp:1[m[K:
[2.915s] [01m[K/home/kvvnbs/BuckeyeVerticalSoftwareV2/src/px4_ros_com/include/trajectory.h:25:97:[m[K [01;31m[Kerror: [m[Kâ€˜[01m[Kclass Trajectory[m[Kâ€™ has no member named â€˜[01m[Kcreate_publisher[m[Kâ€™
[2.915s]    25 |     rclcpp::Publisher<visualization_msgs::msg::Marker>::SharedPtr marker_derivative_pub = this->[01;31m[Kcreate_publisher[m[K<visualization_msgs::msg::Marker>("derivative_marker", 10);
[2.915s]       |                                                                                                 [01;31m[K^~~~~~~~~~~~~~~~[m[K
[2.915s] In file included from [01m[K/home/kvvnbs/BuckeyeVerticalSoftwareV2/src/px4_ros_com/test/test_trajectory.cpp:1[m[K:
[2.915s] [01m[K/home/kvvnbs/BuckeyeVerticalSoftwareV2/src/px4_ros_com/include/trajectory.h:25:145:[m[K [01;31m[Kerror: [m[Kexpected primary-expression before â€˜[01m[K>[m[Kâ€™ token
[2.915s]    25 |     rclcpp::Publisher<visualization_msgs::msg::Marker>::SharedPtr marker_derivative_pub = this->create_publisher<visualization_msgs::msg::Marker[01;31m[K>[m[K("derivative_marker", 10);
[2.915s]       |                                                                                                                                                 [01;31m[K^[m[K
[2.915s] [01m[K/home/kvvnbs/BuckeyeVerticalSoftwareV2/src/px4_ros_com/include/trajectory.h:25:147:[m[K [01;35m[Kwarning: [m[Kleft operand of comma operator has no effect [[01;35m[K]8;;https://gcc.gnu.org/onlinedocs/gcc/Warning-Options.html#index-Wunused-value-Wunused-value]8;;[m[K]
[2.915s]    25 |     rclcpp::Publisher<visualization_msgs::msg::Marker>::SharedPtr marker_derivative_pub = this->create_publisher<visualization_msgs::msg::Marker>([01;35m[K"derivative_marker"[m[K, 10);
[2.915s]       |                                                                                                                                                   [01;35m[K^~~~~~~~~~~~~~~~~~~[m[K
[3.062s] In file included from [01m[K/home/kvvnbs/BuckeyeVerticalSoftwareV2/src/px4_ros_com/src/traj_test.cpp:10[m[K:
[3.062s] [01m[K/home/kvvnbs/BuckeyeVerticalSoftwareV2/src/px4_ros_com/include/trajectory.h:25:97:[m[K [01;31m[Kerror: [m[Kâ€˜[01m[Kclass Trajectory[m[Kâ€™ has no member named â€˜[01m[Kcreate_publisher[m[Kâ€™
[3.062s]    25 |     rclcpp::Publisher<visualization_msgs::msg::Marker>::SharedPtr marker_derivative_pub = this->[01;31m[Kcreate_publisher[m[K<visualization_msgs::msg::Marker>("derivative_marker", 10);
[3.062s]       |                                                                                                 [01;31m[K^~~~~~~~~~~~~~~~[m[K
[3.062s] In file included from [01m[K/home/kvvnbs/BuckeyeVerticalSoftwareV2/src/px4_ros_com/src/traj_test.cpp:10[m[K:
[3.062s] [01m[K/home/kvvnbs/BuckeyeVerticalSoftwareV2/src/px4_ros_com/include/trajectory.h:25:145:[m[K [01;31m[Kerror: [m[Kexpected primary-expression before â€˜[01m[K>[m[Kâ€™ token
[3.062s]    25 |     rclcpp::Publisher<visualization_msgs::msg::Marker>::SharedPtr marker_derivative_pub = this->create_publisher<visualization_msgs::msg::Marker[01;31m[K>[m[K("derivative_marker", 10);
[3.062s]       |                                                                                                                                                 [01;31m[K^[m[K
[3.062s] [01m[K/home/kvvnbs/BuckeyeVerticalSoftwareV2/src/px4_ros_com/include/trajectory.h:25:147:[m[K [01;35m[Kwarning: [m[Kleft operand of comma operator has no effect [[01;35m[K]8;;https://gcc.gnu.org/onlinedocs/gcc/Warning-Options.html#index-Wunused-value-Wunused-value]8;;[m[K]
[3.062s]    25 |     rclcpp::Publisher<visualization_msgs::msg::Marker>::SharedPtr marker_derivative_pub = this->create_publisher<visualization_msgs::msg::Marker>([01;35m[K"derivative_marker"[m[K, 10);
[3.062s]       |                                                                                                                                                   [01;35m[K^~~~~~~~~~~~~~~~~~~[m[K
[4.410s] gmake[2]: *** [CMakeFiles/test_trajectory.dir/build.make:76: CMakeFiles/test_trajectory.dir/test/test_trajectory.cpp.o] Error 1
[4.410s] gmake[2]: *** Waiting for unfinished jobs....
[6.496s] gmake[2]: *** [CMakeFiles/traj_test.dir/build.make:90: CMakeFiles/traj_test.dir/src/trajectory.cpp.o] Error 1
[6.496s] gmake[2]: *** Waiting for unfinished jobs....
[6.650s] gmake[2]: *** [CMakeFiles/test_trajectory.dir/build.make:90: CMakeFiles/test_trajectory.dir/src/trajectory.cpp.o] Error 1
[6.650s] gmake[1]: *** [CMakeFiles/Makefile2:196: CMakeFiles/test_trajectory.dir/all] Error 2
[6.650s] gmake[1]: *** Waiting for unfinished jobs....
[7.542s] gmake[2]: *** [CMakeFiles/traj_test.dir/build.make:76: CMakeFiles/traj_test.dir/src/traj_test.cpp.o] Error 1
[7.542s] gmake[1]: *** [CMakeFiles/Makefile2:170: CMakeFiles/traj_test.dir/all] Error 2
[7.542s] gmake: *** [Makefile:146: all] Error 2
[7.545s] Invoked command in '/home/kvvnbs/BuckeyeVerticalSoftwareV2/build/px4_ros_com' returned '2': AMENT_PREFIX_PATH=/home/kvvnbs/BuckeyeVerticalSoftwareV2/install/px4_msgs:${AMENT_PREFIX_PATH} CMAKE_PREFIX_PATH=/home/kvvnbs/BuckeyeVerticalSoftwareV2/install/px4_msgs:/opt/ros/humble LD_LIBRARY_PATH=/home/kvvnbs/BuckeyeVerticalSoftwareV2/install/px4_msgs/lib:${LD_LIBRARY_PATH} PYTHONPATH=/home/kvvnbs/BuckeyeVerticalSoftwareV2/install/px4_msgs/local/lib/python3.10/dist-packages:${PYTHONPATH} /usr/bin/cmake --build /home/kvvnbs/BuckeyeVerticalSoftwareV2/build/px4_ros_com -- -j16 -l16
