[0.198s] Invoking command in '/home/kvvnbs/BuckeyeVerticalSoftwareV2/build/px4_ros_com': CMAKE_PREFIX_PATH=/home/kvvnbs/BuckeyeVerticalSoftwareV2/install/px4_msgs:/home/kvvnbs/BuckeyeVerticalSoftwareV2/install/px4_ros_com:/opt/ros/humble LD_LIBRARY_PATH=/home/kvvnbs/BuckeyeVerticalSoftwareV2/install/px4_msgs/lib:/home/kvvnbs/BuckeyeVerticalSoftwareV2/install/px4_ros_com/lib:/opt/ros/humble/opt/rviz_ogre_vendor/lib:/opt/ros/humble/lib/x86_64-linux-gnu:/opt/ros/humble/lib /usr/bin/cmake --build /home/kvvnbs/BuckeyeVerticalSoftwareV2/build/px4_ros_com -- -j16 -l16
[0.228s] -- Found ament_cmake: 1.3.11 (/opt/ros/humble/share/ament_cmake/cmake)
[0.465s] -- Found builtin_interfaces: 1.2.1 (/opt/ros/humble/share/builtin_interfaces/cmake)
[0.882s] -- Found rosidl_generator_c: 3.1.6 (/opt/ros/humble/share/rosidl_generator_c/cmake)
[0.887s] -- Found rosidl_adapter: 3.1.6 (/opt/ros/humble/share/rosidl_adapter/cmake)
[0.898s] -- Found rosidl_generator_cpp: 3.1.6 (/opt/ros/humble/share/rosidl_generator_cpp/cmake)
[0.916s] -- Using all available rosidl_typesupport_c: rosidl_typesupport_fastrtps_c;rosidl_typesupport_introspection_c
[0.937s] -- Using all available rosidl_typesupport_cpp: rosidl_typesupport_fastrtps_cpp;rosidl_typesupport_introspection_cpp
[0.958s] -- Found eigen3_cmake_module: 0.1.1 (/opt/ros/humble/share/eigen3_cmake_module/cmake)
[0.962s] -- Found visualization_msgs: 4.2.4 (/opt/ros/humble/share/visualization_msgs/cmake)
[1.058s] -- Found px4_msgs: 2.0.1 (/home/kvvnbs/BuckeyeVerticalSoftwareV2/install/px4_msgs/share/px4_msgs/cmake)
[1.076s] -- Found rclcpp: 16.0.11 (/opt/ros/humble/share/rclcpp/cmake)
[1.132s] -- Found rmw_implementation_cmake: 6.1.2 (/opt/ros/humble/share/rmw_implementation_cmake/cmake)
[1.136s] -- Found rmw_fastrtps_cpp: 6.2.7 (/opt/ros/humble/share/rmw_fastrtps_cpp/cmake)
[15.994s] -- Using RMW implementation 'rmw_fastrtps_cpp' as default
[16.068s] -- Found rclpy: 3.3.15 (/opt/ros/humble/share/rclpy/cmake)
[16.081s] -- Found ament_lint_auto: 0.12.11 (/opt/ros/humble/share/ament_lint_auto/cmake)
[16.174s] -- Added test 'copyright' to check source files copyright and LICENSE
[16.176s] -- Added test 'cppcheck' to perform static code analysis on C / C++ code
[16.177s] -- Configured cppcheck include dirs: /home/kvvnbs/BuckeyeVerticalSoftwareV2/src/px4_ros_com/include;$<BUILD_INTERFACE:/home/kvvnbs/BuckeyeVerticalSoftwareV2/src/px4_ros_com/include/px4_ros_com>
[16.177s] -- Configured cppcheck exclude dirs and/or files: 
[16.179s] -- Added test 'cpplint' to check C / C++ code against the Google style
[16.179s] -- Configured cpplint exclude dirs and/or files: 
[16.180s] -- Added test 'flake8' to check Python code syntax and style conventions
[16.181s] -- Added test 'lint_cmake' to check CMake code style
[16.182s] -- Added test 'pep257' to check Python code against some of the docstring style conventions in PEP 257
[16.183s] -- Added test 'uncrustify' to check C / C++ code style
[16.183s] -- Configured uncrustify additional arguments: 
[16.184s] -- Added test 'xmllint' to check XML markup files
[16.187s] -- Configuring done
[16.221s] -- Generating done
[16.230s] -- Build files have been written to: /home/kvvnbs/BuckeyeVerticalSoftwareV2/build/px4_ros_com
[16.257s] [35m[1mConsolidate compiler generated dependencies of target frame_transforms[0m
[16.267s] [  5%] [32mBuilding CXX object CMakeFiles/traj_test_copy.dir/src/rviz_utils.cpp.o[0m
[16.267s] [ 11%] [32mBuilding CXX object CMakeFiles/traj_test_copy.dir/src/traj_test_copy.cpp.o[0m
[16.267s] [ 17%] [32mBuilding CXX object CMakeFiles/traj_test_copy.dir/src/lib/frame_transforms.cpp.o[0m
[16.268s] [ 23%] [32mBuilding CXX object CMakeFiles/traj_test_copy.dir/src/motionProfiling.cpp.o[0m
[16.269s] [35m[1mConsolidate compiler generated dependencies of target traj_test[0m
[16.271s] [35m[1mConsolidate compiler generated dependencies of target test_trajectory[0m
[16.276s] [ 35%] Built target frame_transforms
[16.278s] [ 35%] Built target ament_cmake_python_copy_px4_ros_com
[16.301s] [ 64%] Built target traj_test
[16.302s] [ 94%] Built target test_trajectory
[16.323s] In file included from [01m[K/home/kvvnbs/BuckeyeVerticalSoftwareV2/src/px4_ros_com/src/rviz_utils.cpp:1[m[K:
[16.324s] [01m[K/home/kvvnbs/BuckeyeVerticalSoftwareV2/src/px4_ros_com/include/rviz_utils.h:1:10:[m[K [01;31m[Kfatal error: [m[Kvisualization_msgs/msg/marker.hpp: No such file or directory
[16.324s]     1 | #include [01;31m[K<visualization_msgs/msg/marker.hpp>[m[K
[16.324s]       |          [01;31m[K^~~~~~~~~~~~~~~~~~~~~~~~~~~~~~~~~~~[m[K
[16.324s] [01m[K/home/kvvnbs/BuckeyeVerticalSoftwareV2/src/px4_ros_com/src/traj_test_copy.cpp:1:10:[m[K [01;31m[Kfatal error: [m[Kpx4_msgs/msg/offboard_control_mode.hpp: No such file or directory
[16.324s]     1 | #include [01;31m[K<px4_msgs/msg/offboard_control_mode.hpp>[m[K
[16.324s]       |          [01;31m[K^~~~~~~~~~~~~~~~~~~~~~~~~~~~~~~~~~~~~~~~[m[K
[16.324s] compilation terminated.
[16.324s] compilation terminated.
[16.324s] In file included from [01m[K/home/kvvnbs/BuckeyeVerticalSoftwareV2/src/px4_ros_com/src/lib/frame_transforms.cpp:41[m[K:
[16.324s] [01m[K/home/kvvnbs/BuckeyeVerticalSoftwareV2/src/px4_ros_com/include/px4_ros_com/frame_transforms.h:45:10:[m[K [01;31m[Kfatal error: [m[KEigen/Eigen: No such file or directory
[16.324s]    45 | #include [01;31m[K<Eigen/Eigen>[m[K
[16.324s]       |          [01;31m[K^~~~~~~~~~~~~[m[K
[16.324s] compilation terminated.
[16.326s] gmake[2]: *** [CMakeFiles/traj_test_copy.dir/build.make:104: CMakeFiles/traj_test_copy.dir/src/rviz_utils.cpp.o] Error 1
[16.326s] gmake[2]: *** Waiting for unfinished jobs....
[16.326s] gmake[2]: *** [CMakeFiles/traj_test_copy.dir/build.make:76: CMakeFiles/traj_test_copy.dir/src/traj_test_copy.cpp.o] Error 1
[16.326s] gmake[2]: *** [CMakeFiles/traj_test_copy.dir/build.make:118: CMakeFiles/traj_test_copy.dir/src/lib/frame_transforms.cpp.o] Error 1
[16.543s] running egg_info
[16.544s] writing px4_ros_com.egg-info/PKG-INFO
[16.544s] writing dependency_links to px4_ros_com.egg-info/dependency_links.txt
[16.545s] writing top-level names to px4_ros_com.egg-info/top_level.txt
[16.547s] reading manifest file 'px4_ros_com.egg-info/SOURCES.txt'
[16.548s] writing manifest file 'px4_ros_com.egg-info/SOURCES.txt'
[16.573s] [ 94%] Built target ament_cmake_python_build_px4_ros_com_egg
[16.634s] In file included from [01m[K/home/kvvnbs/BuckeyeVerticalSoftwareV2/src/px4_ros_com/src/motionProfiling.cpp:1[m[K:
[16.634s] [01m[K/home/kvvnbs/BuckeyeVerticalSoftwareV2/src/px4_ros_com/include/motionProfiling.h:6:10:[m[K [01;31m[Kfatal error: [m[Kvisualization_msgs/msg/marker.hpp: No such file or directory
[16.634s]     6 | #include [01;31m[K<visualization_msgs/msg/marker.hpp>[m[K
[16.634s]       |          [01;31m[K^~~~~~~~~~~~~~~~~~~~~~~~~~~~~~~~~~~[m[K
[16.634s] compilation terminated.
[16.635s] gmake[2]: *** [CMakeFiles/traj_test_copy.dir/build.make:90: CMakeFiles/traj_test_copy.dir/src/motionProfiling.cpp.o] Error 1
[16.635s] gmake[1]: *** [CMakeFiles/Makefile2:198: CMakeFiles/traj_test_copy.dir/all] Error 2
[16.635s] gmake: *** [Makefile:146: all] Error 2
[16.638s] Invoked command in '/home/kvvnbs/BuckeyeVerticalSoftwareV2/build/px4_ros_com' returned '2': CMAKE_PREFIX_PATH=/home/kvvnbs/BuckeyeVerticalSoftwareV2/install/px4_msgs:/home/kvvnbs/BuckeyeVerticalSoftwareV2/install/px4_ros_com:/opt/ros/humble LD_LIBRARY_PATH=/home/kvvnbs/BuckeyeVerticalSoftwareV2/install/px4_msgs/lib:/home/kvvnbs/BuckeyeVerticalSoftwareV2/install/px4_ros_com/lib:/opt/ros/humble/opt/rviz_ogre_vendor/lib:/opt/ros/humble/lib/x86_64-linux-gnu:/opt/ros/humble/lib /usr/bin/cmake --build /home/kvvnbs/BuckeyeVerticalSoftwareV2/build/px4_ros_com -- -j16 -l16
