[0.338s] Invoking command in '/home/eashan/BuckeyeVerticalSoftware_v2/build/px4_ros_com': CMAKE_PREFIX_PATH=/home/eashan/BuckeyeVerticalSoftware_v2/install/px4_msgs:/home/eashan/BuckeyeVerticalSoftware_v2/install/px4_ros_com:/opt/ros/humble CONDA_PROMPT_MODIFIER=(base) LD_LIBRARY_PATH=/home/eashan/BuckeyeVerticalSoftware_v2/install/px4_msgs/lib:/home/eashan/BuckeyeVerticalSoftware_v2/install/px4_ros_com/lib:/opt/ros/humble/opt/rviz_ogre_vendor/lib:/opt/ros/humble/lib/x86_64-linux-gnu:/opt/ros/humble/lib:/usr/local/cuda-12.6/lib64:/usr/local/cuda-12.6/lib64 /usr/bin/cmake --build /home/eashan/BuckeyeVerticalSoftware_v2/build/px4_ros_com -- -j4 -l4
[0.379s] [35m[1mConsolidate compiler generated dependencies of target traj_test[0m
[0.384s] [35m[1mConsolidate compiler generated dependencies of target test_trajectory[0m
[0.419s] [ 16%] Built target frame_transforms
[0.439s] [ 25%] [32mBuilding CXX object CMakeFiles/traj_test.dir/src/rviz_utils.cpp.o[0m
[0.448s] [ 33%] [32mBuilding CXX object CMakeFiles/test_trajectory.dir/src/rviz_utils.cpp.o[0m
[0.470s] [ 33%] Built target ament_cmake_python_copy_px4_ros_com
[0.707s] running egg_info
[0.719s] writing px4_ros_com.egg-info/PKG-INFO
[0.721s] writing dependency_links to px4_ros_com.egg-info/dependency_links.txt
[0.722s] writing top-level names to px4_ros_com.egg-info/top_level.txt
[0.758s] reading manifest file 'px4_ros_com.egg-info/SOURCES.txt'
[0.759s] writing manifest file 'px4_ros_com.egg-info/SOURCES.txt'
[0.800s] [ 33%] Built target ament_cmake_python_build_px4_ros_com_egg
[3.820s] [01m[K/home/eashan/BuckeyeVerticalSoftware_v2/src/px4_ros_com/src/rviz_utils.cpp:[m[K In function â€˜[01m[Kvisualization_msgs::msg::Marker rviz_utils::createArrowMarker(const Vector3f&, float, const string&)[m[Kâ€™:
[3.820s] [01m[K/home/eashan/BuckeyeVerticalSoftware_v2/src/px4_ros_com/src/rviz_utils.cpp:59:20:[m[K [01;31m[Kerror: [m[Kâ€˜[01m[Kstart_x[m[Kâ€™ was not declared in this scope
[3.821s]    59 |     double end_x = [01;31m[Kstart_x[m[K + arrow_length * cos(heading);
[3.821s]       |                    [01;31m[K^~~~~~~[m[K
[3.825s] [01m[K/home/eashan/BuckeyeVerticalSoftware_v2/src/px4_ros_com/src/rviz_utils.cpp:60:20:[m[K [01;31m[Kerror: [m[Kâ€˜[01m[Kstart_y[m[Kâ€™ was not declared in this scope
[3.825s]    60 |     double end_y = [01;31m[Kstart_y[m[K + arrow_length * sin(heading);
[3.825s]       |                    [01;31m[K^~~~~~~[m[K
[4.206s] [01m[K/home/eashan/BuckeyeVerticalSoftware_v2/src/px4_ros_com/src/rviz_utils.cpp:[m[K In function â€˜[01m[Kvisualization_msgs::msg::Marker rviz_utils::createArrowMarker(const Vector3f&, float, const string&)[m[Kâ€™:
[4.206s] [01m[K/home/eashan/BuckeyeVerticalSoftware_v2/src/px4_ros_com/src/rviz_utils.cpp:59:20:[m[K [01;31m[Kerror: [m[Kâ€˜[01m[Kstart_x[m[Kâ€™ was not declared in this scope
[4.206s]    59 |     double end_x = [01;31m[Kstart_x[m[K + arrow_length * cos(heading);
[4.206s]       |                    [01;31m[K^~~~~~~[m[K
[4.212s] [01m[K/home/eashan/BuckeyeVerticalSoftware_v2/src/px4_ros_com/src/rviz_utils.cpp:60:20:[m[K [01;31m[Kerror: [m[Kâ€˜[01m[Kstart_y[m[Kâ€™ was not declared in this scope
[4.212s]    60 |     double end_y = [01;31m[Kstart_y[m[K + arrow_length * sin(heading);
[4.212s]       |                    [01;31m[K^~~~~~~[m[K
[4.431s] gmake[2]: *** [CMakeFiles/traj_test.dir/build.make:104: CMakeFiles/traj_test.dir/src/rviz_utils.cpp.o] Error 1
[4.431s] gmake[1]: *** [CMakeFiles/Makefile2:170: CMakeFiles/traj_test.dir/all] Error 2
[4.431s] gmake[1]: *** Waiting for unfinished jobs....
[4.867s] gmake[2]: *** [CMakeFiles/test_trajectory.dir/build.make:104: CMakeFiles/test_trajectory.dir/src/rviz_utils.cpp.o] Error 1
[4.867s] gmake[1]: *** [CMakeFiles/Makefile2:196: CMakeFiles/test_trajectory.dir/all] Error 2
[4.867s] gmake: *** [Makefile:146: all] Error 2
[4.869s] Invoked command in '/home/eashan/BuckeyeVerticalSoftware_v2/build/px4_ros_com' returned '2': CMAKE_PREFIX_PATH=/home/eashan/BuckeyeVerticalSoftware_v2/install/px4_msgs:/home/eashan/BuckeyeVerticalSoftware_v2/install/px4_ros_com:/opt/ros/humble CONDA_PROMPT_MODIFIER=(base) LD_LIBRARY_PATH=/home/eashan/BuckeyeVerticalSoftware_v2/install/px4_msgs/lib:/home/eashan/BuckeyeVerticalSoftware_v2/install/px4_ros_com/lib:/opt/ros/humble/opt/rviz_ogre_vendor/lib:/opt/ros/humble/lib/x86_64-linux-gnu:/opt/ros/humble/lib:/usr/local/cuda-12.6/lib64:/usr/local/cuda-12.6/lib64 /usr/bin/cmake --build /home/eashan/BuckeyeVerticalSoftware_v2/build/px4_ros_com -- -j4 -l4
