-- Found ament_cmake: 1.3.11 (/opt/ros/humble/share/ament_cmake/cmake)
-- Found builtin_interfaces: 1.2.1 (/opt/ros/humble/share/builtin_interfaces/cmake)
-- Found rosidl_generator_c: 3.1.6 (/opt/ros/humble/share/rosidl_generator_c/cmake)
-- Found rosidl_adapter: 3.1.6 (/opt/ros/humble/share/rosidl_adapter/cmake)
-- Found rosidl_generator_cpp: 3.1.6 (/opt/ros/humble/share/rosidl_generator_cpp/cmake)
-- Using all available rosidl_typesupport_c: rosidl_typesupport_fastrtps_c;rosidl_typesupport_introspection_c
-- Using all available rosidl_typesupport_cpp: rosidl_typesupport_fastrtps_cpp;rosidl_typesupport_introspection_cpp
-- Found eigen3_cmake_module: 0.1.1 (/opt/ros/humble/share/eigen3_cmake_module/cmake)
-- Found visualization_msgs: 4.2.4 (/opt/ros/humble/share/visualization_msgs/cmake)
-- Found px4_msgs: 2.0.1 (/home/kvvnbs/BuckeyeVerticalSoftwareV2/install/px4_msgs/share/px4_msgs/cmake)
-- Found rclcpp: 16.0.11 (/opt/ros/humble/share/rclcpp/cmake)
-- Found rmw_implementation_cmake: 6.1.2 (/opt/ros/humble/share/rmw_implementation_cmake/cmake)
-- Found rmw_fastrtps_cpp: 6.2.7 (/opt/ros/humble/share/rmw_fastrtps_cpp/cmake)
-- Using RMW implementation 'rmw_fastrtps_cpp' as default
-- Found rclpy: 3.3.15 (/opt/ros/humble/share/rclpy/cmake)
-- Found ament_lint_auto: 0.12.11 (/opt/ros/humble/share/ament_lint_auto/cmake)
-- Added test 'copyright' to check source files copyright and LICENSE
-- Added test 'cppcheck' to perform static code analysis on C / C++ code
-- Configured cppcheck include dirs: /home/kvvnbs/BuckeyeVerticalSoftwareV2/src/px4_ros_com/include;$<BUILD_INTERFACE:/home/kvvnbs/BuckeyeVerticalSoftwareV2/src/px4_ros_com/include/px4_ros_com>
-- Configured cppcheck exclude dirs and/or files: 
-- Added test 'cpplint' to check C / C++ code against the Google style
-- Configured cpplint exclude dirs and/or files: 
-- Added test 'flake8' to check Python code syntax and style conventions
-- Added test 'lint_cmake' to check CMake code style
-- Added test 'pep257' to check Python code against some of the docstring style conventions in PEP 257
-- Added test 'uncrustify' to check C / C++ code style
-- Configured uncrustify additional arguments: 
-- Added test 'xmllint' to check XML markup files
-- Configuring done
-- Generating done
-- Build files have been written to: /home/kvvnbs/BuckeyeVerticalSoftwareV2/build/px4_ros_com
[35m[1mConsolidate compiler generated dependencies of target frame_transforms[0m
[35m[1mConsolidate compiler generated dependencies of target traj_test[0m
[  5%] [32mBuilding CXX object CMakeFiles/traj_test_copy.dir/src/traj_test_copy.cpp.o[0m
[35m[1mConsolidate compiler generated dependencies of target test_trajectory[0m
[ 11%] [32mBuilding CXX object CMakeFiles/traj_test_copy.dir/src/rviz_utils.cpp.o[0m
[ 17%] [32mBuilding CXX object CMakeFiles/traj_test_copy.dir/src/motionProfiling.cpp.o[0m
[ 23%] [32mBuilding CXX object CMakeFiles/traj_test_copy.dir/src/lib/frame_transforms.cpp.o[0m
[ 35%] Built target frame_transforms
[ 35%] Built target ament_cmake_python_copy_px4_ros_com
[ 64%] Built target test_trajectory
[ 94%] Built target traj_test
[01m[K/home/kvvnbs/BuckeyeVerticalSoftwareV2/src/px4_ros_com/src/traj_test_copy.cpp:1:10:[m[K [01;31m[Kfatal error: [m[Kpx4_msgs/msg/offboard_control_mode.hpp: No such file or directory
    1 | #include [01;31m[K<px4_msgs/msg/offboard_control_mode.hpp>[m[K
      |          [01;31m[K^~~~~~~~~~~~~~~~~~~~~~~~~~~~~~~~~~~~~~~~[m[K
compilation terminated.
In file included from [01m[K/home/kvvnbs/BuckeyeVerticalSoftwareV2/src/px4_ros_com/src/lib/frame_transforms.cpp:41[m[K:
[01m[K/home/kvvnbs/BuckeyeVerticalSoftwareV2/src/px4_ros_com/include/px4_ros_com/frame_transforms.h:45:10:[m[K [01;31m[Kfatal error: [m[KEigen/Eigen: No such file or directory
   45 | #include [01;31m[K<Eigen/Eigen>[m[K
      |          [01;31m[K^~~~~~~~~~~~~[m[K
compilation terminated.
In file included from [01m[K/home/kvvnbs/BuckeyeVerticalSoftwareV2/src/px4_ros_com/src/rviz_utils.cpp:1[m[K:
[01m[K/home/kvvnbs/BuckeyeVerticalSoftwareV2/src/px4_ros_com/include/rviz_utils.h:1:10:[m[K [01;31m[Kfatal error: [m[Kvisualization_msgs/msg/marker.hpp: No such file or directory
    1 | #include [01;31m[K<visualization_msgs/msg/marker.hpp>[m[K
      |          [01;31m[K^~~~~~~~~~~~~~~~~~~~~~~~~~~~~~~~~~~[m[K
compilation terminated.
gmake[2]: *** [CMakeFiles/traj_test_copy.dir/build.make:76: CMakeFiles/traj_test_copy.dir/src/traj_test_copy.cpp.o] Error 1
gmake[2]: *** Waiting for unfinished jobs....
gmake[2]: *** [CMakeFiles/traj_test_copy.dir/build.make:104: CMakeFiles/traj_test_copy.dir/src/rviz_utils.cpp.o] Error 1
gmake[2]: *** [CMakeFiles/traj_test_copy.dir/build.make:118: CMakeFiles/traj_test_copy.dir/src/lib/frame_transforms.cpp.o] Error 1
running egg_info
writing px4_ros_com.egg-info/PKG-INFO
writing dependency_links to px4_ros_com.egg-info/dependency_links.txt
writing top-level names to px4_ros_com.egg-info/top_level.txt
reading manifest file 'px4_ros_com.egg-info/SOURCES.txt'
writing manifest file 'px4_ros_com.egg-info/SOURCES.txt'
[ 94%] Built target ament_cmake_python_build_px4_ros_com_egg
In file included from [01m[K/home/kvvnbs/BuckeyeVerticalSoftwareV2/src/px4_ros_com/src/motionProfiling.cpp:1[m[K:
[01m[K/home/kvvnbs/BuckeyeVerticalSoftwareV2/src/px4_ros_com/include/motionProfiling.h:3:10:[m[K [01;31m[Kfatal error: [m[Kvisualization_msgs/msg/marker.hpp: No such file or directory
    3 | #include [01;31m[K<visualization_msgs/msg/marker.hpp>[m[K
      |          [01;31m[K^~~~~~~~~~~~~~~~~~~~~~~~~~~~~~~~~~~[m[K
compilation terminated.
gmake[2]: *** [CMakeFiles/traj_test_copy.dir/build.make:90: CMakeFiles/traj_test_copy.dir/src/motionProfiling.cpp.o] Error 1
gmake[1]: *** [CMakeFiles/Makefile2:198: CMakeFiles/traj_test_copy.dir/all] Error 2
gmake: *** [Makefile:146: all] Error 2
