[0.270s] Invoking command in '/home/kvvnbs/BuckeyeVerticalSoftwareV2/build/px4_ros_com': CMAKE_PREFIX_PATH=/home/kvvnbs/BuckeyeVerticalSoftwareV2/install/px4_msgs:/home/kvvnbs/BuckeyeVerticalSoftwareV2/install/px4_ros_com:/opt/ros/humble LD_LIBRARY_PATH=/home/kvvnbs/BuckeyeVerticalSoftwareV2/install/px4_msgs/lib:/home/kvvnbs/BuckeyeVerticalSoftwareV2/install/px4_ros_com/lib:/opt/ros/humble/opt/rviz_ogre_vendor/lib:/opt/ros/humble/lib/x86_64-linux-gnu:/opt/ros/humble/lib /usr/bin/cmake --build /home/kvvnbs/BuckeyeVerticalSoftwareV2/build/px4_ros_com -- -j16 -l16
[0.311s] -- Found ament_cmake: 1.3.11 (/opt/ros/humble/share/ament_cmake/cmake)
[0.480s] -- Found builtin_interfaces: 1.2.1 (/opt/ros/humble/share/builtin_interfaces/cmake)
[0.669s] -- Found rosidl_generator_c: 3.1.6 (/opt/ros/humble/share/rosidl_generator_c/cmake)
[0.672s] -- Found rosidl_adapter: 3.1.6 (/opt/ros/humble/share/rosidl_adapter/cmake)
[0.684s] -- Found rosidl_generator_cpp: 3.1.6 (/opt/ros/humble/share/rosidl_generator_cpp/cmake)
[0.704s] -- Using all available rosidl_typesupport_c: rosidl_typesupport_fastrtps_c;rosidl_typesupport_introspection_c
[0.727s] -- Using all available rosidl_typesupport_cpp: rosidl_typesupport_fastrtps_cpp;rosidl_typesupport_introspection_cpp
[0.748s] -- Found eigen3_cmake_module: 0.1.1 (/opt/ros/humble/share/eigen3_cmake_module/cmake)
[0.756s] -- Found visualization_msgs: 4.2.4 (/opt/ros/humble/share/visualization_msgs/cmake)
[0.858s] -- Found px4_msgs: 2.0.1 (/home/kvvnbs/BuckeyeVerticalSoftwareV2/install/px4_msgs/share/px4_msgs/cmake)
[0.877s] -- Found rclcpp: 16.0.11 (/opt/ros/humble/share/rclcpp/cmake)
[0.932s] -- Found rmw_implementation_cmake: 6.1.2 (/opt/ros/humble/share/rmw_implementation_cmake/cmake)
[0.936s] -- Found rmw_fastrtps_cpp: 6.2.7 (/opt/ros/humble/share/rmw_fastrtps_cpp/cmake)
[5.586s] -- Using RMW implementation 'rmw_fastrtps_cpp' as default
[5.629s] -- Found rclpy: 3.3.15 (/opt/ros/humble/share/rclpy/cmake)
[5.638s] -- Found ament_lint_auto: 0.12.11 (/opt/ros/humble/share/ament_lint_auto/cmake)
[5.726s] -- Added test 'copyright' to check source files copyright and LICENSE
[5.728s] -- Added test 'cppcheck' to perform static code analysis on C / C++ code
[5.728s] -- Configured cppcheck include dirs: /home/kvvnbs/BuckeyeVerticalSoftwareV2/src/px4_ros_com/include;$<BUILD_INTERFACE:/home/kvvnbs/BuckeyeVerticalSoftwareV2/src/px4_ros_com/include/px4_ros_com>
[5.729s] -- Configured cppcheck exclude dirs and/or files: 
[5.730s] -- Added test 'cpplint' to check C / C++ code against the Google style
[5.730s] -- Configured cpplint exclude dirs and/or files: 
[5.730s] -- Added test 'flake8' to check Python code syntax and style conventions
[5.731s] -- Added test 'lint_cmake' to check CMake code style
[5.732s] -- Added test 'pep257' to check Python code against some of the docstring style conventions in PEP 257
[5.734s] -- Added test 'uncrustify' to check C / C++ code style
[5.734s] -- Configured uncrustify additional arguments: 
[5.735s] -- Added test 'xmllint' to check XML markup files
[5.739s] -- Configuring done
[5.769s] -- Generating done
[5.776s] -- Build files have been written to: /home/kvvnbs/BuckeyeVerticalSoftwareV2/build/px4_ros_com
[5.800s] [35m[1mConsolidate compiler generated dependencies of target frame_transforms[0m
[5.804s] [35m[1mConsolidate compiler generated dependencies of target traj_test[0m
[5.805s] [  5%] [32mBuilding CXX object CMakeFiles/traj_test_copy.dir/src/traj_test_copy.cpp.o[0m
[5.806s] [35m[1mConsolidate compiler generated dependencies of target test_trajectory[0m
[5.806s] [ 11%] [32mBuilding CXX object CMakeFiles/traj_test_copy.dir/src/rviz_utils.cpp.o[0m
[5.807s] [ 17%] [32mBuilding CXX object CMakeFiles/traj_test_copy.dir/src/motionProfiling.cpp.o[0m
[5.807s] [ 23%] [32mBuilding CXX object CMakeFiles/traj_test_copy.dir/src/lib/frame_transforms.cpp.o[0m
[5.814s] [ 35%] Built target frame_transforms
[5.814s] [ 35%] Built target ament_cmake_python_copy_px4_ros_com
[5.831s] [ 64%] Built target test_trajectory
[5.832s] [ 94%] Built target traj_test
[5.880s] [01m[K/home/kvvnbs/BuckeyeVerticalSoftwareV2/src/px4_ros_com/src/traj_test_copy.cpp:1:10:[m[K [01;31m[Kfatal error: [m[Kpx4_msgs/msg/offboard_control_mode.hpp: No such file or directory
[5.880s]     1 | #include [01;31m[K<px4_msgs/msg/offboard_control_mode.hpp>[m[K
[5.881s]       |          [01;31m[K^~~~~~~~~~~~~~~~~~~~~~~~~~~~~~~~~~~~~~~~[m[K
[5.881s] compilation terminated.
[5.881s] In file included from [01m[K/home/kvvnbs/BuckeyeVerticalSoftwareV2/src/px4_ros_com/src/lib/frame_transforms.cpp:41[m[K:
[5.881s] [01m[K/home/kvvnbs/BuckeyeVerticalSoftwareV2/src/px4_ros_com/include/px4_ros_com/frame_transforms.h:45:10:[m[K [01;31m[Kfatal error: [m[KEigen/Eigen: No such file or directory
[5.881s]    45 | #include [01;31m[K<Eigen/Eigen>[m[K
[5.881s]       |          [01;31m[K^~~~~~~~~~~~~[m[K
[5.881s] compilation terminated.
[5.881s] In file included from [01m[K/home/kvvnbs/BuckeyeVerticalSoftwareV2/src/px4_ros_com/src/rviz_utils.cpp:1[m[K:
[5.881s] [01m[K/home/kvvnbs/BuckeyeVerticalSoftwareV2/src/px4_ros_com/include/rviz_utils.h:1:10:[m[K [01;31m[Kfatal error: [m[Kvisualization_msgs/msg/marker.hpp: No such file or directory
[5.881s]     1 | #include [01;31m[K<visualization_msgs/msg/marker.hpp>[m[K
[5.881s]       |          [01;31m[K^~~~~~~~~~~~~~~~~~~~~~~~~~~~~~~~~~~[m[K
[5.882s] compilation terminated.
[5.885s] gmake[2]: *** [CMakeFiles/traj_test_copy.dir/build.make:76: CMakeFiles/traj_test_copy.dir/src/traj_test_copy.cpp.o] Error 1
[5.885s] gmake[2]: *** Waiting for unfinished jobs....
[5.885s] gmake[2]: *** [CMakeFiles/traj_test_copy.dir/build.make:104: CMakeFiles/traj_test_copy.dir/src/rviz_utils.cpp.o] Error 1
[5.885s] gmake[2]: *** [CMakeFiles/traj_test_copy.dir/build.make:118: CMakeFiles/traj_test_copy.dir/src/lib/frame_transforms.cpp.o] Error 1
[6.035s] running egg_info
[6.035s] writing px4_ros_com.egg-info/PKG-INFO
[6.036s] writing dependency_links to px4_ros_com.egg-info/dependency_links.txt
[6.036s] writing top-level names to px4_ros_com.egg-info/top_level.txt
[6.038s] reading manifest file 'px4_ros_com.egg-info/SOURCES.txt'
[6.039s] writing manifest file 'px4_ros_com.egg-info/SOURCES.txt'
[6.062s] [ 94%] Built target ament_cmake_python_build_px4_ros_com_egg
[6.207s] In file included from [01m[K/home/kvvnbs/BuckeyeVerticalSoftwareV2/src/px4_ros_com/src/motionProfiling.cpp:1[m[K:
[6.207s] [01m[K/home/kvvnbs/BuckeyeVerticalSoftwareV2/src/px4_ros_com/include/motionProfiling.h:3:10:[m[K [01;31m[Kfatal error: [m[Kvisualization_msgs/msg/marker.hpp: No such file or directory
[6.207s]     3 | #include [01;31m[K<visualization_msgs/msg/marker.hpp>[m[K
[6.207s]       |          [01;31m[K^~~~~~~~~~~~~~~~~~~~~~~~~~~~~~~~~~~[m[K
[6.207s] compilation terminated.
[6.208s] gmake[2]: *** [CMakeFiles/traj_test_copy.dir/build.make:90: CMakeFiles/traj_test_copy.dir/src/motionProfiling.cpp.o] Error 1
[6.208s] gmake[1]: *** [CMakeFiles/Makefile2:198: CMakeFiles/traj_test_copy.dir/all] Error 2
[6.208s] gmake: *** [Makefile:146: all] Error 2
[6.212s] Invoked command in '/home/kvvnbs/BuckeyeVerticalSoftwareV2/build/px4_ros_com' returned '2': CMAKE_PREFIX_PATH=/home/kvvnbs/BuckeyeVerticalSoftwareV2/install/px4_msgs:/home/kvvnbs/BuckeyeVerticalSoftwareV2/install/px4_ros_com:/opt/ros/humble LD_LIBRARY_PATH=/home/kvvnbs/BuckeyeVerticalSoftwareV2/install/px4_msgs/lib:/home/kvvnbs/BuckeyeVerticalSoftwareV2/install/px4_ros_com/lib:/opt/ros/humble/opt/rviz_ogre_vendor/lib:/opt/ros/humble/lib/x86_64-linux-gnu:/opt/ros/humble/lib /usr/bin/cmake --build /home/kvvnbs/BuckeyeVerticalSoftwareV2/build/px4_ros_com -- -j16 -l16
