[35m[1mConsolidate compiler generated dependencies of target traj_test[0m
[ 16%] Built target frame_transforms
[35m[1mConsolidate compiler generated dependencies of target test_trajectory[0m
[ 16%] Built target ament_cmake_python_copy_px4_ros_com
[ 25%] [32mBuilding CXX object CMakeFiles/traj_test.dir/src/rviz_utils.cpp.o[0m
[ 33%] [32mBuilding CXX object CMakeFiles/test_trajectory.dir/src/rviz_utils.cpp.o[0m
running egg_info
writing px4_ros_com.egg-info/PKG-INFO
writing dependency_links to px4_ros_com.egg-info/dependency_links.txt
writing top-level names to px4_ros_com.egg-info/top_level.txt
reading manifest file 'px4_ros_com.egg-info/SOURCES.txt'
writing manifest file 'px4_ros_com.egg-info/SOURCES.txt'
[ 33%] Built target ament_cmake_python_build_px4_ros_com_egg
[01m[K/home/eashan/BuckeyeVerticalSoftware_v2/src/px4_ros_com/src/rviz_utils.cpp:[m[K In function â€˜[01m[Kvisualization_msgs::msg::Marker rviz_utils::createArrowMarker(const Vector3f&, float, const string&)[m[Kâ€™:
[01m[K/home/eashan/BuckeyeVerticalSoftware_v2/src/px4_ros_com/src/rviz_utils.cpp:45:100:[m[K [01;31m[Kerror: [m[Kno matching function for call to â€˜[01m[Kquaternion_to_euler(int, int, float&)[m[Kâ€™
   45 |     Eigen::Quaterniond quat = [01;31m[Kpx4_ros_com::frame_transforms::utils::quaternion::quaternion_to_euler(0, 0, heading)[m[K;
      |                               [01;31m[K~~~~~~~~~~~~~~~~~~~~~~~~~~~~~~~~~~~~~~~~~~~~~~~~~~~~~~~~~~~~~~~~~~~~~^~~~~~~~~~~~~~~[m[K
In file included from [01m[K/home/eashan/BuckeyeVerticalSoftware_v2/src/px4_ros_com/src/rviz_utils.cpp:2[m[K:
[01m[K/home/eashan/BuckeyeVerticalSoftware_v2/src/px4_ros_com/include/px4_ros_com/frame_transforms.h:118:17:[m[K [01;36m[Knote: [m[Kcandidate: â€˜[01m[KEigen::Vector3d px4_ros_com::frame_transforms::utils::quaternion::quaternion_to_euler(const Quaterniond&)[m[Kâ€™
  118 | Eigen::Vector3d [01;36m[Kquaternion_to_euler[m[K(const Eigen::Quaterniond &q);
      |                 [01;36m[K^~~~~~~~~~~~~~~~~~~[m[K
[01m[K/home/eashan/BuckeyeVerticalSoftware_v2/src/px4_ros_com/include/px4_ros_com/frame_transforms.h:118:17:[m[K [01;36m[Knote: [m[K  candidate expects 1 argument, 3 provided
[01m[K/home/eashan/BuckeyeVerticalSoftware_v2/src/px4_ros_com/include/px4_ros_com/frame_transforms.h:123:6:[m[K [01;36m[Knote: [m[Kcandidate: â€˜[01m[Kvoid px4_ros_com::frame_transforms::utils::quaternion::quaternion_to_euler(const Quaterniond&, double&, double&, double&)[m[Kâ€™
  123 | void [01;36m[Kquaternion_to_euler[m[K(const Eigen::Quaterniond &q, double &roll, double &pitch, double &yaw);
      |      [01;36m[K^~~~~~~~~~~~~~~~~~~[m[K
[01m[K/home/eashan/BuckeyeVerticalSoftware_v2/src/px4_ros_com/include/px4_ros_com/frame_transforms.h:123:6:[m[K [01;36m[Knote: [m[K  candidate expects 4 arguments, 3 provided
[01m[K/home/eashan/BuckeyeVerticalSoftware_v2/src/px4_ros_com/src/rviz_utils.cpp:30:130:[m[K [01;35m[Kwarning: [m[Kunused parameter â€˜[01m[Kframe_id[m[Kâ€™ [[01;35m[K]8;;https://gcc.gnu.org/onlinedocs/gcc/Warning-Options.html#index-Wunused-parameter-Wunused-parameter]8;;[m[K]
   30 | visualization_msgs::msg::Marker rviz_utils::createArrowMarker(const Eigen::Vector3f &position, float heading, [01;35m[Kconst std::string& frame_id[m[K) {
      |                                                                                                               [01;35m[K~~~~~~~~~~~~~~~~~~~^~~~~~~~[m[K
[01m[K/home/eashan/BuckeyeVerticalSoftware_v2/src/px4_ros_com/src/rviz_utils.cpp:[m[K In function â€˜[01m[Kvisualization_msgs::msg::Marker rviz_utils::createArrowMarker(const Vector3f&, float, const string&)[m[Kâ€™:
[01m[K/home/eashan/BuckeyeVerticalSoftware_v2/src/px4_ros_com/src/rviz_utils.cpp:45:100:[m[K [01;31m[Kerror: [m[Kno matching function for call to â€˜[01m[Kquaternion_to_euler(int, int, float&)[m[Kâ€™
   45 |     Eigen::Quaterniond quat = [01;31m[Kpx4_ros_com::frame_transforms::utils::quaternion::quaternion_to_euler(0, 0, heading)[m[K;
      |                               [01;31m[K~~~~~~~~~~~~~~~~~~~~~~~~~~~~~~~~~~~~~~~~~~~~~~~~~~~~~~~~~~~~~~~~~~~~~^~~~~~~~~~~~~~~[m[K
In file included from [01m[K/home/eashan/BuckeyeVerticalSoftware_v2/src/px4_ros_com/src/rviz_utils.cpp:2[m[K:
[01m[K/home/eashan/BuckeyeVerticalSoftware_v2/src/px4_ros_com/include/px4_ros_com/frame_transforms.h:118:17:[m[K [01;36m[Knote: [m[Kcandidate: â€˜[01m[KEigen::Vector3d px4_ros_com::frame_transforms::utils::quaternion::quaternion_to_euler(const Quaterniond&)[m[Kâ€™
  118 | Eigen::Vector3d [01;36m[Kquaternion_to_euler[m[K(const Eigen::Quaterniond &q);
      |                 [01;36m[K^~~~~~~~~~~~~~~~~~~[m[K
[01m[K/home/eashan/BuckeyeVerticalSoftware_v2/src/px4_ros_com/include/px4_ros_com/frame_transforms.h:118:17:[m[K [01;36m[Knote: [m[K  candidate expects 1 argument, 3 provided
[01m[K/home/eashan/BuckeyeVerticalSoftware_v2/src/px4_ros_com/include/px4_ros_com/frame_transforms.h:123:6:[m[K [01;36m[Knote: [m[Kcandidate: â€˜[01m[Kvoid px4_ros_com::frame_transforms::utils::quaternion::quaternion_to_euler(const Quaterniond&, double&, double&, double&)[m[Kâ€™
  123 | void [01;36m[Kquaternion_to_euler[m[K(const Eigen::Quaterniond &q, double &roll, double &pitch, double &yaw);
      |      [01;36m[K^~~~~~~~~~~~~~~~~~~[m[K
[01m[K/home/eashan/BuckeyeVerticalSoftware_v2/src/px4_ros_com/include/px4_ros_com/frame_transforms.h:123:6:[m[K [01;36m[Knote: [m[K  candidate expects 4 arguments, 3 provided
[01m[K/home/eashan/BuckeyeVerticalSoftware_v2/src/px4_ros_com/src/rviz_utils.cpp:30:130:[m[K [01;35m[Kwarning: [m[Kunused parameter â€˜[01m[Kframe_id[m[Kâ€™ [[01;35m[K]8;;https://gcc.gnu.org/onlinedocs/gcc/Warning-Options.html#index-Wunused-parameter-Wunused-parameter]8;;[m[K]
   30 | visualization_msgs::msg::Marker rviz_utils::createArrowMarker(const Eigen::Vector3f &position, float heading, [01;35m[Kconst std::string& frame_id[m[K) {
      |                                                                                                               [01;35m[K~~~~~~~~~~~~~~~~~~~^~~~~~~~[m[K
gmake[2]: *** [CMakeFiles/test_trajectory.dir/build.make:104: CMakeFiles/test_trajectory.dir/src/rviz_utils.cpp.o] Error 1
gmake[1]: *** [CMakeFiles/Makefile2:196: CMakeFiles/test_trajectory.dir/all] Error 2
gmake[1]: *** Waiting for unfinished jobs....
gmake[2]: *** [CMakeFiles/traj_test.dir/build.make:104: CMakeFiles/traj_test.dir/src/rviz_utils.cpp.o] Error 1
gmake[1]: *** [CMakeFiles/Makefile2:170: CMakeFiles/traj_test.dir/all] Error 2
gmake: *** [Makefile:146: all] Error 2
