[0.290s] Invoking command in '/home/eashan/BuckeyeVerticalSoftware_v2/build/px4_ros_com': AMENT_PREFIX_PATH=/home/eashan/BuckeyeVerticalSoftware_v2/install/px4_msgs:${AMENT_PREFIX_PATH} CMAKE_PREFIX_PATH=/home/eashan/BuckeyeVerticalSoftware_v2/install/px4_msgs:/opt/ros/humble CONDA_PROMPT_MODIFIER=(base) LD_LIBRARY_PATH=/home/eashan/BuckeyeVerticalSoftware_v2/install/px4_msgs/lib:/opt/ros/humble/opt/rviz_ogre_vendor/lib:/opt/ros/humble/lib/x86_64-linux-gnu:/opt/ros/humble/lib:/usr/local/cuda-12.6/lib64:/usr/local/cuda-12.6/lib64 PYTHONPATH=/home/eashan/BuckeyeVerticalSoftware_v2/install/px4_msgs/local/lib/python3.10/dist-packages:${PYTHONPATH} /usr/bin/cmake --build /home/eashan/BuckeyeVerticalSoftware_v2/build/px4_ros_com -- -j4 -l4
[0.333s] [35m[1mConsolidate compiler generated dependencies of target traj_test[0m
[0.340s] [ 16%] Built target frame_transforms
[0.350s] [35m[1mConsolidate compiler generated dependencies of target test_trajectory[0m
[0.353s] [ 16%] Built target ament_cmake_python_copy_px4_ros_com
[0.360s] [ 25%] [32mBuilding CXX object CMakeFiles/traj_test.dir/src/rviz_utils.cpp.o[0m
[0.380s] [ 33%] [32mBuilding CXX object CMakeFiles/test_trajectory.dir/src/rviz_utils.cpp.o[0m
[0.546s] running egg_info
[0.558s] writing px4_ros_com.egg-info/PKG-INFO
[0.559s] writing dependency_links to px4_ros_com.egg-info/dependency_links.txt
[0.560s] writing top-level names to px4_ros_com.egg-info/top_level.txt
[0.595s] reading manifest file 'px4_ros_com.egg-info/SOURCES.txt'
[0.597s] writing manifest file 'px4_ros_com.egg-info/SOURCES.txt'
[0.633s] [ 33%] Built target ament_cmake_python_build_px4_ros_com_egg
[3.664s] [01m[K/home/eashan/BuckeyeVerticalSoftware_v2/src/px4_ros_com/src/rviz_utils.cpp:[m[K In function â€˜[01m[Kvisualization_msgs::msg::Marker rviz_utils::createArrowMarker(const Vector3f&, float, const string&)[m[Kâ€™:
[3.664s] [01m[K/home/eashan/BuckeyeVerticalSoftware_v2/src/px4_ros_com/src/rviz_utils.cpp:45:100:[m[K [01;31m[Kerror: [m[Kno matching function for call to â€˜[01m[Kquaternion_to_euler(int, int, float&)[m[Kâ€™
[3.664s]    45 |     Eigen::Quaterniond quat = [01;31m[Kpx4_ros_com::frame_transforms::utils::quaternion::quaternion_to_euler(0, 0, heading)[m[K;
[3.664s]       |                               [01;31m[K~~~~~~~~~~~~~~~~~~~~~~~~~~~~~~~~~~~~~~~~~~~~~~~~~~~~~~~~~~~~~~~~~~~~~^~~~~~~~~~~~~~~[m[K
[3.664s] In file included from [01m[K/home/eashan/BuckeyeVerticalSoftware_v2/src/px4_ros_com/src/rviz_utils.cpp:2[m[K:
[3.664s] [01m[K/home/eashan/BuckeyeVerticalSoftware_v2/src/px4_ros_com/include/px4_ros_com/frame_transforms.h:118:17:[m[K [01;36m[Knote: [m[Kcandidate: â€˜[01m[KEigen::Vector3d px4_ros_com::frame_transforms::utils::quaternion::quaternion_to_euler(const Quaterniond&)[m[Kâ€™
[3.664s]   118 | Eigen::Vector3d [01;36m[Kquaternion_to_euler[m[K(const Eigen::Quaterniond &q);
[3.664s]       |                 [01;36m[K^~~~~~~~~~~~~~~~~~~[m[K
[3.664s] [01m[K/home/eashan/BuckeyeVerticalSoftware_v2/src/px4_ros_com/include/px4_ros_com/frame_transforms.h:118:17:[m[K [01;36m[Knote: [m[K  candidate expects 1 argument, 3 provided
[3.664s] [01m[K/home/eashan/BuckeyeVerticalSoftware_v2/src/px4_ros_com/include/px4_ros_com/frame_transforms.h:123:6:[m[K [01;36m[Knote: [m[Kcandidate: â€˜[01m[Kvoid px4_ros_com::frame_transforms::utils::quaternion::quaternion_to_euler(const Quaterniond&, double&, double&, double&)[m[Kâ€™
[3.664s]   123 | void [01;36m[Kquaternion_to_euler[m[K(const Eigen::Quaterniond &q, double &roll, double &pitch, double &yaw);
[3.664s]       |      [01;36m[K^~~~~~~~~~~~~~~~~~~[m[K
[3.664s] [01m[K/home/eashan/BuckeyeVerticalSoftware_v2/src/px4_ros_com/include/px4_ros_com/frame_transforms.h:123:6:[m[K [01;36m[Knote: [m[K  candidate expects 4 arguments, 3 provided
[3.666s] [01m[K/home/eashan/BuckeyeVerticalSoftware_v2/src/px4_ros_com/src/rviz_utils.cpp:30:130:[m[K [01;35m[Kwarning: [m[Kunused parameter â€˜[01m[Kframe_id[m[Kâ€™ [[01;35m[K]8;;https://gcc.gnu.org/onlinedocs/gcc/Warning-Options.html#index-Wunused-parameter-Wunused-parameter]8;;[m[K]
[3.666s]    30 | visualization_msgs::msg::Marker rviz_utils::createArrowMarker(const Eigen::Vector3f &position, float heading, [01;35m[Kconst std::string& frame_id[m[K) {
[3.666s]       |                                                                                                               [01;35m[K~~~~~~~~~~~~~~~~~~~^~~~~~~~[m[K
[3.841s] [01m[K/home/eashan/BuckeyeVerticalSoftware_v2/src/px4_ros_com/src/rviz_utils.cpp:[m[K In function â€˜[01m[Kvisualization_msgs::msg::Marker rviz_utils::createArrowMarker(const Vector3f&, float, const string&)[m[Kâ€™:
[3.841s] [01m[K/home/eashan/BuckeyeVerticalSoftware_v2/src/px4_ros_com/src/rviz_utils.cpp:45:100:[m[K [01;31m[Kerror: [m[Kno matching function for call to â€˜[01m[Kquaternion_to_euler(int, int, float&)[m[Kâ€™
[3.841s]    45 |     Eigen::Quaterniond quat = [01;31m[Kpx4_ros_com::frame_transforms::utils::quaternion::quaternion_to_euler(0, 0, heading)[m[K;
[3.841s]       |                               [01;31m[K~~~~~~~~~~~~~~~~~~~~~~~~~~~~~~~~~~~~~~~~~~~~~~~~~~~~~~~~~~~~~~~~~~~~~^~~~~~~~~~~~~~~[m[K
[3.841s] In file included from [01m[K/home/eashan/BuckeyeVerticalSoftware_v2/src/px4_ros_com/src/rviz_utils.cpp:2[m[K:
[3.841s] [01m[K/home/eashan/BuckeyeVerticalSoftware_v2/src/px4_ros_com/include/px4_ros_com/frame_transforms.h:118:17:[m[K [01;36m[Knote: [m[Kcandidate: â€˜[01m[KEigen::Vector3d px4_ros_com::frame_transforms::utils::quaternion::quaternion_to_euler(const Quaterniond&)[m[Kâ€™
[3.841s]   118 | Eigen::Vector3d [01;36m[Kquaternion_to_euler[m[K(const Eigen::Quaterniond &q);
[3.841s]       |                 [01;36m[K^~~~~~~~~~~~~~~~~~~[m[K
[3.841s] [01m[K/home/eashan/BuckeyeVerticalSoftware_v2/src/px4_ros_com/include/px4_ros_com/frame_transforms.h:118:17:[m[K [01;36m[Knote: [m[K  candidate expects 1 argument, 3 provided
[3.841s] [01m[K/home/eashan/BuckeyeVerticalSoftware_v2/src/px4_ros_com/include/px4_ros_com/frame_transforms.h:123:6:[m[K [01;36m[Knote: [m[Kcandidate: â€˜[01m[Kvoid px4_ros_com::frame_transforms::utils::quaternion::quaternion_to_euler(const Quaterniond&, double&, double&, double&)[m[Kâ€™
[3.841s]   123 | void [01;36m[Kquaternion_to_euler[m[K(const Eigen::Quaterniond &q, double &roll, double &pitch, double &yaw);
[3.841s]       |      [01;36m[K^~~~~~~~~~~~~~~~~~~[m[K
[3.841s] [01m[K/home/eashan/BuckeyeVerticalSoftware_v2/src/px4_ros_com/include/px4_ros_com/frame_transforms.h:123:6:[m[K [01;36m[Knote: [m[K  candidate expects 4 arguments, 3 provided
[3.843s] [01m[K/home/eashan/BuckeyeVerticalSoftware_v2/src/px4_ros_com/src/rviz_utils.cpp:30:130:[m[K [01;35m[Kwarning: [m[Kunused parameter â€˜[01m[Kframe_id[m[Kâ€™ [[01;35m[K]8;;https://gcc.gnu.org/onlinedocs/gcc/Warning-Options.html#index-Wunused-parameter-Wunused-parameter]8;;[m[K]
[3.843s]    30 | visualization_msgs::msg::Marker rviz_utils::createArrowMarker(const Eigen::Vector3f &position, float heading, [01;35m[Kconst std::string& frame_id[m[K) {
[3.843s]       |                                                                                                               [01;35m[K~~~~~~~~~~~~~~~~~~~^~~~~~~~[m[K
[4.381s] gmake[2]: *** [CMakeFiles/test_trajectory.dir/build.make:104: CMakeFiles/test_trajectory.dir/src/rviz_utils.cpp.o] Error 1
[4.382s] gmake[1]: *** [CMakeFiles/Makefile2:196: CMakeFiles/test_trajectory.dir/all] Error 2
[4.382s] gmake[1]: *** Waiting for unfinished jobs....
[4.519s] gmake[2]: *** [CMakeFiles/traj_test.dir/build.make:104: CMakeFiles/traj_test.dir/src/rviz_utils.cpp.o] Error 1
[4.519s] gmake[1]: *** [CMakeFiles/Makefile2:170: CMakeFiles/traj_test.dir/all] Error 2
[4.520s] gmake: *** [Makefile:146: all] Error 2
[4.522s] Invoked command in '/home/eashan/BuckeyeVerticalSoftware_v2/build/px4_ros_com' returned '2': AMENT_PREFIX_PATH=/home/eashan/BuckeyeVerticalSoftware_v2/install/px4_msgs:${AMENT_PREFIX_PATH} CMAKE_PREFIX_PATH=/home/eashan/BuckeyeVerticalSoftware_v2/install/px4_msgs:/opt/ros/humble CONDA_PROMPT_MODIFIER=(base) LD_LIBRARY_PATH=/home/eashan/BuckeyeVerticalSoftware_v2/install/px4_msgs/lib:/opt/ros/humble/opt/rviz_ogre_vendor/lib:/opt/ros/humble/lib/x86_64-linux-gnu:/opt/ros/humble/lib:/usr/local/cuda-12.6/lib64:/usr/local/cuda-12.6/lib64 PYTHONPATH=/home/eashan/BuckeyeVerticalSoftware_v2/install/px4_msgs/local/lib/python3.10/dist-packages:${PYTHONPATH} /usr/bin/cmake --build /home/eashan/BuckeyeVerticalSoftware_v2/build/px4_ros_com -- -j4 -l4
