[0.303s] Invoking command in '/home/eashan/BuckeyeVerticalSoftware_v2/build/px4_ros_com': AMENT_PREFIX_PATH=/home/eashan/BuckeyeVerticalSoftware_v2/install/px4_msgs:${AMENT_PREFIX_PATH} CMAKE_PREFIX_PATH=/home/eashan/BuckeyeVerticalSoftware_v2/install/px4_msgs:/opt/ros/humble CONDA_PROMPT_MODIFIER=(base) LD_LIBRARY_PATH=/home/eashan/BuckeyeVerticalSoftware_v2/install/px4_msgs/lib:/opt/ros/humble/opt/rviz_ogre_vendor/lib:/opt/ros/humble/lib/x86_64-linux-gnu:/opt/ros/humble/lib:/usr/local/cuda-12.6/lib64:/usr/local/cuda-12.6/lib64 PYTHONPATH=/home/eashan/BuckeyeVerticalSoftware_v2/install/px4_msgs/local/lib/python3.10/dist-packages:${PYTHONPATH} /usr/bin/cmake --build /home/eashan/BuckeyeVerticalSoftware_v2/build/px4_ros_com -- -j4 -l4
[0.333s] -- Found ament_cmake: 1.3.11 (/opt/ros/humble/share/ament_cmake/cmake)
[0.487s] -- Found builtin_interfaces: 1.2.1 (/opt/ros/humble/share/builtin_interfaces/cmake)
[0.953s] -- Found rosidl_generator_c: 3.1.5 (/opt/ros/humble/share/rosidl_generator_c/cmake)
[0.957s] -- Found rosidl_adapter: 3.1.5 (/opt/ros/humble/share/rosidl_adapter/cmake)
[0.969s] -- Found rosidl_generator_cpp: 3.1.5 (/opt/ros/humble/share/rosidl_generator_cpp/cmake)
[0.986s] -- Using all available rosidl_typesupport_c: rosidl_typesupport_fastrtps_c;rosidl_typesupport_introspection_c
[1.009s] -- Using all available rosidl_typesupport_cpp: rosidl_typesupport_fastrtps_cpp;rosidl_typesupport_introspection_cpp
[1.028s] -- Found eigen3_cmake_module: 0.1.1 (/opt/ros/humble/share/eigen3_cmake_module/cmake)
[1.031s] -- Found visualization_msgs: 4.2.4 (/opt/ros/humble/share/visualization_msgs/cmake)
[1.119s] -- Found px4_msgs: 2.0.1 (/home/eashan/BuckeyeVerticalSoftware_v2/install/px4_msgs/share/px4_msgs/cmake)
[1.130s] -- Found rclcpp: 16.0.10 (/opt/ros/humble/share/rclcpp/cmake)
[1.180s] -- Found rmw_implementation_cmake: 6.1.2 (/opt/ros/humble/share/rmw_implementation_cmake/cmake)
[1.186s] -- Found rmw_fastrtps_cpp: 6.2.7 (/opt/ros/humble/share/rmw_fastrtps_cpp/cmake)
[17.880s] -- Using RMW implementation 'rmw_fastrtps_cpp' as default
[17.940s] -- Found rclpy: 3.3.14 (/opt/ros/humble/share/rclpy/cmake)
[17.947s] -- Found ament_lint_auto: 0.12.11 (/opt/ros/humble/share/ament_lint_auto/cmake)
[18.039s] -- Added test 'copyright' to check source files copyright and LICENSE
[18.040s] -- Added test 'cppcheck' to perform static code analysis on C / C++ code
[18.040s] -- Configured cppcheck include dirs: /home/eashan/BuckeyeVerticalSoftware_v2/src/px4_ros_com/include;$<BUILD_INTERFACE:/home/eashan/BuckeyeVerticalSoftware_v2/src/px4_ros_com/include/px4_ros_com>
[18.040s] -- Configured cppcheck exclude dirs and/or files: 
[18.041s] -- Added test 'cpplint' to check C / C++ code against the Google style
[18.041s] -- Configured cpplint exclude dirs and/or files: 
[18.042s] -- Added test 'flake8' to check Python code syntax and style conventions
[18.043s] -- Added test 'lint_cmake' to check CMake code style
[18.045s] -- Added test 'pep257' to check Python code against some of the docstring style conventions in PEP 257
[18.046s] -- Added test 'uncrustify' to check C / C++ code style
[18.046s] -- Configured uncrustify additional arguments: 
[18.046s] -- Added test 'xmllint' to check XML markup files
[18.049s] -- Configuring done
[18.074s] -- Generating done
[18.078s] -- Build files have been written to: /home/eashan/BuckeyeVerticalSoftware_v2/build/px4_ros_com
[18.104s] [35m[1mConsolidate compiler generated dependencies of target frame_transforms[0m
[18.115s] [35m[1mConsolidate compiler generated dependencies of target traj_test[0m
[18.120s] [35m[1mConsolidate compiler generated dependencies of target test_trajectory[0m
[18.126s] [  0%] Built target ament_cmake_python_copy_px4_ros_com
[18.138s] [ 16%] Built target frame_transforms
[18.158s] [ 25%] [32mBuilding CXX object CMakeFiles/test_trajectory.dir/src/rviz_utils.cpp.o[0m
[18.158s] [ 33%] [32mBuilding CXX object CMakeFiles/traj_test.dir/src/rviz_utils.cpp.o[0m
[18.163s] [ 41%] [32mBuilding CXX object CMakeFiles/traj_test.dir/src/lib/frame_transforms.cpp.o[0m
[18.485s] running egg_info
[18.511s] writing px4_ros_com.egg-info/PKG-INFO
[18.513s] writing dependency_links to px4_ros_com.egg-info/dependency_links.txt
[18.515s] writing top-level names to px4_ros_com.egg-info/top_level.txt
[18.578s] reading manifest file 'px4_ros_com.egg-info/SOURCES.txt'
[18.583s] writing manifest file 'px4_ros_com.egg-info/SOURCES.txt'
[18.687s] [ 41%] Built target ament_cmake_python_build_px4_ros_com_egg
[18.697s] [ 50%] [32mBuilding CXX object CMakeFiles/test_trajectory.dir/src/lib/frame_transforms.cpp.o[0m
[24.108s] [01m[K/home/eashan/BuckeyeVerticalSoftware_v2/src/px4_ros_com/src/rviz_utils.cpp:[m[K In function â€˜[01m[Kvisualization_msgs::msg::Marker rviz_utils::createArrowMarker(const Vector3f&, float, const string&)[m[Kâ€™:
[24.109s] [01m[K/home/eashan/BuckeyeVerticalSoftware_v2/src/px4_ros_com/src/rviz_utils.cpp:45:31:[m[K [01;31m[Kerror: [m[Kâ€˜[01m[Kframe_transforms[m[Kâ€™ has not been declared
[24.109s]    45 |     Eigen::Quaterniond quat = [01;31m[Kframe_transforms[m[K::utils::quaternion_to_euler(0, 0, heading);
[24.109s]       |                               [01;31m[K^~~~~~~~~~~~~~~~[m[K
[24.110s] [01m[K/home/eashan/BuckeyeVerticalSoftware_v2/src/px4_ros_com/src/rviz_utils.cpp:30:130:[m[K [01;35m[Kwarning: [m[Kunused parameter â€˜[01m[Kframe_id[m[Kâ€™ [[01;35m[K]8;;https://gcc.gnu.org/onlinedocs/gcc/Warning-Options.html#index-Wunused-parameter-Wunused-parameter]8;;[m[K]
[24.110s]    30 | visualization_msgs::msg::Marker rviz_utils::createArrowMarker(const Eigen::Vector3f &position, float heading, [01;35m[Kconst std::string& frame_id[m[K) {
[24.110s]       |                                                                                                               [01;35m[K~~~~~~~~~~~~~~~~~~~^~~~~~~~[m[K
[24.367s] [01m[K/home/eashan/BuckeyeVerticalSoftware_v2/src/px4_ros_com/src/rviz_utils.cpp:[m[K In function â€˜[01m[Kvisualization_msgs::msg::Marker rviz_utils::createArrowMarker(const Vector3f&, float, const string&)[m[Kâ€™:
[24.367s] [01m[K/home/eashan/BuckeyeVerticalSoftware_v2/src/px4_ros_com/src/rviz_utils.cpp:45:31:[m[K [01;31m[Kerror: [m[Kâ€˜[01m[Kframe_transforms[m[Kâ€™ has not been declared
[24.367s]    45 |     Eigen::Quaterniond quat = [01;31m[Kframe_transforms[m[K::utils::quaternion_to_euler(0, 0, heading);
[24.367s]       |                               [01;31m[K^~~~~~~~~~~~~~~~[m[K
[24.368s] [01m[K/home/eashan/BuckeyeVerticalSoftware_v2/src/px4_ros_com/src/rviz_utils.cpp:30:130:[m[K [01;35m[Kwarning: [m[Kunused parameter â€˜[01m[Kframe_id[m[Kâ€™ [[01;35m[K]8;;https://gcc.gnu.org/onlinedocs/gcc/Warning-Options.html#index-Wunused-parameter-Wunused-parameter]8;;[m[K]
[24.368s]    30 | visualization_msgs::msg::Marker rviz_utils::createArrowMarker(const Eigen::Vector3f &position, float heading, [01;35m[Kconst std::string& frame_id[m[K) {
[24.368s]       |                                                                                                               [01;35m[K~~~~~~~~~~~~~~~~~~~^~~~~~~~[m[K
[25.040s] gmake[2]: *** [CMakeFiles/traj_test.dir/build.make:104: CMakeFiles/traj_test.dir/src/rviz_utils.cpp.o] Error 1
[25.040s] gmake[2]: *** Waiting for unfinished jobs....
[25.367s] gmake[2]: *** [CMakeFiles/test_trajectory.dir/build.make:104: CMakeFiles/test_trajectory.dir/src/rviz_utils.cpp.o] Error 1
[25.367s] gmake[2]: *** Waiting for unfinished jobs....
[27.590s] gmake[1]: *** [CMakeFiles/Makefile2:170: CMakeFiles/traj_test.dir/all] Error 2
[27.590s] gmake[1]: *** Waiting for unfinished jobs....
[28.214s] gmake[1]: *** [CMakeFiles/Makefile2:196: CMakeFiles/test_trajectory.dir/all] Error 2
[28.214s] gmake: *** [Makefile:146: all] Error 2
[28.216s] Invoked command in '/home/eashan/BuckeyeVerticalSoftware_v2/build/px4_ros_com' returned '2': AMENT_PREFIX_PATH=/home/eashan/BuckeyeVerticalSoftware_v2/install/px4_msgs:${AMENT_PREFIX_PATH} CMAKE_PREFIX_PATH=/home/eashan/BuckeyeVerticalSoftware_v2/install/px4_msgs:/opt/ros/humble CONDA_PROMPT_MODIFIER=(base) LD_LIBRARY_PATH=/home/eashan/BuckeyeVerticalSoftware_v2/install/px4_msgs/lib:/opt/ros/humble/opt/rviz_ogre_vendor/lib:/opt/ros/humble/lib/x86_64-linux-gnu:/opt/ros/humble/lib:/usr/local/cuda-12.6/lib64:/usr/local/cuda-12.6/lib64 PYTHONPATH=/home/eashan/BuckeyeVerticalSoftware_v2/install/px4_msgs/local/lib/python3.10/dist-packages:${PYTHONPATH} /usr/bin/cmake --build /home/eashan/BuckeyeVerticalSoftware_v2/build/px4_ros_com -- -j4 -l4
