[0.046s] Invoking command in '/home/eashan/BuckeyeVerticalSoftware_v2/build/px4_msgs': CMAKE_PREFIX_PATH=${CMAKE_PREFIX_PATH}:/opt/ros/humble CONDA_PROMPT_MODIFIER=(base) /usr/bin/cmake --build /home/eashan/BuckeyeVerticalSoftware_v2/build/px4_msgs -- -j4 -l4
[1.134s] [  0%] Built target px4_msgs__cpp
[1.229s] [ 12%] Built target px4_msgs__rosidl_generator_c
[1.342s] [ 24%] Built target px4_msgs__rosidl_typesupport_cpp
[1.365s] [ 24%] Built target ament_cmake_python_copy_px4_msgs
[1.511s] [ 36%] Built target px4_msgs__rosidl_typesupport_fastrtps_cpp
[1.635s] [ 49%] Built target px4_msgs__rosidl_typesupport_fastrtps_c
[1.644s] [ 62%] Built target px4_msgs__rosidl_typesupport_introspection_cpp
[1.803s] [ 75%] Built target px4_msgs__rosidl_typesupport_c
[1.818s] [ 88%] Built target px4_msgs__rosidl_typesupport_introspection_c
[1.848s] [ 88%] Built target px4_msgs
[1.903s] [ 88%] Built target px4_msgs__py
[2.225s] [100%] Built target px4_msgs__rosidl_generator_py
[2.383s] [100%] Built target px4_msgs__rosidl_typesupport_fastrtps_c__pyext
[2.438s] running egg_info
[2.439s] [100%] Built target px4_msgs__rosidl_typesupport_introspection_c__pyext
[2.461s] writing px4_msgs.egg-info/PKG-INFO
[2.462s] writing dependency_links to px4_msgs.egg-info/dependency_links.txt
[2.463s] writing top-level names to px4_msgs.egg-info/top_level.txt
[2.522s] [100%] Built target px4_msgs__rosidl_typesupport_c__pyext
[2.552s] reading manifest file 'px4_msgs.egg-info/SOURCES.txt'
[2.576s] writing manifest file 'px4_msgs.egg-info/SOURCES.txt'
[2.623s] [100%] Built target ament_cmake_python_build_px4_msgs_egg
[2.671s] Invoked command in '/home/eashan/BuckeyeVerticalSoftware_v2/build/px4_msgs' returned '0': CMAKE_PREFIX_PATH=${CMAKE_PREFIX_PATH}:/opt/ros/humble CONDA_PROMPT_MODIFIER=(base) /usr/bin/cmake --build /home/eashan/BuckeyeVerticalSoftware_v2/build/px4_msgs -- -j4 -l4
[12.299s] Traceback (most recent call last):
  File "/usr/lib/python3/dist-packages/colcon_parallel_executor/executor/parallel.py", line 75, in execute
    loop.run_until_complete(future)
  File "/usr/lib/python3.10/asyncio/base_events.py", line 636, in run_until_complete
    self.run_forever()
  File "/usr/lib/python3.10/asyncio/base_events.py", line 603, in run_forever
    self._run_once()
  File "/usr/lib/python3.10/asyncio/base_events.py", line 1871, in _run_once
    event_list = self._selector.select(timeout)
  File "/usr/lib/python3.10/selectors.py", line 469, in select
    fd_event_list = self._selector.poll(timeout, max_ev)
KeyboardInterrupt

During handling of the above exception, another exception occurred:

Traceback (most recent call last):
  File "/usr/lib/python3/dist-packages/colcon_core/executor/__init__.py", line 91, in __call__
    rc = await self.task(*args, **kwargs)
  File "/usr/lib/python3/dist-packages/colcon_core/task/__init__.py", line 93, in __call__
    return await task_method(*args, **kwargs)
  File "/usr/lib/python3/dist-packages/colcon_ros/task/ament_cmake/build.py", line 59, in build
    rc = await extension.build(
  File "/usr/lib/python3/dist-packages/colcon_cmake/task/cmake/build.py", line 110, in build
    if await has_target(args.build_base, 'install'):
  File "/usr/lib/python3/dist-packages/colcon_cmake/task/cmake/__init__.py", line 57, in has_target
    return target in await get_makefile_targets(path)
  File "/usr/lib/python3/dist-packages/colcon_cmake/task/cmake/__init__.py", line 77, in get_makefile_targets
    output = await check_output([
  File "/usr/lib/python3/dist-packages/colcon_core/subprocess.py", line 129, in check_output
    assert not rc, f'Expected {args} to pass: {stderr_data}'
AssertionError: Expected ['/usr/bin/cmake', '--build', '/home/eashan/BuckeyeVerticalSoftware_v2/build/px4_msgs', '--target', 'help'] to pass: gmake: *** [Makefile:48340: help] Interrupt

