[0.106s] Invoking command in '/home/kvvnbs/BuckeyeVerticalSoftwareV2/build/px4_ros_com': AMENT_PREFIX_PATH=/home/kvvnbs/BuckeyeVerticalSoftwareV2/install/px4_msgs:${AMENT_PREFIX_PATH} CMAKE_PREFIX_PATH=/home/kvvnbs/BuckeyeVerticalSoftwareV2/install/px4_msgs:/opt/ros/humble LD_LIBRARY_PATH=/home/kvvnbs/BuckeyeVerticalSoftwareV2/install/px4_msgs/lib:${LD_LIBRARY_PATH} PYTHONPATH=/home/kvvnbs/BuckeyeVerticalSoftwareV2/install/px4_msgs/local/lib/python3.10/dist-packages:${PYTHONPATH} /usr/bin/cmake --build /home/kvvnbs/BuckeyeVerticalSoftwareV2/build/px4_ros_com -- -j16 -l16
[0.136s] [35m[1mConsolidate compiler generated dependencies of target traj_test[0m
[0.136s] [35m[1mConsolidate compiler generated dependencies of target test_trajectory[0m
[0.142s] [ 16%] Built target frame_transforms
[0.144s] [ 16%] Built target ament_cmake_python_copy_px4_ros_com
[0.156s] [ 25%] [32mBuilding CXX object CMakeFiles/traj_test.dir/src/trajectory.cpp.o[0m
[0.157s] [ 33%] [32mBuilding CXX object CMakeFiles/test_trajectory.dir/src/trajectory.cpp.o[0m
[0.396s] running egg_info
[0.397s] writing px4_ros_com.egg-info/PKG-INFO
[0.397s] writing dependency_links to px4_ros_com.egg-info/dependency_links.txt
[0.397s] writing top-level names to px4_ros_com.egg-info/top_level.txt
[0.399s] reading manifest file 'px4_ros_com.egg-info/SOURCES.txt'
[0.399s] writing manifest file 'px4_ros_com.egg-info/SOURCES.txt'
[0.420s] [ 33%] Built target ament_cmake_python_build_px4_ros_com_egg
[2.542s] [01m[K/home/kvvnbs/BuckeyeVerticalSoftwareV2/src/px4_ros_com/src/trajectory.cpp:129:17:[m[K [01;31m[Kerror: [m[Kno declaration matches â€˜[01m[KEigen::Vector3f Trajectory::getPosition(rclcpp::Publisher<visualization_msgs::msg::Marker_<std::allocator<void> > >::SharedPtr*, float, float&)[m[Kâ€™
[2.542s]   129 | Eigen::Vector3f [01;31m[KTrajectory[m[K::getPosition(rclcpp::Publisher<visualization_msgs::msg::Marker>::SharedPtr *marker_heading_pub, float t, float &heading) {
[2.542s]       |                 [01;31m[K^~~~~~~~~~[m[K
[2.542s] In file included from [01m[K/home/kvvnbs/BuckeyeVerticalSoftwareV2/src/px4_ros_com/src/trajectory.cpp:1[m[K:
[2.542s] [01m[K/home/kvvnbs/BuckeyeVerticalSoftwareV2/src/px4_ros_com/include/trajectory.h:41:21:[m[K [01;36m[Knote: [m[Kcandidates are: â€˜[01m[KEigen::Vector3f Trajectory::getPosition(float)[m[Kâ€™
[2.542s]    41 |     Eigen::Vector3f [01;36m[KgetPosition[m[K(float t);
[2.542s]       |                     [01;36m[K^~~~~~~~~~~[m[K
[2.543s] In file included from [01m[K/home/kvvnbs/BuckeyeVerticalSoftwareV2/src/px4_ros_com/src/trajectory.cpp:1[m[K:
[2.543s] [01m[K/home/kvvnbs/BuckeyeVerticalSoftwareV2/src/px4_ros_com/include/trajectory.h:40:21:[m[K [01;36m[Knote: [m[K                â€˜[01m[KEigen::Vector3f Trajectory::getPosition(rclcpp::Publisher<visualization_msgs::msg::Marker_<std::allocator<void> > >::SharedPtr, float, float&)[m[Kâ€™
[2.543s]    40 |     Eigen::Vector3f [01;36m[KgetPosition[m[K(rclcpp::Publisher<visualization_msgs::msg::Marker>::SharedPtr marker_heading_pub, float t, float &heading);
[2.543s]       |                     [01;36m[K^~~~~~~~~~~[m[K
[2.543s] [01m[K/home/kvvnbs/BuckeyeVerticalSoftwareV2/src/px4_ros_com/include/trajectory.h:13:7:[m[K [01;36m[Knote: [m[Kâ€˜[01m[Kclass Trajectory[m[Kâ€™ defined here
[2.543s]    13 | class [01;36m[KTrajectory[m[K {
[2.543s]       |       [01;36m[K^~~~~~~~~~[m[K
[2.567s] [01m[K/home/kvvnbs/BuckeyeVerticalSoftwareV2/src/px4_ros_com/src/trajectory.cpp:129:17:[m[K [01;31m[Kerror: [m[Kno declaration matches â€˜[01m[KEigen::Vector3f Trajectory::getPosition(rclcpp::Publisher<visualization_msgs::msg::Marker_<std::allocator<void> > >::SharedPtr*, float, float&)[m[Kâ€™
[2.567s]   129 | Eigen::Vector3f [01;31m[KTrajectory[m[K::getPosition(rclcpp::Publisher<visualization_msgs::msg::Marker>::SharedPtr *marker_heading_pub, float t, float &heading) {
[2.567s]       |                 [01;31m[K^~~~~~~~~~[m[K
[2.567s] In file included from [01m[K/home/kvvnbs/BuckeyeVerticalSoftwareV2/src/px4_ros_com/src/trajectory.cpp:1[m[K:
[2.567s] [01m[K/home/kvvnbs/BuckeyeVerticalSoftwareV2/src/px4_ros_com/include/trajectory.h:41:21:[m[K [01;36m[Knote: [m[Kcandidates are: â€˜[01m[KEigen::Vector3f Trajectory::getPosition(float)[m[Kâ€™
[2.567s]    41 |     Eigen::Vector3f [01;36m[KgetPosition[m[K(float t);
[2.567s]       |                     [01;36m[K^~~~~~~~~~~[m[K
[2.567s] In file included from [01m[K/home/kvvnbs/BuckeyeVerticalSoftwareV2/src/px4_ros_com/src/trajectory.cpp:1[m[K:
[2.567s] [01m[K/home/kvvnbs/BuckeyeVerticalSoftwareV2/src/px4_ros_com/include/trajectory.h:40:21:[m[K [01;36m[Knote: [m[K                â€˜[01m[KEigen::Vector3f Trajectory::getPosition(rclcpp::Publisher<visualization_msgs::msg::Marker_<std::allocator<void> > >::SharedPtr, float, float&)[m[Kâ€™
[2.567s]    40 |     Eigen::Vector3f [01;36m[KgetPosition[m[K(rclcpp::Publisher<visualization_msgs::msg::Marker>::SharedPtr marker_heading_pub, float t, float &heading);
[2.567s]       |                     [01;36m[K^~~~~~~~~~~[m[K
[2.567s] [01m[K/home/kvvnbs/BuckeyeVerticalSoftwareV2/src/px4_ros_com/include/trajectory.h:13:7:[m[K [01;36m[Knote: [m[Kâ€˜[01m[Kclass Trajectory[m[Kâ€™ defined here
[2.567s]    13 | class [01;36m[KTrajectory[m[K {
[2.567s]       |       [01;36m[K^~~~~~~~~~[m[K
[5.764s] gmake[2]: *** [CMakeFiles/traj_test.dir/build.make:90: CMakeFiles/traj_test.dir/src/trajectory.cpp.o] Error 1
[5.764s] gmake[1]: *** [CMakeFiles/Makefile2:170: CMakeFiles/traj_test.dir/all] Error 2
[5.764s] gmake[1]: *** Waiting for unfinished jobs....
[5.841s] gmake[2]: *** [CMakeFiles/test_trajectory.dir/build.make:90: CMakeFiles/test_trajectory.dir/src/trajectory.cpp.o] Error 1
[5.841s] gmake[1]: *** [CMakeFiles/Makefile2:196: CMakeFiles/test_trajectory.dir/all] Error 2
[5.841s] gmake: *** [Makefile:146: all] Error 2
[5.845s] Invoked command in '/home/kvvnbs/BuckeyeVerticalSoftwareV2/build/px4_ros_com' returned '2': AMENT_PREFIX_PATH=/home/kvvnbs/BuckeyeVerticalSoftwareV2/install/px4_msgs:${AMENT_PREFIX_PATH} CMAKE_PREFIX_PATH=/home/kvvnbs/BuckeyeVerticalSoftwareV2/install/px4_msgs:/opt/ros/humble LD_LIBRARY_PATH=/home/kvvnbs/BuckeyeVerticalSoftwareV2/install/px4_msgs/lib:${LD_LIBRARY_PATH} PYTHONPATH=/home/kvvnbs/BuckeyeVerticalSoftwareV2/install/px4_msgs/local/lib/python3.10/dist-packages:${PYTHONPATH} /usr/bin/cmake --build /home/kvvnbs/BuckeyeVerticalSoftwareV2/build/px4_ros_com -- -j16 -l16
