[0.221s] Invoking command in '/home/eashan/BuckeyeVerticalSoftware_v2/build/px4_ros_com': AMENT_PREFIX_PATH=/home/eashan/BuckeyeVerticalSoftware_v2/install/px4_msgs:${AMENT_PREFIX_PATH} CMAKE_PREFIX_PATH=/home/eashan/BuckeyeVerticalSoftware_v2/install/px4_msgs:/opt/ros/humble CONDA_PROMPT_MODIFIER=(base) LD_LIBRARY_PATH=/home/eashan/BuckeyeVerticalSoftware_v2/install/px4_msgs/lib:/opt/ros/humble/opt/rviz_ogre_vendor/lib:/opt/ros/humble/lib/x86_64-linux-gnu:/opt/ros/humble/lib:/usr/local/cuda-12.6/lib64:/usr/local/cuda-12.6/lib64 PYTHONPATH=/home/eashan/BuckeyeVerticalSoftware_v2/install/px4_msgs/local/lib/python3.10/dist-packages:${PYTHONPATH} /usr/bin/cmake --build /home/eashan/BuckeyeVerticalSoftware_v2/build/px4_ros_com -- -j4 -l4
[0.265s] [35m[1mConsolidate compiler generated dependencies of target test_trajectory[0m
[0.271s] [35m[1mConsolidate compiler generated dependencies of target traj_test[0m
[0.293s] [ 16%] Built target frame_transforms
[0.299s] [ 25%] [32mBuilding CXX object CMakeFiles/test_trajectory.dir/src/rviz_utils.cpp.o[0m
[0.302s] [ 33%] [32mBuilding CXX object CMakeFiles/traj_test.dir/src/rviz_utils.cpp.o[0m
[0.303s] [ 33%] Built target ament_cmake_python_copy_px4_ros_com
[0.522s] running egg_info
[0.538s] writing px4_ros_com.egg-info/PKG-INFO
[0.539s] writing dependency_links to px4_ros_com.egg-info/dependency_links.txt
[0.539s] writing top-level names to px4_ros_com.egg-info/top_level.txt
[0.591s] reading manifest file 'px4_ros_com.egg-info/SOURCES.txt'
[0.592s] writing manifest file 'px4_ros_com.egg-info/SOURCES.txt'
[0.627s] [ 33%] Built target ament_cmake_python_build_px4_ros_com_egg
[3.473s] [01m[K/home/eashan/BuckeyeVerticalSoftware_v2/src/px4_ros_com/src/rviz_utils.cpp:[m[K In function â€˜[01m[Kvisualization_msgs::msg::Marker rviz_utils::createArrowMarker(const Vector3f&, float, const string&)[m[Kâ€™:
[3.473s] [01m[K/home/eashan/BuckeyeVerticalSoftware_v2/src/px4_ros_com/src/rviz_utils.cpp:45:69:[m[K [01;31m[Kerror: [m[Kâ€˜[01m[Kquaternion_to_euler[m[Kâ€™ is not a member of â€˜[01m[Kpx4_ros_com::frame_transforms::utils[m[Kâ€™; did you mean â€˜[01m[Kpx4_ros_com::frame_transforms::utils::quaternion::quaternion_to_euler[m[Kâ€™?
[3.473s]    45 |     Eigen::Quaterniond quat = px4_ros_com::frame_transforms::utils::[01;31m[Kquaternion_to_euler[m[K(0, 0, heading);
[3.473s]       |                                                                     [01;31m[K^~~~~~~~~~~~~~~~~~~[m[K
[3.473s] In file included from [01m[K/home/eashan/BuckeyeVerticalSoftware_v2/src/px4_ros_com/src/rviz_utils.cpp:2[m[K:
[3.473s] [01m[K/home/eashan/BuckeyeVerticalSoftware_v2/src/px4_ros_com/include/px4_ros_com/frame_transforms.h:123:6:[m[K [01;36m[Knote: [m[Kâ€˜[01m[Kpx4_ros_com::frame_transforms::utils::quaternion::quaternion_to_euler[m[Kâ€™ declared here
[3.473s]   123 | void [01;36m[Kquaternion_to_euler[m[K(const Eigen::Quaterniond &q, double &roll, double &pitch, double &yaw);
[3.473s]       |      [01;36m[K^~~~~~~~~~~~~~~~~~~[m[K
[3.473s] [01m[K/home/eashan/BuckeyeVerticalSoftware_v2/src/px4_ros_com/src/rviz_utils.cpp:30:130:[m[K [01;35m[Kwarning: [m[Kunused parameter â€˜[01m[Kframe_id[m[Kâ€™ [[01;35m[K]8;;https://gcc.gnu.org/onlinedocs/gcc/Warning-Options.html#index-Wunused-parameter-Wunused-parameter]8;;[m[K]
[3.473s]    30 | visualization_msgs::msg::Marker rviz_utils::createArrowMarker(const Eigen::Vector3f &position, float heading, [01;35m[Kconst std::string& frame_id[m[K) {
[3.473s]       |                                                                                                               [01;35m[K~~~~~~~~~~~~~~~~~~~^~~~~~~~[m[K
[3.511s] [01m[K/home/eashan/BuckeyeVerticalSoftware_v2/src/px4_ros_com/src/rviz_utils.cpp:[m[K In function â€˜[01m[Kvisualization_msgs::msg::Marker rviz_utils::createArrowMarker(const Vector3f&, float, const string&)[m[Kâ€™:
[3.511s] [01m[K/home/eashan/BuckeyeVerticalSoftware_v2/src/px4_ros_com/src/rviz_utils.cpp:45:69:[m[K [01;31m[Kerror: [m[Kâ€˜[01m[Kquaternion_to_euler[m[Kâ€™ is not a member of â€˜[01m[Kpx4_ros_com::frame_transforms::utils[m[Kâ€™; did you mean â€˜[01m[Kpx4_ros_com::frame_transforms::utils::quaternion::quaternion_to_euler[m[Kâ€™?
[3.511s]    45 |     Eigen::Quaterniond quat = px4_ros_com::frame_transforms::utils::[01;31m[Kquaternion_to_euler[m[K(0, 0, heading);
[3.511s]       |                                                                     [01;31m[K^~~~~~~~~~~~~~~~~~~[m[K
[3.511s] In file included from [01m[K/home/eashan/BuckeyeVerticalSoftware_v2/src/px4_ros_com/src/rviz_utils.cpp:2[m[K:
[3.511s] [01m[K/home/eashan/BuckeyeVerticalSoftware_v2/src/px4_ros_com/include/px4_ros_com/frame_transforms.h:123:6:[m[K [01;36m[Knote: [m[Kâ€˜[01m[Kpx4_ros_com::frame_transforms::utils::quaternion::quaternion_to_euler[m[Kâ€™ declared here
[3.511s]   123 | void [01;36m[Kquaternion_to_euler[m[K(const Eigen::Quaterniond &q, double &roll, double &pitch, double &yaw);
[3.511s]       |      [01;36m[K^~~~~~~~~~~~~~~~~~~[m[K
[3.513s] [01m[K/home/eashan/BuckeyeVerticalSoftware_v2/src/px4_ros_com/src/rviz_utils.cpp:30:130:[m[K [01;35m[Kwarning: [m[Kunused parameter â€˜[01m[Kframe_id[m[Kâ€™ [[01;35m[K]8;;https://gcc.gnu.org/onlinedocs/gcc/Warning-Options.html#index-Wunused-parameter-Wunused-parameter]8;;[m[K]
[3.513s]    30 | visualization_msgs::msg::Marker rviz_utils::createArrowMarker(const Eigen::Vector3f &position, float heading, [01;35m[Kconst std::string& frame_id[m[K) {
[3.513s]       |                                                                                                               [01;35m[K~~~~~~~~~~~~~~~~~~~^~~~~~~~[m[K
[4.128s] gmake[2]: *** [CMakeFiles/traj_test.dir/build.make:104: CMakeFiles/traj_test.dir/src/rviz_utils.cpp.o] Error 1
[4.128s] gmake[1]: *** [CMakeFiles/Makefile2:170: CMakeFiles/traj_test.dir/all] Error 2
[4.128s] gmake[1]: *** Waiting for unfinished jobs....
[4.145s] gmake[2]: *** [CMakeFiles/test_trajectory.dir/build.make:104: CMakeFiles/test_trajectory.dir/src/rviz_utils.cpp.o] Error 1
[4.145s] gmake[1]: *** [CMakeFiles/Makefile2:196: CMakeFiles/test_trajectory.dir/all] Error 2
[4.145s] gmake: *** [Makefile:146: all] Error 2
[4.149s] Invoked command in '/home/eashan/BuckeyeVerticalSoftware_v2/build/px4_ros_com' returned '2': AMENT_PREFIX_PATH=/home/eashan/BuckeyeVerticalSoftware_v2/install/px4_msgs:${AMENT_PREFIX_PATH} CMAKE_PREFIX_PATH=/home/eashan/BuckeyeVerticalSoftware_v2/install/px4_msgs:/opt/ros/humble CONDA_PROMPT_MODIFIER=(base) LD_LIBRARY_PATH=/home/eashan/BuckeyeVerticalSoftware_v2/install/px4_msgs/lib:/opt/ros/humble/opt/rviz_ogre_vendor/lib:/opt/ros/humble/lib/x86_64-linux-gnu:/opt/ros/humble/lib:/usr/local/cuda-12.6/lib64:/usr/local/cuda-12.6/lib64 PYTHONPATH=/home/eashan/BuckeyeVerticalSoftware_v2/install/px4_msgs/local/lib/python3.10/dist-packages:${PYTHONPATH} /usr/bin/cmake --build /home/eashan/BuckeyeVerticalSoftware_v2/build/px4_ros_com -- -j4 -l4
