[0.000000] (-) TimerEvent: {}
[0.001372] (px4_msgs) JobQueued: {'identifier': 'px4_msgs', 'dependencies': OrderedDict()}
[0.001455] (px4_ros_com) JobQueued: {'identifier': 'px4_ros_com', 'dependencies': OrderedDict([('px4_msgs', '/home/eashan/BuckeyeVerticalSoftware_v2/install/px4_msgs')])}
[0.001489] (px4_msgs) JobStarted: {'identifier': 'px4_msgs'}
[0.030990] (px4_msgs) JobProgress: {'identifier': 'px4_msgs', 'progress': 'cmake'}
[0.045271] (px4_msgs) JobProgress: {'identifier': 'px4_msgs', 'progress': 'build'}
[0.046120] (px4_msgs) Command: {'cmd': ['/usr/bin/cmake', '--build', '/home/eashan/BuckeyeVerticalSoftware_v2/build/px4_msgs', '--', '-j4', '-l4'], 'cwd': '/home/eashan/BuckeyeVerticalSoftware_v2/build/px4_msgs', 'env': OrderedDict([('LESSOPEN', '| /usr/bin/lesspipe %s'), ('CONDA_PROMPT_MODIFIER', '(base)'), ('GZ_SIM_RESOURCE_PATH', ':/home/eashan/PX4-Autopilot/Tools/simulation/gz/models:/home/eashan/PX4-Autopilot/Tools/simulation/gz/worlds:/home/eashan/PX4-Autopilot/Tools/simulation/gz/models:/home/eashan/PX4-Autopilot/Tools/simulation/gz/worlds'), ('USER', 'eashan'), ('GIT_ASKPASS', '/home/eashan/.vscode-server/bin/91fbdddc47bc9c09064bf7acf133d22631cbf083/extensions/git/dist/askpass.sh'), ('SHLVL', '1'), ('LD_LIBRARY_PATH', '/home/eashan/BuckeyeVerticalSoftware_v2/install/px4_ros_com/lib:/home/eashan/BuckeyeVerticalSoftware_v2/install/px4_msgs/lib:/opt/ros/humble/opt/rviz_ogre_vendor/lib:/opt/ros/humble/lib/x86_64-linux-gnu:/opt/ros/humble/lib:/usr/local/cuda-12.6/lib64:/usr/local/cuda-12.6/lib64:'), ('MOTD_SHOWN', 'update-motd'), ('HOME', '/home/eashan'), ('CONDA_SHLVL', '1'), ('TERM_PROGRAM_VERSION', '1.96.3'), ('VSCODE_IPC_HOOK_CLI', '/run/user/1000/vscode-ipc-05833269-36ea-4ba6-8ee5-b99cc50eee92.sock'), ('ROS_PYTHON_VERSION', '3'), ('VSCODE_GIT_ASKPASS_MAIN', '/home/eashan/.vscode-server/bin/91fbdddc47bc9c09064bf7acf133d22631cbf083/extensions/git/dist/askpass-main.js'), ('VSCODE_GIT_ASKPASS_NODE', '/home/eashan/.vscode-server/bin/91fbdddc47bc9c09064bf7acf133d22631cbf083/node'), ('DBUS_SESSION_BUS_ADDRESS', 'unix:path=/run/user/1000/bus'), ('COLORTERM', 'truecolor'), ('_CE_M', ''), ('WSL_DISTRO_NAME', 'Ubuntu'), ('WAYLAND_DISPLAY', 'wayland-0'), ('COLCON_PREFIX_PATH', '/home/eashan/BuckeyeVerticalSoftware_v2/install'), ('ROS_DISTRO', 'humble'), ('LOGNAME', 'eashan'), ('NAME', 'EashanXPS15'), ('WSL_INTEROP', '/run/WSL/741_interop'), ('PULSE_SERVER', 'unix:/mnt/wslg/PulseServer'), ('_', '/usr/bin/colcon'), ('ROS_VERSION', '2'), ('TERM', 'xterm-256color'), ('_CE_CONDA', ''), ('ROS_LOCALHOST_ONLY', '0'), ('PATH', '/opt/ros/humble/bin:/usr/local/cuda-12.6/bin:/home/eashan/.vscode-server/bin/91fbdddc47bc9c09064bf7acf133d22631cbf083/bin/remote-cli:/opt/gcc-arm-none-eabi-9-2020-q2-update/bin:/home/eashan/.local/bin:/usr/local/cuda-12.6/bin:/home/eashan/miniconda3/bin:/home/eashan/miniconda3/condabin:/usr/local/sbin:/usr/local/bin:/usr/sbin:/usr/bin:/sbin:/bin:/usr/games:/usr/local/games:/usr/lib/wsl/lib:/mnt/c/Program Files/Eclipse Adoptium/jdk-17.0.8.7-hotspot/bin:/mnt/c/Program Files/NVIDIA GPU Computing Toolkit/CUDA/v12.1/bin:/mnt/c/Program Files/NVIDIA GPU Computing Toolkit/CUDA/v12.1/libnvvp:/mnt/c/Program Files/Common Files/Oracle/Java/javapath:/mnt/c/Program Files (x86)/NVIDIA Corporation/PhysX/Common:/mnt/c/Windows/system32:/mnt/c/Windows:/mnt/c/Windows/System32/Wbem:/mnt/c/Windows/System32/WindowsPowerShell/v1.0:/mnt/c/Windows/System32/OpenSSH:/mnt/c/Program Files/dotnet:/mnt/c/Program Files/NVIDIA Corporation/NVIDIA NvDLISR:/mnt/c/Program Files/Microsoft SQL Server/Client SDK/ODBC/170/Tools/Binn:/mnt/c/Program Files (x86)/Microsoft SQL Server/150/Tools/Binn:/mnt/c/Program Files/Microsoft SQL Server/150/Tools/Binn:/mnt/c/Program Files/Microsoft SQL Server/150/DTS/Binn:/mnt/c/Program Files (x86)/Windows Kits/8.1/Windows Performance Toolkit:/mnt/c/Program Files/PuTTY:/mnt/c/Program Files/nodejs:/mnt/c/Program Files (x86)/MAVProxy:/mnt/c/Program Files/NVIDIA Corporation/Nsight Compute 2023.1.0:/mnt/c/Program Files/MATLAB/R2023a/runtime/win64:/mnt/c/Program Files/MATLAB/R2023a/bin:/mnt/c/Program Files/Git/cmd:/mnt/c/Program Files/usbipd-win:/mnt/c/Program Files/Docker/Docker/resources/bin:/mnt/c/Program Files (x86)/Pulse Secure/VC142.CRT/X64:/mnt/c/Program Files (x86)/Pulse Secure/VC142.CRT/X86:/mnt/c/Program Files (x86)/Common Files/Pulse Secure/TNC Client Plugin:/mnt/c/Program Files (x86)/10 2020-q4-major/bin:/mnt/c/Users/easha/AppData/Local/Microsoft/WindowsApps:/mnt/c/Users/easha/AppData/Local/Programs/Microsoft VS Code/bin:/mnt/c/Users/easha/AppData/Local/GitHubDesktop/bin:/mnt/c/Users/easha/AppData/Roaming/npm:/mnt/c/Program Files/JetBrains/IntelliJ IDEA Community Edition 2022.3.2/bin:/mnt/c/Gradle/gradle-8.2.1/bin:/mnt/c/Users/easha/AppData/Local/Google/Cloud SDK/google-cloud-sdk/bin:/mnt/c/MinGW/bin:/mnt/c/Program Files/CMake/bin:/mnt/c/MinGW/mi豮ڐч芸}芠}:/mnt/c/FEH/Proteus/git/bin:/mnt/c/gcc-arm-none-eabi-10.3-2021.10/bin:/mnt/c/users/easha/appdata/local/packages/pythonsoftwarefoundation.python.3.10_qbz5n2kfra8p0/localcache/local-packages/python310/scripts:/mnt/c/users/easha/.local/bin:/mnt/c/Data/TensorRT-10.1.0.27/lib:/mnt/c/Users/easha/AppData/Local/Muse Hub/lib:/mnt/c/Program Files (x86)/Nmap:/snap/bin:/home/eashan/.vscode-server/data/User/globalStorage/github.copilot-chat/debugCommand'), ('XDG_RUNTIME_DIR', '/run/user/1000/'), ('DISPLAY', ':0'), ('LANG', 'en_US.UTF-8'), ('LS_COLORS', 'rs=0:di=01;34:ln=01;36:mh=00:pi=40;33:so=01;35:do=01;35:bd=40;33;01:cd=40;33;01:or=40;31;01:mi=00:su=37;41:sg=30;43:ca=30;41:tw=30;42:ow=34;42:st=37;44:ex=01;32:*.tar=01;31:*.tgz=01;31:*.arc=01;31:*.arj=01;31:*.taz=01;31:*.lha=01;31:*.lz4=01;31:*.lzh=01;31:*.lzma=01;31:*.tlz=01;31:*.txz=01;31:*.tzo=01;31:*.t7z=01;31:*.zip=01;31:*.z=01;31:*.dz=01;31:*.gz=01;31:*.lrz=01;31:*.lz=01;31:*.lzo=01;31:*.xz=01;31:*.zst=01;31:*.tzst=01;31:*.bz2=01;31:*.bz=01;31:*.tbz=01;31:*.tbz2=01;31:*.tz=01;31:*.deb=01;31:*.rpm=01;31:*.jar=01;31:*.war=01;31:*.ear=01;31:*.sar=01;31:*.rar=01;31:*.alz=01;31:*.ace=01;31:*.zoo=01;31:*.cpio=01;31:*.7z=01;31:*.rz=01;31:*.cab=01;31:*.wim=01;31:*.swm=01;31:*.dwm=01;31:*.esd=01;31:*.jpg=01;35:*.jpeg=01;35:*.mjpg=01;35:*.mjpeg=01;35:*.gif=01;35:*.bmp=01;35:*.pbm=01;35:*.pgm=01;35:*.ppm=01;35:*.tga=01;35:*.xbm=01;35:*.xpm=01;35:*.tif=01;35:*.tiff=01;35:*.png=01;35:*.svg=01;35:*.svgz=01;35:*.mng=01;35:*.pcx=01;35:*.mov=01;35:*.mpg=01;35:*.mpeg=01;35:*.m2v=01;35:*.mkv=01;35:*.webm=01;35:*.webp=01;35:*.ogm=01;35:*.mp4=01;35:*.m4v=01;35:*.mp4v=01;35:*.vob=01;35:*.qt=01;35:*.nuv=01;35:*.wmv=01;35:*.asf=01;35:*.rm=01;35:*.rmvb=01;35:*.flc=01;35:*.avi=01;35:*.fli=01;35:*.flv=01;35:*.gl=01;35:*.dl=01;35:*.xcf=01;35:*.xwd=01;35:*.yuv=01;35:*.cgm=01;35:*.emf=01;35:*.ogv=01;35:*.ogx=01;35:*.aac=00;36:*.au=00;36:*.flac=00;36:*.m4a=00;36:*.mid=00;36:*.midi=00;36:*.mka=00;36:*.mp3=00;36:*.mpc=00;36:*.ogg=00;36:*.ra=00;36:*.wav=00;36:*.oga=00;36:*.opus=00;36:*.spx=00;36:*.xspf=00;36:'), ('VSCODE_GIT_IPC_HANDLE', '/run/user/1000/vscode-git-ec57a2a9df.sock'), ('TERM_PROGRAM', 'vscode'), ('AMENT_PREFIX_PATH', '/home/eashan/BuckeyeVerticalSoftware_v2/install/px4_ros_com:/home/eashan/BuckeyeVerticalSoftware_v2/install/px4_msgs:/opt/ros/humble'), ('CONDA_PYTHON_EXE', '/home/eashan/miniconda3/bin/python'), ('SHELL', '/bin/bash'), ('LESSCLOSE', '/usr/bin/lesspipe %s %s'), ('CONDA_DEFAULT_ENV', 'base'), ('VSCODE_GIT_ASKPASS_EXTRA_ARGS', ''), ('PWD', '/home/eashan/BuckeyeVerticalSoftware_v2/build/px4_msgs'), ('CUDA_HOME', '/usr/local/cuda-12.6'), ('CONDA_EXE', '/home/eashan/miniconda3/bin/conda'), ('XDG_DATA_DIRS', '/usr/local/share:/usr/share:/var/lib/snapd/desktop'), ('PYTHONPATH', '/home/eashan/BuckeyeVerticalSoftware_v2/install/px4_ros_com/local/lib/python3.10/dist-packages:/home/eashan/BuckeyeVerticalSoftware_v2/install/px4_msgs/local/lib/python3.10/dist-packages:/opt/ros/humble/lib/python3.10/site-packages:/opt/ros/humble/local/lib/python3.10/dist-packages'), ('CONDA_PREFIX', '/home/eashan/miniconda3'), ('COLCON', '1'), ('WSL2_GUI_APPS_ENABLED', '1'), ('HOSTTYPE', 'x86_64'), ('CMAKE_PREFIX_PATH', '/home/eashan/BuckeyeVerticalSoftware_v2/install/px4_ros_com:/home/eashan/BuckeyeVerticalSoftware_v2/install/px4_msgs:/opt/ros/humble'), ('WSLENV', 'VSCODE_WSL_EXT_LOCATION/up:VSCODE_SERVER_TAR/up')]), 'shell': False}
[0.098442] (-) TimerEvent: {}
[0.198971] (-) TimerEvent: {}
[0.299646] (-) TimerEvent: {}
[0.400275] (-) TimerEvent: {}
[0.500997] (-) TimerEvent: {}
[0.601467] (-) TimerEvent: {}
[0.701918] (-) TimerEvent: {}
[0.802606] (-) TimerEvent: {}
[0.903021] (-) TimerEvent: {}
[1.003432] (-) TimerEvent: {}
[1.104097] (-) TimerEvent: {}
[1.135026] (px4_msgs) StdoutLine: {'line': b'[  0%] Built target px4_msgs__cpp\n'}
[1.204232] (-) TimerEvent: {}
[1.230500] (px4_msgs) StdoutLine: {'line': b'[ 12%] Built target px4_msgs__rosidl_generator_c\n'}
[1.304328] (-) TimerEvent: {}
[1.343679] (px4_msgs) StdoutLine: {'line': b'[ 24%] Built target px4_msgs__rosidl_typesupport_cpp\n'}
[1.366808] (px4_msgs) StdoutLine: {'line': b'[ 24%] Built target ament_cmake_python_copy_px4_msgs\n'}
[1.404777] (-) TimerEvent: {}
[1.505082] (-) TimerEvent: {}
[1.511878] (px4_msgs) StdoutLine: {'line': b'[ 36%] Built target px4_msgs__rosidl_typesupport_fastrtps_cpp\n'}
[1.605199] (-) TimerEvent: {}
[1.636205] (px4_msgs) StdoutLine: {'line': b'[ 49%] Built target px4_msgs__rosidl_typesupport_fastrtps_c\n'}
[1.645821] (px4_msgs) StdoutLine: {'line': b'[ 62%] Built target px4_msgs__rosidl_typesupport_introspection_cpp\n'}
[1.705327] (-) TimerEvent: {}
[1.804583] (px4_msgs) StdoutLine: {'line': b'[ 75%] Built target px4_msgs__rosidl_typesupport_c\n'}
[1.805398] (-) TimerEvent: {}
[1.819271] (px4_msgs) StdoutLine: {'line': b'[ 88%] Built target px4_msgs__rosidl_typesupport_introspection_c\n'}
[1.849116] (px4_msgs) StdoutLine: {'line': b'[ 88%] Built target px4_msgs\n'}
[1.904379] (px4_msgs) StdoutLine: {'line': b'[ 88%] Built target px4_msgs__py\n'}
[1.905495] (-) TimerEvent: {}
[2.005763] (-) TimerEvent: {}
[2.106073] (-) TimerEvent: {}
[2.206367] (-) TimerEvent: {}
[2.225914] (px4_msgs) StdoutLine: {'line': b'[100%] Built target px4_msgs__rosidl_generator_py\n'}
[2.306490] (-) TimerEvent: {}
[2.384546] (px4_msgs) StdoutLine: {'line': b'[100%] Built target px4_msgs__rosidl_typesupport_fastrtps_c__pyext\n'}
[2.406606] (-) TimerEvent: {}
[2.438964] (px4_msgs) StdoutLine: {'line': b'running egg_info\n'}
[2.440306] (px4_msgs) StdoutLine: {'line': b'[100%] Built target px4_msgs__rosidl_typesupport_introspection_c__pyext\n'}
[2.462281] (px4_msgs) StdoutLine: {'line': b'writing px4_msgs.egg-info/PKG-INFO\n'}
[2.463653] (px4_msgs) StdoutLine: {'line': b'writing dependency_links to px4_msgs.egg-info/dependency_links.txt\n'}
[2.464598] (px4_msgs) StdoutLine: {'line': b'writing top-level names to px4_msgs.egg-info/top_level.txt\n'}
[2.506725] (-) TimerEvent: {}
[2.523330] (px4_msgs) StdoutLine: {'line': b'[100%] Built target px4_msgs__rosidl_typesupport_c__pyext\n'}
[2.553449] (px4_msgs) StdoutLine: {'line': b"reading manifest file 'px4_msgs.egg-info/SOURCES.txt'\n"}
[2.576813] (px4_msgs) StdoutLine: {'line': b"writing manifest file 'px4_msgs.egg-info/SOURCES.txt'\n"}
[2.606857] (-) TimerEvent: {}
[2.624522] (px4_msgs) StdoutLine: {'line': b'[100%] Built target ament_cmake_python_build_px4_msgs_egg\n'}
[2.672349] (px4_msgs) CommandEnded: {'returncode': 0}
[2.706985] (-) TimerEvent: {}
[2.811727] (-) TimerEvent: {}
[2.912803] (-) TimerEvent: {}
[3.013989] (-) TimerEvent: {}
[3.115136] (-) TimerEvent: {}
[3.215582] (-) TimerEvent: {}
[3.322303] (-) TimerEvent: {}
[3.422663] (-) TimerEvent: {}
[3.523048] (-) TimerEvent: {}
[3.623405] (-) TimerEvent: {}
[3.725559] (-) TimerEvent: {}
[3.825920] (-) TimerEvent: {}
[3.926310] (-) TimerEvent: {}
[4.026748] (-) TimerEvent: {}
[4.127116] (-) TimerEvent: {}
[4.227493] (-) TimerEvent: {}
[4.328034] (-) TimerEvent: {}
[4.428512] (-) TimerEvent: {}
[4.528807] (-) TimerEvent: {}
[4.629168] (-) TimerEvent: {}
[4.729602] (-) TimerEvent: {}
[4.829956] (-) TimerEvent: {}
[4.930288] (-) TimerEvent: {}
[5.030721] (-) TimerEvent: {}
[5.131033] (-) TimerEvent: {}
[5.231349] (-) TimerEvent: {}
[5.334324] (-) TimerEvent: {}
[5.434640] (-) TimerEvent: {}
[5.534941] (-) TimerEvent: {}
[5.635266] (-) TimerEvent: {}
[5.735573] (-) TimerEvent: {}
[5.835904] (-) TimerEvent: {}
[5.936339] (-) TimerEvent: {}
[6.036773] (-) TimerEvent: {}
[6.137157] (-) TimerEvent: {}
[6.237462] (-) TimerEvent: {}
[6.337786] (-) TimerEvent: {}
[6.438174] (-) TimerEvent: {}
[6.538648] (-) TimerEvent: {}
[6.639320] (-) TimerEvent: {}
[6.739634] (-) TimerEvent: {}
[6.839929] (-) TimerEvent: {}
[6.940278] (-) TimerEvent: {}
[7.040788] (-) TimerEvent: {}
[7.141511] (-) TimerEvent: {}
[7.242303] (-) TimerEvent: {}
[7.342651] (-) TimerEvent: {}
[7.443024] (-) TimerEvent: {}
[7.543760] (-) TimerEvent: {}
[7.644052] (-) TimerEvent: {}
[7.744420] (-) TimerEvent: {}
[7.845162] (-) TimerEvent: {}
[7.945449] (-) TimerEvent: {}
[8.045947] (-) TimerEvent: {}
[8.146418] (-) TimerEvent: {}
[8.247154] (-) TimerEvent: {}
[8.347707] (-) TimerEvent: {}
[8.448173] (-) TimerEvent: {}
[8.548761] (-) TimerEvent: {}
[8.649229] (-) TimerEvent: {}
[8.749767] (-) TimerEvent: {}
[8.850100] (-) TimerEvent: {}
[8.950452] (-) TimerEvent: {}
[9.050795] (-) TimerEvent: {}
[9.151186] (-) TimerEvent: {}
[9.251568] (-) TimerEvent: {}
[9.351923] (-) TimerEvent: {}
[9.452352] (-) TimerEvent: {}
[9.552686] (-) TimerEvent: {}
[9.653122] (-) TimerEvent: {}
[9.753476] (-) TimerEvent: {}
[9.853874] (-) TimerEvent: {}
[9.954586] (-) TimerEvent: {}
[10.055043] (-) TimerEvent: {}
[10.155725] (-) TimerEvent: {}
[10.256103] (-) TimerEvent: {}
[10.356555] (-) TimerEvent: {}
[10.457168] (-) TimerEvent: {}
[10.557863] (-) TimerEvent: {}
[10.658605] (-) TimerEvent: {}
[10.759302] (-) TimerEvent: {}
[10.859616] (-) TimerEvent: {}
[10.960102] (-) TimerEvent: {}
[11.060656] (-) TimerEvent: {}
[11.161021] (-) TimerEvent: {}
[11.261442] (-) TimerEvent: {}
[11.361872] (-) TimerEvent: {}
[11.462323] (-) TimerEvent: {}
[11.562828] (-) TimerEvent: {}
[11.663147] (-) TimerEvent: {}
[11.763458] (-) TimerEvent: {}
[11.863798] (-) TimerEvent: {}
[11.964139] (-) TimerEvent: {}
[12.065304] (-) TimerEvent: {}
[12.165757] (-) TimerEvent: {}
[12.266527] (-) TimerEvent: {}
[12.300386] (px4_msgs) StderrLine: {'line': b'Traceback (most recent call last):\n  File "/usr/lib/python3/dist-packages/colcon_parallel_executor/executor/parallel.py", line 75, in execute\n    loop.run_until_complete(future)\n  File "/usr/lib/python3.10/asyncio/base_events.py", line 636, in run_until_complete\n    self.run_forever()\n  File "/usr/lib/python3.10/asyncio/base_events.py", line 603, in run_forever\n    self._run_once()\n  File "/usr/lib/python3.10/asyncio/base_events.py", line 1871, in _run_once\n    event_list = self._selector.select(timeout)\n  File "/usr/lib/python3.10/selectors.py", line 469, in select\n    fd_event_list = self._selector.poll(timeout, max_ev)\nKeyboardInterrupt\n\nDuring handling of the above exception, another exception occurred:\n\nTraceback (most recent call last):\n  File "/usr/lib/python3/dist-packages/colcon_core/executor/__init__.py", line 91, in __call__\n    rc = await self.task(*args, **kwargs)\n  File "/usr/lib/python3/dist-packages/colcon_core/task/__init__.py", line 93, in __call__\n    return await task_method(*args, **kwargs)\n  File "/usr/lib/python3/dist-packages/colcon_ros/task/ament_cmake/build.py", line 59, in build\n    rc = await extension.build(\n  File "/usr/lib/python3/dist-packages/colcon_cmake/task/cmake/build.py", line 110, in build\n    if await has_target(args.build_base, \'install\'):\n  File "/usr/lib/python3/dist-packages/colcon_cmake/task/cmake/__init__.py", line 57, in has_target\n    return target in await get_makefile_targets(path)\n  File "/usr/lib/python3/dist-packages/colcon_cmake/task/cmake/__init__.py", line 77, in get_makefile_targets\n    output = await check_output([\n  File "/usr/lib/python3/dist-packages/colcon_core/subprocess.py", line 129, in check_output\n    assert not rc, f\'Expected {args} to pass: {stderr_data}\'\nAssertionError: Expected [\'/usr/bin/cmake\', \'--build\', \'/home/eashan/BuckeyeVerticalSoftware_v2/build/px4_msgs\', \'--target\', \'help\'] to pass: gmake: *** [Makefile:48340: help] Interrupt\n\n'}
[12.300656] (px4_msgs) JobEnded: {'identifier': 'px4_msgs', 'rc': 'SIGINT'}
[12.311273] (px4_ros_com) JobSkipped: {'identifier': 'px4_ros_com'}
[12.311408] (-) EventReactorShutdown: {}
