[0.089s] Invoking command in '/home/kvvnbs/BuckeyeVerticalSoftwareV2/build/px4_ros_com': CMAKE_PREFIX_PATH=/home/kvvnbs/BuckeyeVerticalSoftwareV2/install/px4_msgs:/home/kvvnbs/BuckeyeVerticalSoftwareV2/install/px4_ros_com:/opt/ros/humble LD_LIBRARY_PATH=/home/kvvnbs/BuckeyeVerticalSoftwareV2/install/px4_msgs/lib:/home/kvvnbs/BuckeyeVerticalSoftwareV2/install/px4_ros_com/lib:/opt/ros/humble/opt/rviz_ogre_vendor/lib:/opt/ros/humble/lib/x86_64-linux-gnu:/opt/ros/humble/lib /usr/bin/cmake --build /home/kvvnbs/BuckeyeVerticalSoftwareV2/build/px4_ros_com -- -j16 -l16
[0.124s] [  5%] [32mBuilding CXX object CMakeFiles/traj_test_copy.dir/src/traj_test_copy.cpp.o[0m
[0.125s] [ 11%] [32mBuilding CXX object CMakeFiles/traj_test_copy.dir/src/motionProfiling.cpp.o[0m
[0.125s] [ 17%] [32mBuilding CXX object CMakeFiles/traj_test_copy.dir/src/rviz_utils.cpp.o[0m
[0.125s] [ 23%] [32mBuilding CXX object CMakeFiles/traj_test_copy.dir/src/lib/frame_transforms.cpp.o[0m
[0.128s] [ 35%] Built target frame_transforms
[0.130s] [ 35%] Built target ament_cmake_python_copy_px4_ros_com
[0.131s] In file included from [01m[K/home/kvvnbs/BuckeyeVerticalSoftwareV2/src/px4_ros_com/src/rviz_utils.cpp:1[m[K:
[0.131s] [01m[K/home/kvvnbs/BuckeyeVerticalSoftwareV2/src/px4_ros_com/include/rviz_utils.h:1:10:[m[K [01;31m[Kfatal error: [m[Kvisualization_msgs/msg/marker.hpp: No such file or directory
[0.131s]     1 | #include [01;31m[K<visualization_msgs/msg/marker.hpp>[m[K
[0.132s]       |          [01;31m[K^~~~~~~~~~~~~~~~~~~~~~~~~~~~~~~~~~~[m[K
[0.132s] compilation terminated.
[0.132s] In file included from [01m[K/home/kvvnbs/BuckeyeVerticalSoftwareV2/src/px4_ros_com/src/lib/frame_transforms.cpp:41[m[K:
[0.132s] [01m[K/home/kvvnbs/BuckeyeVerticalSoftwareV2/src/px4_ros_com/include/px4_ros_com/frame_transforms.h:45:10:[m[K [01;31m[Kfatal error: [m[KEigen/Eigen: No such file or directory
[0.132s]    45 | #include [01;31m[K<Eigen/Eigen>[m[K
[0.132s]       |          [01;31m[K^~~~~~~~~~~~~[m[K
[0.133s] compilation terminated.
[0.133s] gmake[2]: *** [CMakeFiles/traj_test_copy.dir/build.make:104: CMakeFiles/traj_test_copy.dir/src/rviz_utils.cpp.o] Error 1
[0.133s] gmake[2]: *** Waiting for unfinished jobs....
[0.133s] [01m[K/home/kvvnbs/BuckeyeVerticalSoftwareV2/src/px4_ros_com/src/traj_test_copy.cpp:1:10:[m[K [01;31m[Kfatal error: [m[Kpx4_msgs/msg/offboard_control_mode.hpp: No such file or directory
[0.133s]     1 | #include [01;31m[K<px4_msgs/msg/offboard_control_mode.hpp>[m[K
[0.133s]       |          [01;31m[K^~~~~~~~~~~~~~~~~~~~~~~~~~~~~~~~~~~~~~~~[m[K
[0.133s] compilation terminated.
[0.133s] gmake[2]: *** [CMakeFiles/traj_test_copy.dir/build.make:118: CMakeFiles/traj_test_copy.dir/src/lib/frame_transforms.cpp.o] Error 1
[0.134s] gmake[2]: *** [CMakeFiles/traj_test_copy.dir/build.make:76: CMakeFiles/traj_test_copy.dir/src/traj_test_copy.cpp.o] Error 1
[0.136s] [ 64%] Built target test_trajectory
[0.136s] [ 94%] Built target traj_test
[0.217s] In file included from [01m[K/home/kvvnbs/BuckeyeVerticalSoftwareV2/src/px4_ros_com/src/motionProfiling.cpp:1[m[K:
[0.217s] [01m[K/home/kvvnbs/BuckeyeVerticalSoftwareV2/src/px4_ros_com/include/motionProfiling.h:6:10:[m[K [01;31m[Kfatal error: [m[Kvisualization_msgs/msg/marker.hpp: No such file or directory
[0.217s]     6 | #include [01;31m[K<visualization_msgs/msg/marker.hpp>[m[K
[0.217s]       |          [01;31m[K^~~~~~~~~~~~~~~~~~~~~~~~~~~~~~~~~~~[m[K
[0.217s] compilation terminated.
[0.218s] gmake[2]: *** [CMakeFiles/traj_test_copy.dir/build.make:90: CMakeFiles/traj_test_copy.dir/src/motionProfiling.cpp.o] Error 1
[0.219s] gmake[1]: *** [CMakeFiles/Makefile2:198: CMakeFiles/traj_test_copy.dir/all] Error 2
[0.219s] gmake[1]: *** Waiting for unfinished jobs....
[0.305s] running egg_info
[0.306s] writing px4_ros_com.egg-info/PKG-INFO
[0.306s] writing dependency_links to px4_ros_com.egg-info/dependency_links.txt
[0.306s] writing top-level names to px4_ros_com.egg-info/top_level.txt
[0.308s] reading manifest file 'px4_ros_com.egg-info/SOURCES.txt'
[0.308s] writing manifest file 'px4_ros_com.egg-info/SOURCES.txt'
[0.327s] [ 94%] Built target ament_cmake_python_build_px4_ros_com_egg
[0.328s] gmake: *** [Makefile:146: all] Error 2
[0.330s] Invoked command in '/home/kvvnbs/BuckeyeVerticalSoftwareV2/build/px4_ros_com' returned '2': CMAKE_PREFIX_PATH=/home/kvvnbs/BuckeyeVerticalSoftwareV2/install/px4_msgs:/home/kvvnbs/BuckeyeVerticalSoftwareV2/install/px4_ros_com:/opt/ros/humble LD_LIBRARY_PATH=/home/kvvnbs/BuckeyeVerticalSoftwareV2/install/px4_msgs/lib:/home/kvvnbs/BuckeyeVerticalSoftwareV2/install/px4_ros_com/lib:/opt/ros/humble/opt/rviz_ogre_vendor/lib:/opt/ros/humble/lib/x86_64-linux-gnu:/opt/ros/humble/lib /usr/bin/cmake --build /home/kvvnbs/BuckeyeVerticalSoftwareV2/build/px4_ros_com -- -j16 -l16
