[0.096s] Invoking command in '/home/kvvnbs/BuckeyeVerticalSoftwareV2/build/px4_ros_com': CMAKE_PREFIX_PATH=/home/kvvnbs/BuckeyeVerticalSoftwareV2/install/px4_msgs:/home/kvvnbs/BuckeyeVerticalSoftwareV2/install/px4_ros_com:/opt/ros/humble LD_LIBRARY_PATH=/home/kvvnbs/BuckeyeVerticalSoftwareV2/install/px4_msgs/lib:/home/kvvnbs/BuckeyeVerticalSoftwareV2/install/px4_ros_com/lib:/opt/ros/humble/opt/rviz_ogre_vendor/lib:/opt/ros/humble/lib/x86_64-linux-gnu:/opt/ros/humble/lib /usr/bin/cmake --build /home/kvvnbs/BuckeyeVerticalSoftwareV2/build/px4_ros_com -- -j16 -l16
[0.125s] [35m[1mConsolidate compiler generated dependencies of target traj_test_copy[0m
[0.129s] [ 11%] Built target frame_transforms
[0.133s] [ 11%] Built target ament_cmake_python_copy_px4_ros_com
[0.134s] [ 41%] Built target traj_test
[0.135s] [ 70%] Built target test_trajectory
[0.145s] [ 76%] [32mBuilding CXX object CMakeFiles/traj_test_copy.dir/src/traj_test_copy.cpp.o[0m
[0.146s] [ 82%] [32mBuilding CXX object CMakeFiles/traj_test_copy.dir/src/motionProfiling.cpp.o[0m
[0.338s] running egg_info
[0.338s] writing px4_ros_com.egg-info/PKG-INFO
[0.339s] writing dependency_links to px4_ros_com.egg-info/dependency_links.txt
[0.339s] writing top-level names to px4_ros_com.egg-info/top_level.txt
[0.340s] reading manifest file 'px4_ros_com.egg-info/SOURCES.txt'
[0.341s] writing manifest file 'px4_ros_com.egg-info/SOURCES.txt'
[0.359s] [ 82%] Built target ament_cmake_python_build_px4_ros_com_egg
[2.338s] In file included from [01m[K/home/kvvnbs/BuckeyeVerticalSoftwareV2/src/px4_ros_com/src/motionProfiling.cpp:1[m[K:
[2.338s] [01m[K/home/kvvnbs/BuckeyeVerticalSoftwareV2/src/px4_ros_com/include/motionProfiling.h:[m[K In constructor â€˜[01m[KMotionProfiling::MotionProfiling(double, double, const std::vector<Eigen::Matrix<float, 3, 1> >*)[m[Kâ€™:
[2.338s] [01m[K/home/kvvnbs/BuckeyeVerticalSoftwareV2/src/px4_ros_com/include/motionProfiling.h:33:22:[m[K [01;35m[Kwarning: [m[Kstatement has no effect [[01;35m[K]8;;https://gcc.gnu.org/onlinedocs/gcc/Warning-Options.html#index-Wunused-value-Wunused-value]8;;[m[K]
[2.338s]    33 |         [01;35m[Kthis->vScale - 0.0[m[K;
[2.338s]       |         [01;35m[K~~~~~~~~~~~~~^~~~~[m[K
[2.339s] [01m[K/home/kvvnbs/BuckeyeVerticalSoftwareV2/src/px4_ros_com/src/motionProfiling.cpp:[m[K In member function â€˜[01m[Kfloat MotionProfiling::getTimeScaledParameter(float) const[m[Kâ€™:
[2.339s] [01m[K/home/kvvnbs/BuckeyeVerticalSoftwareV2/src/px4_ros_com/src/motionProfiling.cpp:26:16:[m[K [01;31m[Kerror: [m[Kassignment of member â€˜[01m[KMotionProfiling::vScale[m[Kâ€™ in read-only object
[2.339s]    26 |         [01;31m[KvScale = a * t[m[K;
[2.339s]       |         [01;31m[K~~~~~~~^~~~~~~[m[K
[2.339s] [01m[K/home/kvvnbs/BuckeyeVerticalSoftwareV2/src/px4_ros_com/src/motionProfiling.cpp:33:16:[m[K [01;31m[Kerror: [m[Kassignment of member â€˜[01m[KMotionProfiling::vScale[m[Kâ€™ in read-only object
[2.339s]    33 |         [01;31m[KvScale = vmax[m[K;
[2.339s]       |         [01;31m[K~~~~~~~^~~~~~[m[K
[2.339s] [01m[K/home/kvvnbs/BuckeyeVerticalSoftwareV2/src/px4_ros_com/src/motionProfiling.cpp:39:16:[m[K [01;31m[Kerror: [m[Kassignment of member â€˜[01m[KMotionProfiling::vScale[m[Kâ€™ in read-only object
[2.339s]    39 |         [01;31m[KvScale = a * t[m[K;
[2.339s]       |         [01;31m[K~~~~~~~^~~~~~~[m[K
[2.339s] [01m[K/home/kvvnbs/BuckeyeVerticalSoftwareV2/src/px4_ros_com/src/motionProfiling.cpp:46:12:[m[K [01;31m[Kerror: [m[Kassignment of member â€˜[01m[KMotionProfiling::vScale[m[Kâ€™ in read-only object
[2.339s]    46 |     [01;31m[KvScale = vScale / vmax[m[K;
[2.339s]       |     [01;31m[K~~~~~~~^~~~~~~~~~~~~~~[m[K
[2.339s] [01m[K/home/kvvnbs/BuckeyeVerticalSoftwareV2/src/px4_ros_com/src/motionProfiling.cpp:[m[K In member function â€˜[01m[Kfloat MotionProfiling::getvScale()[m[Kâ€™:
[2.339s] [01m[K/home/kvvnbs/BuckeyeVerticalSoftwareV2/src/px4_ros_com/src/motionProfiling.cpp:54:18:[m[K [01;31m[Kerror: [m[Kexpected â€˜[01m[K;[m[Kâ€™ before â€˜[01m[K}[m[Kâ€™ token
[2.339s]    54 |     return vScale
[2.339s]       |                  [01;31m[K^[m[K
[2.339s]       |                  [32m[K;[m[K
[2.339s]    55 | [32m[K}[m[K
[2.339s]       | [32m[K~[m[K                 
[2.376s] In file included from [01m[K/home/kvvnbs/BuckeyeVerticalSoftwareV2/src/px4_ros_com/src/traj_test_copy.cpp:10[m[K:
[2.376s] [01m[K/home/kvvnbs/BuckeyeVerticalSoftwareV2/src/px4_ros_com/include/motionProfiling.h:[m[K In constructor â€˜[01m[KMotionProfiling::MotionProfiling(double, double, const std::vector<Eigen::Matrix<float, 3, 1> >*)[m[Kâ€™:
[2.376s] [01m[K/home/kvvnbs/BuckeyeVerticalSoftwareV2/src/px4_ros_com/include/motionProfiling.h:33:22:[m[K [01;35m[Kwarning: [m[Kstatement has no effect [[01;35m[K]8;;https://gcc.gnu.org/onlinedocs/gcc/Warning-Options.html#index-Wunused-value-Wunused-value]8;;[m[K]
[2.376s]    33 |         [01;35m[Kthis->vScale - 0.0[m[K;
[2.376s]       |         [01;35m[K~~~~~~~~~~~~~^~~~~[m[K
[3.196s] gmake[2]: *** [CMakeFiles/traj_test_copy.dir/build.make:90: CMakeFiles/traj_test_copy.dir/src/motionProfiling.cpp.o] Error 1
[3.196s] gmake[2]: *** Waiting for unfinished jobs....
[9.967s] gmake[1]: *** [CMakeFiles/Makefile2:198: CMakeFiles/traj_test_copy.dir/all] Error 2
[9.967s] gmake: *** [Makefile:146: all] Error 2
[9.969s] Invoked command in '/home/kvvnbs/BuckeyeVerticalSoftwareV2/build/px4_ros_com' returned '2': CMAKE_PREFIX_PATH=/home/kvvnbs/BuckeyeVerticalSoftwareV2/install/px4_msgs:/home/kvvnbs/BuckeyeVerticalSoftwareV2/install/px4_ros_com:/opt/ros/humble LD_LIBRARY_PATH=/home/kvvnbs/BuckeyeVerticalSoftwareV2/install/px4_msgs/lib:/home/kvvnbs/BuckeyeVerticalSoftwareV2/install/px4_ros_com/lib:/opt/ros/humble/opt/rviz_ogre_vendor/lib:/opt/ros/humble/lib/x86_64-linux-gnu:/opt/ros/humble/lib /usr/bin/cmake --build /home/kvvnbs/BuckeyeVerticalSoftwareV2/build/px4_ros_com -- -j16 -l16
